CRITICAL - 2023-08-28 15:21:48 --> Undefined array key 1
in APPPATH\Views\_partials\_category.php on line 30.
 1 APPPATH\Views\_partials\_category.php(30): CodeIgniter\Debug\Exceptions->errorHandler(2, 'Undefined array key 1', 'C:\\laragon\\www\\ci4curso\\app\\Views\\_partials\\_category.php', 30)
 2 SYSTEMPATH\View\View.php(224): include('C:\\laragon\\www\\ci4curso\\app\\Views\\_partials\\_category.php')
 3 SYSTEMPATH\View\View.php(227): CodeIgniter\View\View->CodeIgniter\View\{closure}()
 4 SYSTEMPATH\Common.php(1176): CodeIgniter\View\View->render('_partials/_category', [], true)
 5 APPPATH\Controllers\Category.php(50): view('_partials/_category', [...])
 6 SYSTEMPATH\CodeIgniter.php(932): App\Controllers\Category->index('culture')
 7 SYSTEMPATH\CodeIgniter.php(497): CodeIgniter\CodeIgniter->runController(Object(App\Controllers\Category))
 8 SYSTEMPATH\CodeIgniter.php(366): CodeIgniter\CodeIgniter->handleRequest(null, Object(Config\Cache), false)
 9 FCPATH\index.php(67): CodeIgniter\CodeIgniter->run()
CRITICAL - 2023-08-28 15:21:48 --> Undefined array key 1
in APPPATH\Views\_partials\_category.php on line 30.
 1 APPPATH\Views\_partials\_category.php(30): CodeIgniter\Debug\Exceptions->errorHandler(2, 'Undefined array key 1', 'C:\\laragon\\www\\ci4curso\\app\\Views\\_partials\\_category.php', 30)
 2 SYSTEMPATH\View\View.php(224): include('C:\\laragon\\www\\ci4curso\\app\\Views\\_partials\\_category.php')
 3 SYSTEMPATH\View\View.php(227): CodeIgniter\View\View->CodeIgniter\View\{closure}()
 4 SYSTEMPATH\Common.php(1176): CodeIgniter\View\View->render('_partials/_category', [], true)
 5 APPPATH\Controllers\Category.php(50): view('_partials/_category', [...])
 6 SYSTEMPATH\CodeIgniter.php(932): App\Controllers\Category->index('business')
 7 SYSTEMPATH\CodeIgniter.php(497): CodeIgniter\CodeIgniter->runController(Object(App\Controllers\Category))
 8 SYSTEMPATH\CodeIgniter.php(366): CodeIgniter\CodeIgniter->handleRequest(null, Object(Config\Cache), false)
 9 FCPATH\index.php(67): CodeIgniter\CodeIgniter->run()
CRITICAL - 2023-08-28 15:21:48 --> Undefined array key 2
in APPPATH\Views\_partials\_category.php on line 48.
 1 APPPATH\Views\_partials\_category.php(48): CodeIgniter\Debug\Exceptions->errorHandler(2, 'Undefined array key 2', 'C:\\laragon\\www\\ci4curso\\app\\Views\\_partials\\_category.php', 48)
 2 SYSTEMPATH\View\View.php(224): include('C:\\laragon\\www\\ci4curso\\app\\Views\\_partials\\_category.php')
 3 SYSTEMPATH\View\View.php(227): CodeIgniter\View\View->CodeIgniter\View\{closure}()
 4 SYSTEMPATH\Common.php(1176): CodeIgniter\View\View->render('_partials/_category', [], true)
 5 APPPATH\Controllers\Category.php(50): view('_partials/_category', [...])
 6 SYSTEMPATH\CodeIgniter.php(932): App\Controllers\Category->index('lifeStyle')
 7 SYSTEMPATH\CodeIgniter.php(497): CodeIgniter\CodeIgniter->runController(Object(App\Controllers\Category))
 8 SYSTEMPATH\CodeIgniter.php(366): CodeIgniter\CodeIgniter->handleRequest(null, Object(Config\Cache), false)
 9 FCPATH\index.php(67): CodeIgniter\CodeIgniter->run()
CRITICAL - 2023-08-28 15:22:57 --> Undefined array key 1
in APPPATH\Views\_partials\_category.php on line 30.
 1 APPPATH\Views\_partials\_category.php(30): CodeIgniter\Debug\Exceptions->errorHandler(2, 'Undefined array key 1', 'C:\\laragon\\www\\ci4curso\\app\\Views\\_partials\\_category.php', 30)
 2 SYSTEMPATH\View\View.php(224): include('C:\\laragon\\www\\ci4curso\\app\\Views\\_partials\\_category.php')
 3 SYSTEMPATH\View\View.php(227): CodeIgniter\View\View->CodeIgniter\View\{closure}()
 4 SYSTEMPATH\Common.php(1176): CodeIgniter\View\View->render('_partials/_category', [], true)
 5 APPPATH\Controllers\Category.php(50): view('_partials/_category', [...])
 6 SYSTEMPATH\CodeIgniter.php(932): App\Controllers\Category->index('culture')
 7 SYSTEMPATH\CodeIgniter.php(497): CodeIgniter\CodeIgniter->runController(Object(App\Controllers\Category))
 8 SYSTEMPATH\CodeIgniter.php(366): CodeIgniter\CodeIgniter->handleRequest(null, Object(Config\Cache), false)
 9 FCPATH\index.php(67): CodeIgniter\CodeIgniter->run()
CRITICAL - 2023-08-28 15:22:57 --> Undefined array key 1
in APPPATH\Views\_partials\_category.php on line 30.
 1 APPPATH\Views\_partials\_category.php(30): CodeIgniter\Debug\Exceptions->errorHandler(2, 'Undefined array key 1', 'C:\\laragon\\www\\ci4curso\\app\\Views\\_partials\\_category.php', 30)
 2 SYSTEMPATH\View\View.php(224): include('C:\\laragon\\www\\ci4curso\\app\\Views\\_partials\\_category.php')
 3 SYSTEMPATH\View\View.php(227): CodeIgniter\View\View->CodeIgniter\View\{closure}()
 4 SYSTEMPATH\Common.php(1176): CodeIgniter\View\View->render('_partials/_category', [], true)
 5 APPPATH\Controllers\Category.php(50): view('_partials/_category', [...])
 6 SYSTEMPATH\CodeIgniter.php(932): App\Controllers\Category->index('business')
 7 SYSTEMPATH\CodeIgniter.php(497): CodeIgniter\CodeIgniter->runController(Object(App\Controllers\Category))
 8 SYSTEMPATH\CodeIgniter.php(366): CodeIgniter\CodeIgniter->handleRequest(null, Object(Config\Cache), false)
 9 FCPATH\index.php(67): CodeIgniter\CodeIgniter->run()
CRITICAL - 2023-08-28 15:22:57 --> Undefined array key 2
in APPPATH\Views\_partials\_category.php on line 48.
 1 APPPATH\Views\_partials\_category.php(48): CodeIgniter\Debug\Exceptions->errorHandler(2, 'Undefined array key 2', 'C:\\laragon\\www\\ci4curso\\app\\Views\\_partials\\_category.php', 48)
 2 SYSTEMPATH\View\View.php(224): include('C:\\laragon\\www\\ci4curso\\app\\Views\\_partials\\_category.php')
 3 SYSTEMPATH\View\View.php(227): CodeIgniter\View\View->CodeIgniter\View\{closure}()
 4 SYSTEMPATH\Common.php(1176): CodeIgniter\View\View->render('_partials/_category', [], true)
 5 APPPATH\Controllers\Category.php(50): view('_partials/_category', [...])
 6 SYSTEMPATH\CodeIgniter.php(932): App\Controllers\Category->index('lifeStyle')
 7 SYSTEMPATH\CodeIgniter.php(497): CodeIgniter\CodeIgniter->runController(Object(App\Controllers\Category))
 8 SYSTEMPATH\CodeIgniter.php(366): CodeIgniter\CodeIgniter->handleRequest(null, Object(Config\Cache), false)
 9 FCPATH\index.php(67): CodeIgniter\CodeIgniter->run()
CRITICAL - 2023-08-28 15:38:12 --> Undefined array key 1
in APPPATH\Views\_partials\_category.php on line 3.
 1 APPPATH\Views\_partials\_category.php(3): CodeIgniter\Debug\Exceptions->errorHandler(2, 'Undefined array key 1', 'C:\\laragon\\www\\ci4curso\\app\\Views\\_partials\\_category.php', 3)
 2 SYSTEMPATH\View\View.php(224): include('C:\\laragon\\www\\ci4curso\\app\\Views\\_partials\\_category.php')
 3 SYSTEMPATH\View\View.php(227): CodeIgniter\View\View->CodeIgniter\View\{closure}()
 4 SYSTEMPATH\Common.php(1176): CodeIgniter\View\View->render('_partials/_category', [], true)
 5 APPPATH\Controllers\Category.php(50): view('_partials/_category', [...])
 6 SYSTEMPATH\CodeIgniter.php(932): App\Controllers\Category->index('culture')
 7 SYSTEMPATH\CodeIgniter.php(497): CodeIgniter\CodeIgniter->runController(Object(App\Controllers\Category))
 8 SYSTEMPATH\CodeIgniter.php(366): CodeIgniter\CodeIgniter->handleRequest(null, Object(Config\Cache), false)
 9 FCPATH\index.php(67): CodeIgniter\CodeIgniter->run()
CRITICAL - 2023-08-28 15:38:12 --> Undefined array key 1
in APPPATH\Views\_partials\_category.php on line 3.
 1 APPPATH\Views\_partials\_category.php(3): CodeIgniter\Debug\Exceptions->errorHandler(2, 'Undefined array key 1', 'C:\\laragon\\www\\ci4curso\\app\\Views\\_partials\\_category.php', 3)
 2 SYSTEMPATH\View\View.php(224): include('C:\\laragon\\www\\ci4curso\\app\\Views\\_partials\\_category.php')
 3 SYSTEMPATH\View\View.php(227): CodeIgniter\View\View->CodeIgniter\View\{closure}()
 4 SYSTEMPATH\Common.php(1176): CodeIgniter\View\View->render('_partials/_category', [], true)
 5 APPPATH\Controllers\Category.php(50): view('_partials/_category', [...])
 6 SYSTEMPATH\CodeIgniter.php(932): App\Controllers\Category->index('business')
 7 SYSTEMPATH\CodeIgniter.php(497): CodeIgniter\CodeIgniter->runController(Object(App\Controllers\Category))
 8 SYSTEMPATH\CodeIgniter.php(366): CodeIgniter\CodeIgniter->handleRequest(null, Object(Config\Cache), false)
 9 FCPATH\index.php(67): CodeIgniter\CodeIgniter->run()
CRITICAL - 2023-08-28 15:40:27 --> Undefined array key 1
in APPPATH\Views\_partials\_category.php on line 3.
 1 APPPATH\Views\_partials\_category.php(3): CodeIgniter\Debug\Exceptions->errorHandler(2, 'Undefined array key 1', 'C:\\laragon\\www\\ci4curso\\app\\Views\\_partials\\_category.php', 3)
 2 SYSTEMPATH\View\View.php(224): include('C:\\laragon\\www\\ci4curso\\app\\Views\\_partials\\_category.php')
 3 SYSTEMPATH\View\View.php(227): CodeIgniter\View\View->CodeIgniter\View\{closure}()
 4 SYSTEMPATH\Common.php(1176): CodeIgniter\View\View->render('_partials/_category', [], true)
 5 APPPATH\Controllers\Category.php(52): view('_partials/_category', [...])
 6 SYSTEMPATH\CodeIgniter.php(932): App\Controllers\Category->index('culture')
 7 SYSTEMPATH\CodeIgniter.php(497): CodeIgniter\CodeIgniter->runController(Object(App\Controllers\Category))
 8 SYSTEMPATH\CodeIgniter.php(366): CodeIgniter\CodeIgniter->handleRequest(null, Object(Config\Cache), false)
 9 FCPATH\index.php(67): CodeIgniter\CodeIgniter->run()
CRITICAL - 2023-08-28 15:40:27 --> Undefined array key 1
in APPPATH\Views\_partials\_category.php on line 3.
 1 APPPATH\Views\_partials\_category.php(3): CodeIgniter\Debug\Exceptions->errorHandler(2, 'Undefined array key 1', 'C:\\laragon\\www\\ci4curso\\app\\Views\\_partials\\_category.php', 3)
 2 SYSTEMPATH\View\View.php(224): include('C:\\laragon\\www\\ci4curso\\app\\Views\\_partials\\_category.php')
 3 SYSTEMPATH\View\View.php(227): CodeIgniter\View\View->CodeIgniter\View\{closure}()
 4 SYSTEMPATH\Common.php(1176): CodeIgniter\View\View->render('_partials/_category', [], true)
 5 APPPATH\Controllers\Category.php(52): view('_partials/_category', [...])
 6 SYSTEMPATH\CodeIgniter.php(932): App\Controllers\Category->index('business')
 7 SYSTEMPATH\CodeIgniter.php(497): CodeIgniter\CodeIgniter->runController(Object(App\Controllers\Category))
 8 SYSTEMPATH\CodeIgniter.php(366): CodeIgniter\CodeIgniter->handleRequest(null, Object(Config\Cache), false)
 9 FCPATH\index.php(67): CodeIgniter\CodeIgniter->run()
CRITICAL - 2023-08-28 15:47:05 --> Undefined array key 1
in APPPATH\Views\_partials\_category.php on line 3.
 1 APPPATH\Views\_partials\_category.php(3): CodeIgniter\Debug\Exceptions->errorHandler(2, 'Undefined array key 1', 'C:\\laragon\\www\\ci4curso\\app\\Views\\_partials\\_category.php', 3)
 2 SYSTEMPATH\View\View.php(224): include('C:\\laragon\\www\\ci4curso\\app\\Views\\_partials\\_category.php')
 3 SYSTEMPATH\View\View.php(227): CodeIgniter\View\View->CodeIgniter\View\{closure}()
 4 SYSTEMPATH\Common.php(1176): CodeIgniter\View\View->render('_partials/_category', [], true)
 5 APPPATH\Controllers\Category.php(54): view('_partials/_category', [...])
 6 SYSTEMPATH\CodeIgniter.php(932): App\Controllers\Category->index('culture')
 7 SYSTEMPATH\CodeIgniter.php(497): CodeIgniter\CodeIgniter->runController(Object(App\Controllers\Category))
 8 SYSTEMPATH\CodeIgniter.php(366): CodeIgniter\CodeIgniter->handleRequest(null, Object(Config\Cache), false)
 9 FCPATH\index.php(67): CodeIgniter\CodeIgniter->run()
CRITICAL - 2023-08-28 15:47:05 --> Undefined array key 1
in APPPATH\Views\_partials\_category.php on line 3.
 1 APPPATH\Views\_partials\_category.php(3): CodeIgniter\Debug\Exceptions->errorHandler(2, 'Undefined array key 1', 'C:\\laragon\\www\\ci4curso\\app\\Views\\_partials\\_category.php', 3)
 2 SYSTEMPATH\View\View.php(224): include('C:\\laragon\\www\\ci4curso\\app\\Views\\_partials\\_category.php')
 3 SYSTEMPATH\View\View.php(227): CodeIgniter\View\View->CodeIgniter\View\{closure}()
 4 SYSTEMPATH\Common.php(1176): CodeIgniter\View\View->render('_partials/_category', [], true)
 5 APPPATH\Controllers\Category.php(54): view('_partials/_category', [...])
 6 SYSTEMPATH\CodeIgniter.php(932): App\Controllers\Category->index('business')
 7 SYSTEMPATH\CodeIgniter.php(497): CodeIgniter\CodeIgniter->runController(Object(App\Controllers\Category))
 8 SYSTEMPATH\CodeIgniter.php(366): CodeIgniter\CodeIgniter->handleRequest(null, Object(Config\Cache), false)
 9 FCPATH\index.php(67): CodeIgniter\CodeIgniter->run()
CRITICAL - 2023-08-28 15:48:53 --> Undefined array key 1
in APPPATH\Views\_partials\_category.php on line 3.
 1 APPPATH\Views\_partials\_category.php(3): CodeIgniter\Debug\Exceptions->errorHandler(2, 'Undefined array key 1', 'C:\\laragon\\www\\ci4curso\\app\\Views\\_partials\\_category.php', 3)
 2 SYSTEMPATH\View\View.php(224): include('C:\\laragon\\www\\ci4curso\\app\\Views\\_partials\\_category.php')
 3 SYSTEMPATH\View\View.php(227): CodeIgniter\View\View->CodeIgniter\View\{closure}()
 4 SYSTEMPATH\Common.php(1176): CodeIgniter\View\View->render('_partials/_category', [], true)
 5 APPPATH\Controllers\Category.php(54): view('_partials/_category', [...])
 6 SYSTEMPATH\CodeIgniter.php(932): App\Controllers\Category->index('culture')
 7 SYSTEMPATH\CodeIgniter.php(497): CodeIgniter\CodeIgniter->runController(Object(App\Controllers\Category))
 8 SYSTEMPATH\CodeIgniter.php(366): CodeIgniter\CodeIgniter->handleRequest(null, Object(Config\Cache), false)
 9 FCPATH\index.php(67): CodeIgniter\CodeIgniter->run()
CRITICAL - 2023-08-28 15:48:54 --> Undefined array key 1
in APPPATH\Views\_partials\_category.php on line 3.
 1 APPPATH\Views\_partials\_category.php(3): CodeIgniter\Debug\Exceptions->errorHandler(2, 'Undefined array key 1', 'C:\\laragon\\www\\ci4curso\\app\\Views\\_partials\\_category.php', 3)
 2 SYSTEMPATH\View\View.php(224): include('C:\\laragon\\www\\ci4curso\\app\\Views\\_partials\\_category.php')
 3 SYSTEMPATH\View\View.php(227): CodeIgniter\View\View->CodeIgniter\View\{closure}()
 4 SYSTEMPATH\Common.php(1176): CodeIgniter\View\View->render('_partials/_category', [], true)
 5 APPPATH\Controllers\Category.php(54): view('_partials/_category', [...])
 6 SYSTEMPATH\CodeIgniter.php(932): App\Controllers\Category->index('business')
 7 SYSTEMPATH\CodeIgniter.php(497): CodeIgniter\CodeIgniter->runController(Object(App\Controllers\Category))
 8 SYSTEMPATH\CodeIgniter.php(366): CodeIgniter\CodeIgniter->handleRequest(null, Object(Config\Cache), false)
 9 FCPATH\index.php(67): CodeIgniter\CodeIgniter->run()
CRITICAL - 2023-08-28 15:49:20 --> Undefined array key 1
in APPPATH\Views\_partials\_category.php on line 3.
 1 APPPATH\Views\_partials\_category.php(3): CodeIgniter\Debug\Exceptions->errorHandler(2, 'Undefined array key 1', 'C:\\laragon\\www\\ci4curso\\app\\Views\\_partials\\_category.php', 3)
 2 SYSTEMPATH\View\View.php(224): include('C:\\laragon\\www\\ci4curso\\app\\Views\\_partials\\_category.php')
 3 SYSTEMPATH\View\View.php(227): CodeIgniter\View\View->CodeIgniter\View\{closure}()
 4 SYSTEMPATH\Common.php(1176): CodeIgniter\View\View->render('_partials/_category', [], true)
 5 APPPATH\Controllers\Category.php(54): view('_partials/_category', [...])
 6 SYSTEMPATH\CodeIgniter.php(932): App\Controllers\Category->index('culture')
 7 SYSTEMPATH\CodeIgniter.php(497): CodeIgniter\CodeIgniter->runController(Object(App\Controllers\Category))
 8 SYSTEMPATH\CodeIgniter.php(366): CodeIgniter\CodeIgniter->handleRequest(null, Object(Config\Cache), false)
 9 FCPATH\index.php(67): CodeIgniter\CodeIgniter->run()
CRITICAL - 2023-08-28 15:49:21 --> Undefined array key 1
in APPPATH\Views\_partials\_category.php on line 3.
 1 APPPATH\Views\_partials\_category.php(3): CodeIgniter\Debug\Exceptions->errorHandler(2, 'Undefined array key 1', 'C:\\laragon\\www\\ci4curso\\app\\Views\\_partials\\_category.php', 3)
 2 SYSTEMPATH\View\View.php(224): include('C:\\laragon\\www\\ci4curso\\app\\Views\\_partials\\_category.php')
 3 SYSTEMPATH\View\View.php(227): CodeIgniter\View\View->CodeIgniter\View\{closure}()
 4 SYSTEMPATH\Common.php(1176): CodeIgniter\View\View->render('_partials/_category', [], true)
 5 APPPATH\Controllers\Category.php(54): view('_partials/_category', [...])
 6 SYSTEMPATH\CodeIgniter.php(932): App\Controllers\Category->index('business')
 7 SYSTEMPATH\CodeIgniter.php(497): CodeIgniter\CodeIgniter->runController(Object(App\Controllers\Category))
 8 SYSTEMPATH\CodeIgniter.php(366): CodeIgniter\CodeIgniter->handleRequest(null, Object(Config\Cache), false)
 9 FCPATH\index.php(67): CodeIgniter\CodeIgniter->run()
CRITICAL - 2023-08-28 15:52:22 --> Undefined array key 1
in APPPATH\Views\_partials\_category.php on line 30.
 1 APPPATH\Views\_partials\_category.php(30): CodeIgniter\Debug\Exceptions->errorHandler(2, 'Undefined array key 1', 'C:\\laragon\\www\\ci4curso\\app\\Views\\_partials\\_category.php', 30)
 2 SYSTEMPATH\View\View.php(224): include('C:\\laragon\\www\\ci4curso\\app\\Views\\_partials\\_category.php')
 3 SYSTEMPATH\View\View.php(227): CodeIgniter\View\View->CodeIgniter\View\{closure}()
 4 SYSTEMPATH\Common.php(1176): CodeIgniter\View\View->render('_partials/_category', [], true)
 5 APPPATH\Controllers\Category.php(54): view('_partials/_category', [...])
 6 SYSTEMPATH\CodeIgniter.php(932): App\Controllers\Category->index('culture')
 7 SYSTEMPATH\CodeIgniter.php(497): CodeIgniter\CodeIgniter->runController(Object(App\Controllers\Category))
 8 SYSTEMPATH\CodeIgniter.php(366): CodeIgniter\CodeIgniter->handleRequest(null, Object(Config\Cache), false)
 9 FCPATH\index.php(67): CodeIgniter\CodeIgniter->run()
CRITICAL - 2023-08-28 15:52:22 --> Undefined array key 1
in APPPATH\Views\_partials\_category.php on line 30.
 1 APPPATH\Views\_partials\_category.php(30): CodeIgniter\Debug\Exceptions->errorHandler(2, 'Undefined array key 1', 'C:\\laragon\\www\\ci4curso\\app\\Views\\_partials\\_category.php', 30)
 2 SYSTEMPATH\View\View.php(224): include('C:\\laragon\\www\\ci4curso\\app\\Views\\_partials\\_category.php')
 3 SYSTEMPATH\View\View.php(227): CodeIgniter\View\View->CodeIgniter\View\{closure}()
 4 SYSTEMPATH\Common.php(1176): CodeIgniter\View\View->render('_partials/_category', [], true)
 5 APPPATH\Controllers\Category.php(54): view('_partials/_category', [...])
 6 SYSTEMPATH\CodeIgniter.php(932): App\Controllers\Category->index('business')
 7 SYSTEMPATH\CodeIgniter.php(497): CodeIgniter\CodeIgniter->runController(Object(App\Controllers\Category))
 8 SYSTEMPATH\CodeIgniter.php(366): CodeIgniter\CodeIgniter->handleRequest(null, Object(Config\Cache), false)
 9 FCPATH\index.php(67): CodeIgniter\CodeIgniter->run()
CRITICAL - 2023-08-28 15:52:22 --> Undefined array key 2
in APPPATH\Views\_partials\_category.php on line 48.
 1 APPPATH\Views\_partials\_category.php(48): CodeIgniter\Debug\Exceptions->errorHandler(2, 'Undefined array key 2', 'C:\\laragon\\www\\ci4curso\\app\\Views\\_partials\\_category.php', 48)
 2 SYSTEMPATH\View\View.php(224): include('C:\\laragon\\www\\ci4curso\\app\\Views\\_partials\\_category.php')
 3 SYSTEMPATH\View\View.php(227): CodeIgniter\View\View->CodeIgniter\View\{closure}()
 4 SYSTEMPATH\Common.php(1176): CodeIgniter\View\View->render('_partials/_category', [], true)
 5 APPPATH\Controllers\Category.php(54): view('_partials/_category', [...])
 6 SYSTEMPATH\CodeIgniter.php(932): App\Controllers\Category->index('lifeStyle')
 7 SYSTEMPATH\CodeIgniter.php(497): CodeIgniter\CodeIgniter->runController(Object(App\Controllers\Category))
 8 SYSTEMPATH\CodeIgniter.php(366): CodeIgniter\CodeIgniter->handleRequest(null, Object(Config\Cache), false)
 9 FCPATH\index.php(67): CodeIgniter\CodeIgniter->run()
CRITICAL - 2023-08-28 16:08:05 --> Undefined array key 1
in APPPATH\Views\_partials\_category.php on line 30.
 1 APPPATH\Views\_partials\_category.php(30): CodeIgniter\Debug\Exceptions->errorHandler(2, 'Undefined array key 1', 'C:\\laragon\\www\\ci4curso\\app\\Views\\_partials\\_category.php', 30)
 2 SYSTEMPATH\View\View.php(224): include('C:\\laragon\\www\\ci4curso\\app\\Views\\_partials\\_category.php')
 3 SYSTEMPATH\View\View.php(227): CodeIgniter\View\View->CodeIgniter\View\{closure}()
 4 SYSTEMPATH\Common.php(1176): CodeIgniter\View\View->render('_partials/_category', [], true)
 5 APPPATH\Controllers\Category.php(54): view('_partials/_category', [...])
 6 SYSTEMPATH\CodeIgniter.php(932): App\Controllers\Category->index('culture')
 7 SYSTEMPATH\CodeIgniter.php(497): CodeIgniter\CodeIgniter->runController(Object(App\Controllers\Category))
 8 SYSTEMPATH\CodeIgniter.php(366): CodeIgniter\CodeIgniter->handleRequest(null, Object(Config\Cache), false)
 9 FCPATH\index.php(67): CodeIgniter\CodeIgniter->run()
CRITICAL - 2023-08-28 16:08:05 --> Undefined array key 1
in APPPATH\Views\_partials\_category.php on line 30.
 1 APPPATH\Views\_partials\_category.php(30): CodeIgniter\Debug\Exceptions->errorHandler(2, 'Undefined array key 1', 'C:\\laragon\\www\\ci4curso\\app\\Views\\_partials\\_category.php', 30)
 2 SYSTEMPATH\View\View.php(224): include('C:\\laragon\\www\\ci4curso\\app\\Views\\_partials\\_category.php')
 3 SYSTEMPATH\View\View.php(227): CodeIgniter\View\View->CodeIgniter\View\{closure}()
 4 SYSTEMPATH\Common.php(1176): CodeIgniter\View\View->render('_partials/_category', [], true)
 5 APPPATH\Controllers\Category.php(54): view('_partials/_category', [...])
 6 SYSTEMPATH\CodeIgniter.php(932): App\Controllers\Category->index('business')
 7 SYSTEMPATH\CodeIgniter.php(497): CodeIgniter\CodeIgniter->runController(Object(App\Controllers\Category))
 8 SYSTEMPATH\CodeIgniter.php(366): CodeIgniter\CodeIgniter->handleRequest(null, Object(Config\Cache), false)
 9 FCPATH\index.php(67): CodeIgniter\CodeIgniter->run()
CRITICAL - 2023-08-28 16:08:06 --> Undefined array key 2
in APPPATH\Views\_partials\_category.php on line 48.
 1 APPPATH\Views\_partials\_category.php(48): CodeIgniter\Debug\Exceptions->errorHandler(2, 'Undefined array key 2', 'C:\\laragon\\www\\ci4curso\\app\\Views\\_partials\\_category.php', 48)
 2 SYSTEMPATH\View\View.php(224): include('C:\\laragon\\www\\ci4curso\\app\\Views\\_partials\\_category.php')
 3 SYSTEMPATH\View\View.php(227): CodeIgniter\View\View->CodeIgniter\View\{closure}()
 4 SYSTEMPATH\Common.php(1176): CodeIgniter\View\View->render('_partials/_category', [], true)
 5 APPPATH\Controllers\Category.php(54): view('_partials/_category', [...])
 6 SYSTEMPATH\CodeIgniter.php(932): App\Controllers\Category->index('lifeStyle')
 7 SYSTEMPATH\CodeIgniter.php(497): CodeIgniter\CodeIgniter->runController(Object(App\Controllers\Category))
 8 SYSTEMPATH\CodeIgniter.php(366): CodeIgniter\CodeIgniter->handleRequest(null, Object(Config\Cache), false)
 9 FCPATH\index.php(67): CodeIgniter\CodeIgniter->run()
CRITICAL - 2023-08-28 16:08:46 --> Undefined array key 1
in APPPATH\Views\_partials\_category.php on line 30.
 1 APPPATH\Views\_partials\_category.php(30): CodeIgniter\Debug\Exceptions->errorHandler(2, 'Undefined array key 1', 'C:\\laragon\\www\\ci4curso\\app\\Views\\_partials\\_category.php', 30)
 2 SYSTEMPATH\View\View.php(224): include('C:\\laragon\\www\\ci4curso\\app\\Views\\_partials\\_category.php')
 3 SYSTEMPATH\View\View.php(227): CodeIgniter\View\View->CodeIgniter\View\{closure}()
 4 SYSTEMPATH\Common.php(1176): CodeIgniter\View\View->render('_partials/_category', [], true)
 5 APPPATH\Controllers\Category.php(54): view('_partials/_category', [...])
 6 SYSTEMPATH\CodeIgniter.php(932): App\Controllers\Category->index('culture')
 7 SYSTEMPATH\CodeIgniter.php(497): CodeIgniter\CodeIgniter->runController(Object(App\Controllers\Category))
 8 SYSTEMPATH\CodeIgniter.php(366): CodeIgniter\CodeIgniter->handleRequest(null, Object(Config\Cache), false)
 9 FCPATH\index.php(67): CodeIgniter\CodeIgniter->run()
CRITICAL - 2023-08-28 16:08:47 --> Undefined array key 1
in APPPATH\Views\_partials\_category.php on line 30.
 1 APPPATH\Views\_partials\_category.php(30): CodeIgniter\Debug\Exceptions->errorHandler(2, 'Undefined array key 1', 'C:\\laragon\\www\\ci4curso\\app\\Views\\_partials\\_category.php', 30)
 2 SYSTEMPATH\View\View.php(224): include('C:\\laragon\\www\\ci4curso\\app\\Views\\_partials\\_category.php')
 3 SYSTEMPATH\View\View.php(227): CodeIgniter\View\View->CodeIgniter\View\{closure}()
 4 SYSTEMPATH\Common.php(1176): CodeIgniter\View\View->render('_partials/_category', [], true)
 5 APPPATH\Controllers\Category.php(54): view('_partials/_category', [...])
 6 SYSTEMPATH\CodeIgniter.php(932): App\Controllers\Category->index('business')
 7 SYSTEMPATH\CodeIgniter.php(497): CodeIgniter\CodeIgniter->runController(Object(App\Controllers\Category))
 8 SYSTEMPATH\CodeIgniter.php(366): CodeIgniter\CodeIgniter->handleRequest(null, Object(Config\Cache), false)
 9 FCPATH\index.php(67): CodeIgniter\CodeIgniter->run()
CRITICAL - 2023-08-28 16:08:47 --> Undefined array key 2
in APPPATH\Views\_partials\_category.php on line 48.
 1 APPPATH\Views\_partials\_category.php(48): CodeIgniter\Debug\Exceptions->errorHandler(2, 'Undefined array key 2', 'C:\\laragon\\www\\ci4curso\\app\\Views\\_partials\\_category.php', 48)
 2 SYSTEMPATH\View\View.php(224): include('C:\\laragon\\www\\ci4curso\\app\\Views\\_partials\\_category.php')
 3 SYSTEMPATH\View\View.php(227): CodeIgniter\View\View->CodeIgniter\View\{closure}()
 4 SYSTEMPATH\Common.php(1176): CodeIgniter\View\View->render('_partials/_category', [], true)
 5 APPPATH\Controllers\Category.php(54): view('_partials/_category', [...])
 6 SYSTEMPATH\CodeIgniter.php(932): App\Controllers\Category->index('lifeStyle')
 7 SYSTEMPATH\CodeIgniter.php(497): CodeIgniter\CodeIgniter->runController(Object(App\Controllers\Category))
 8 SYSTEMPATH\CodeIgniter.php(366): CodeIgniter\CodeIgniter->handleRequest(null, Object(Config\Cache), false)
 9 FCPATH\index.php(67): CodeIgniter\CodeIgniter->run()
ERROR - 2023-08-28 16:09:36 --> Error connecting to the database: mysqli_sql_exception: Nenhuma conexão pôde ser feita porque a máquina de destino as recusou ativamente in C:\laragon\www\ci4curso\system\Database\MySQLi\Connection.php:174
Stack trace:
#0 C:\laragon\www\ci4curso\system\Database\MySQLi\Connection.php(174): mysqli->real_connect('localhost', 'root', '', 'blog_ci', 3306, '', 0)
#1 C:\laragon\www\ci4curso\system\Database\BaseConnection.php(391): CodeIgniter\Database\MySQLi\Connection->connect(false)
#2 C:\laragon\www\ci4curso\system\Database\BaseConnection.php(574): CodeIgniter\Database\BaseConnection->initialize()
#3 C:\laragon\www\ci4curso\system\Database\BaseBuilder.php(1616): CodeIgniter\Database\BaseConnection->query('SELECT `posts`....', Array, false)
#4 C:\laragon\www\ci4curso\system\Model.php(241): CodeIgniter\Database\BaseBuilder->get()
#5 C:\laragon\www\ci4curso\system\BaseModel.php(618): CodeIgniter\Model->doFindAll(7, 0)
#6 C:\laragon\www\ci4curso\app\Controllers\Recent.php(32): CodeIgniter\BaseModel->findAll(7)
#7 C:\laragon\www\ci4curso\system\CodeIgniter.php(932): App\Controllers\Recent->index()
#8 C:\laragon\www\ci4curso\system\CodeIgniter.php(497): CodeIgniter\CodeIgniter->runController(Object(App\Controllers\Recent))
#9 C:\laragon\www\ci4curso\system\CodeIgniter.php(366): CodeIgniter\CodeIgniter->handleRequest(NULL, Object(Config\Cache), false)
#10 C:\laragon\www\ci4curso\public\index.php(67): CodeIgniter\CodeIgniter->run()
#11 {main}

Next CodeIgniter\Database\Exceptions\DatabaseException: Nenhuma conexão pôde ser feita porque a máquina de destino as recusou ativamente in C:\laragon\www\ci4curso\system\Database\MySQLi\Connection.php:218
Stack trace:
#0 C:\laragon\www\ci4curso\system\Database\BaseConnection.php(391): CodeIgniter\Database\MySQLi\Connection->connect(false)
#1 C:\laragon\www\ci4curso\system\Database\BaseConnection.php(574): CodeIgniter\Database\BaseConnection->initialize()
#2 C:\laragon\www\ci4curso\system\Database\BaseBuilder.php(1616): CodeIgniter\Database\BaseConnection->query('SELECT `posts`....', Array, false)
#3 C:\laragon\www\ci4curso\system\Model.php(241): CodeIgniter\Database\BaseBuilder->get()
#4 C:\laragon\www\ci4curso\system\BaseModel.php(618): CodeIgniter\Model->doFindAll(7, 0)
#5 C:\laragon\www\ci4curso\app\Controllers\Recent.php(32): CodeIgniter\BaseModel->findAll(7)
#6 C:\laragon\www\ci4curso\system\CodeIgniter.php(932): App\Controllers\Recent->index()
#7 C:\laragon\www\ci4curso\system\CodeIgniter.php(497): CodeIgniter\CodeIgniter->runController(Object(App\Controllers\Recent))
#8 C:\laragon\www\ci4curso\system\CodeIgniter.php(366): CodeIgniter\CodeIgniter->handleRequest(NULL, Object(Config\Cache), false)
#9 C:\laragon\www\ci4curso\public\index.php(67): CodeIgniter\CodeIgniter->run()
#10 {main}
CRITICAL - 2023-08-28 16:09:36 --> Unable to connect to the database.
Main connection [MySQLi]: Nenhuma conexão pôde ser feita porque a máquina de destino as recusou ativamente
in SYSTEMPATH\Database\BaseConnection.php on line 427.
 1 SYSTEMPATH\Database\BaseConnection.php(574): CodeIgniter\Database\BaseConnection->initialize()
 2 SYSTEMPATH\Database\BaseBuilder.php(1616): CodeIgniter\Database\BaseConnection->query('SELECT `posts`.`id`, `posts`.`title`, `posts`.`image`, `posts`.`create_at`, `posts`.`description`, `categories`.`name` as `categoryName`, `users`.`fistName` as `userFirstName`, `users`.`lastName` as `userLastName`
FROM `posts`
JOIN `users` ON `users`.`id` = `posts`.`user_id`
JOIN `categories` ON `categories`.`id` = `posts`.`category_id`
ORDER BY `id` DESC
 LIMIT 7', [], false)
 3 SYSTEMPATH\Model.php(241): CodeIgniter\Database\BaseBuilder->get()
 4 SYSTEMPATH\BaseModel.php(618): CodeIgniter\Model->doFindAll(7, 0)
 5 APPPATH\Controllers\Recent.php(32): CodeIgniter\BaseModel->findAll(7)
 6 SYSTEMPATH\CodeIgniter.php(932): App\Controllers\Recent->index()
 7 SYSTEMPATH\CodeIgniter.php(497): CodeIgniter\CodeIgniter->runController(Object(App\Controllers\Recent))
 8 SYSTEMPATH\CodeIgniter.php(366): CodeIgniter\CodeIgniter->handleRequest(null, Object(Config\Cache), false)
 9 FCPATH\index.php(67): CodeIgniter\CodeIgniter->run()
ERROR - 2023-08-28 16:09:40 --> Error connecting to the database: mysqli_sql_exception: Nenhuma conexão pôde ser feita porque a máquina de destino as recusou ativamente in C:\laragon\www\ci4curso\system\Database\MySQLi\Connection.php:174
Stack trace:
#0 C:\laragon\www\ci4curso\system\Database\MySQLi\Connection.php(174): mysqli->real_connect('localhost', 'root', '', 'blog_ci', 3306, '', 0)
#1 C:\laragon\www\ci4curso\system\Database\BaseConnection.php(391): CodeIgniter\Database\MySQLi\Connection->connect(false)
#2 C:\laragon\www\ci4curso\system\Database\BaseConnection.php(574): CodeIgniter\Database\BaseConnection->initialize()
#3 C:\laragon\www\ci4curso\system\Database\BaseBuilder.php(1616): CodeIgniter\Database\BaseConnection->query('SELECT `posts`....', Array, false)
#4 C:\laragon\www\ci4curso\system\Model.php(241): CodeIgniter\Database\BaseBuilder->get()
#5 C:\laragon\www\ci4curso\system\BaseModel.php(618): CodeIgniter\Model->doFindAll(5, 0)
#6 C:\laragon\www\ci4curso\app\Controllers\Trending.php(23): CodeIgniter\BaseModel->findAll(5)
#7 C:\laragon\www\ci4curso\system\CodeIgniter.php(932): App\Controllers\Trending->index()
#8 C:\laragon\www\ci4curso\system\CodeIgniter.php(497): CodeIgniter\CodeIgniter->runController(Object(App\Controllers\Trending))
#9 C:\laragon\www\ci4curso\system\CodeIgniter.php(366): CodeIgniter\CodeIgniter->handleRequest(NULL, Object(Config\Cache), false)
#10 C:\laragon\www\ci4curso\public\index.php(67): CodeIgniter\CodeIgniter->run()
#11 {main}

Next CodeIgniter\Database\Exceptions\DatabaseException: Nenhuma conexão pôde ser feita porque a máquina de destino as recusou ativamente in C:\laragon\www\ci4curso\system\Database\MySQLi\Connection.php:218
Stack trace:
#0 C:\laragon\www\ci4curso\system\Database\BaseConnection.php(391): CodeIgniter\Database\MySQLi\Connection->connect(false)
#1 C:\laragon\www\ci4curso\system\Database\BaseConnection.php(574): CodeIgniter\Database\BaseConnection->initialize()
#2 C:\laragon\www\ci4curso\system\Database\BaseBuilder.php(1616): CodeIgniter\Database\BaseConnection->query('SELECT `posts`....', Array, false)
#3 C:\laragon\www\ci4curso\system\Model.php(241): CodeIgniter\Database\BaseBuilder->get()
#4 C:\laragon\www\ci4curso\system\BaseModel.php(618): CodeIgniter\Model->doFindAll(5, 0)
#5 C:\laragon\www\ci4curso\app\Controllers\Trending.php(23): CodeIgniter\BaseModel->findAll(5)
#6 C:\laragon\www\ci4curso\system\CodeIgniter.php(932): App\Controllers\Trending->index()
#7 C:\laragon\www\ci4curso\system\CodeIgniter.php(497): CodeIgniter\CodeIgniter->runController(Object(App\Controllers\Trending))
#8 C:\laragon\www\ci4curso\system\CodeIgniter.php(366): CodeIgniter\CodeIgniter->handleRequest(NULL, Object(Config\Cache), false)
#9 C:\laragon\www\ci4curso\public\index.php(67): CodeIgniter\CodeIgniter->run()
#10 {main}
CRITICAL - 2023-08-28 16:09:40 --> Unable to connect to the database.
Main connection [MySQLi]: Nenhuma conexão pôde ser feita porque a máquina de destino as recusou ativamente
in SYSTEMPATH\Database\BaseConnection.php on line 427.
 1 SYSTEMPATH\Database\BaseConnection.php(574): CodeIgniter\Database\BaseConnection->initialize()
 2 SYSTEMPATH\Database\BaseBuilder.php(1616): CodeIgniter\Database\BaseConnection->query('SELECT `posts`.`title`, `users`.`fistName` as `userFirstName`, `users`.`lastName` as `userLastName`
FROM `posts`
JOIN `users` ON `users`.`id` = `posts`.`user_id`
ORDER BY `visits` DESC
 LIMIT 5', [], false)
 3 SYSTEMPATH\Model.php(241): CodeIgniter\Database\BaseBuilder->get()
 4 SYSTEMPATH\BaseModel.php(618): CodeIgniter\Model->doFindAll(5, 0)
 5 APPPATH\Controllers\Trending.php(23): CodeIgniter\BaseModel->findAll(5)
 6 SYSTEMPATH\CodeIgniter.php(932): App\Controllers\Trending->index()
 7 SYSTEMPATH\CodeIgniter.php(497): CodeIgniter\CodeIgniter->runController(Object(App\Controllers\Trending))
 8 SYSTEMPATH\CodeIgniter.php(366): CodeIgniter\CodeIgniter->handleRequest(null, Object(Config\Cache), false)
 9 FCPATH\index.php(67): CodeIgniter\CodeIgniter->run()
CRITICAL - 2023-08-28 16:10:14 --> Undefined array key 1
in APPPATH\Views\_partials\_category.php on line 30.
 1 APPPATH\Views\_partials\_category.php(30): CodeIgniter\Debug\Exceptions->errorHandler(2, 'Undefined array key 1', 'C:\\laragon\\www\\ci4curso\\app\\Views\\_partials\\_category.php', 30)
 2 SYSTEMPATH\View\View.php(224): include('C:\\laragon\\www\\ci4curso\\app\\Views\\_partials\\_category.php')
 3 SYSTEMPATH\View\View.php(227): CodeIgniter\View\View->CodeIgniter\View\{closure}()
 4 SYSTEMPATH\Common.php(1176): CodeIgniter\View\View->render('_partials/_category', [], true)
 5 APPPATH\Controllers\Category.php(54): view('_partials/_category', [...])
 6 SYSTEMPATH\CodeIgniter.php(932): App\Controllers\Category->index('culture')
 7 SYSTEMPATH\CodeIgniter.php(497): CodeIgniter\CodeIgniter->runController(Object(App\Controllers\Category))
 8 SYSTEMPATH\CodeIgniter.php(366): CodeIgniter\CodeIgniter->handleRequest(null, Object(Config\Cache), false)
 9 FCPATH\index.php(67): CodeIgniter\CodeIgniter->run()
CRITICAL - 2023-08-28 16:10:15 --> Undefined array key 1
in APPPATH\Views\_partials\_category.php on line 30.
 1 APPPATH\Views\_partials\_category.php(30): CodeIgniter\Debug\Exceptions->errorHandler(2, 'Undefined array key 1', 'C:\\laragon\\www\\ci4curso\\app\\Views\\_partials\\_category.php', 30)
 2 SYSTEMPATH\View\View.php(224): include('C:\\laragon\\www\\ci4curso\\app\\Views\\_partials\\_category.php')
 3 SYSTEMPATH\View\View.php(227): CodeIgniter\View\View->CodeIgniter\View\{closure}()
 4 SYSTEMPATH\Common.php(1176): CodeIgniter\View\View->render('_partials/_category', [], true)
 5 APPPATH\Controllers\Category.php(54): view('_partials/_category', [...])
 6 SYSTEMPATH\CodeIgniter.php(932): App\Controllers\Category->index('business')
 7 SYSTEMPATH\CodeIgniter.php(497): CodeIgniter\CodeIgniter->runController(Object(App\Controllers\Category))
 8 SYSTEMPATH\CodeIgniter.php(366): CodeIgniter\CodeIgniter->handleRequest(null, Object(Config\Cache), false)
 9 FCPATH\index.php(67): CodeIgniter\CodeIgniter->run()
CRITICAL - 2023-08-28 16:10:15 --> Undefined array key 2
in APPPATH\Views\_partials\_category.php on line 48.
 1 APPPATH\Views\_partials\_category.php(48): CodeIgniter\Debug\Exceptions->errorHandler(2, 'Undefined array key 2', 'C:\\laragon\\www\\ci4curso\\app\\Views\\_partials\\_category.php', 48)
 2 SYSTEMPATH\View\View.php(224): include('C:\\laragon\\www\\ci4curso\\app\\Views\\_partials\\_category.php')
 3 SYSTEMPATH\View\View.php(227): CodeIgniter\View\View->CodeIgniter\View\{closure}()
 4 SYSTEMPATH\Common.php(1176): CodeIgniter\View\View->render('_partials/_category', [], true)
 5 APPPATH\Controllers\Category.php(54): view('_partials/_category', [...])
 6 SYSTEMPATH\CodeIgniter.php(932): App\Controllers\Category->index('lifeStyle')
 7 SYSTEMPATH\CodeIgniter.php(497): CodeIgniter\CodeIgniter->runController(Object(App\Controllers\Category))
 8 SYSTEMPATH\CodeIgniter.php(366): CodeIgniter\CodeIgniter->handleRequest(null, Object(Config\Cache), false)
 9 FCPATH\index.php(67): CodeIgniter\CodeIgniter->run()
CRITICAL - 2023-08-28 16:10:23 --> Undefined array key 1
in APPPATH\Views\_partials\_category.php on line 30.
 1 APPPATH\Views\_partials\_category.php(30): CodeIgniter\Debug\Exceptions->errorHandler(2, 'Undefined array key 1', 'C:\\laragon\\www\\ci4curso\\app\\Views\\_partials\\_category.php', 30)
 2 SYSTEMPATH\View\View.php(224): include('C:\\laragon\\www\\ci4curso\\app\\Views\\_partials\\_category.php')
 3 SYSTEMPATH\View\View.php(227): CodeIgniter\View\View->CodeIgniter\View\{closure}()
 4 SYSTEMPATH\Common.php(1176): CodeIgniter\View\View->render('_partials/_category', [], true)
 5 APPPATH\Controllers\Category.php(54): view('_partials/_category', [...])
 6 SYSTEMPATH\CodeIgniter.php(932): App\Controllers\Category->index('culture')
 7 SYSTEMPATH\CodeIgniter.php(497): CodeIgniter\CodeIgniter->runController(Object(App\Controllers\Category))
 8 SYSTEMPATH\CodeIgniter.php(366): CodeIgniter\CodeIgniter->handleRequest(null, Object(Config\Cache), false)
 9 FCPATH\index.php(67): CodeIgniter\CodeIgniter->run()
CRITICAL - 2023-08-28 16:10:23 --> Undefined array key 1
in APPPATH\Views\_partials\_category.php on line 30.
 1 APPPATH\Views\_partials\_category.php(30): CodeIgniter\Debug\Exceptions->errorHandler(2, 'Undefined array key 1', 'C:\\laragon\\www\\ci4curso\\app\\Views\\_partials\\_category.php', 30)
 2 SYSTEMPATH\View\View.php(224): include('C:\\laragon\\www\\ci4curso\\app\\Views\\_partials\\_category.php')
 3 SYSTEMPATH\View\View.php(227): CodeIgniter\View\View->CodeIgniter\View\{closure}()
 4 SYSTEMPATH\Common.php(1176): CodeIgniter\View\View->render('_partials/_category', [], true)
 5 APPPATH\Controllers\Category.php(54): view('_partials/_category', [...])
 6 SYSTEMPATH\CodeIgniter.php(932): App\Controllers\Category->index('business')
 7 SYSTEMPATH\CodeIgniter.php(497): CodeIgniter\CodeIgniter->runController(Object(App\Controllers\Category))
 8 SYSTEMPATH\CodeIgniter.php(366): CodeIgniter\CodeIgniter->handleRequest(null, Object(Config\Cache), false)
 9 FCPATH\index.php(67): CodeIgniter\CodeIgniter->run()
CRITICAL - 2023-08-28 16:10:23 --> Undefined array key 2
in APPPATH\Views\_partials\_category.php on line 48.
 1 APPPATH\Views\_partials\_category.php(48): CodeIgniter\Debug\Exceptions->errorHandler(2, 'Undefined array key 2', 'C:\\laragon\\www\\ci4curso\\app\\Views\\_partials\\_category.php', 48)
 2 SYSTEMPATH\View\View.php(224): include('C:\\laragon\\www\\ci4curso\\app\\Views\\_partials\\_category.php')
 3 SYSTEMPATH\View\View.php(227): CodeIgniter\View\View->CodeIgniter\View\{closure}()
 4 SYSTEMPATH\Common.php(1176): CodeIgniter\View\View->render('_partials/_category', [], true)
 5 APPPATH\Controllers\Category.php(54): view('_partials/_category', [...])
 6 SYSTEMPATH\CodeIgniter.php(932): App\Controllers\Category->index('lifeStyle')
 7 SYSTEMPATH\CodeIgniter.php(497): CodeIgniter\CodeIgniter->runController(Object(App\Controllers\Category))
 8 SYSTEMPATH\CodeIgniter.php(366): CodeIgniter\CodeIgniter->handleRequest(null, Object(Config\Cache), false)
 9 FCPATH\index.php(67): CodeIgniter\CodeIgniter->run()
CRITICAL - 2023-08-28 16:12:08 --> Undefined array key 1
in APPPATH\Views\_partials\_category.php on line 31.
 1 APPPATH\Views\_partials\_category.php(31): CodeIgniter\Debug\Exceptions->errorHandler(2, 'Undefined array key 1', 'C:\\laragon\\www\\ci4curso\\app\\Views\\_partials\\_category.php', 31)
 2 SYSTEMPATH\View\View.php(224): include('C:\\laragon\\www\\ci4curso\\app\\Views\\_partials\\_category.php')
 3 SYSTEMPATH\View\View.php(227): CodeIgniter\View\View->CodeIgniter\View\{closure}()
 4 SYSTEMPATH\Common.php(1176): CodeIgniter\View\View->render('_partials/_category', [], true)
 5 APPPATH\Controllers\Category.php(54): view('_partials/_category', [...])
 6 SYSTEMPATH\CodeIgniter.php(932): App\Controllers\Category->index('culture')
 7 SYSTEMPATH\CodeIgniter.php(497): CodeIgniter\CodeIgniter->runController(Object(App\Controllers\Category))
 8 SYSTEMPATH\CodeIgniter.php(366): CodeIgniter\CodeIgniter->handleRequest(null, Object(Config\Cache), false)
 9 FCPATH\index.php(67): CodeIgniter\CodeIgniter->run()
CRITICAL - 2023-08-28 16:12:08 --> Undefined array key 1
in APPPATH\Views\_partials\_category.php on line 31.
 1 APPPATH\Views\_partials\_category.php(31): CodeIgniter\Debug\Exceptions->errorHandler(2, 'Undefined array key 1', 'C:\\laragon\\www\\ci4curso\\app\\Views\\_partials\\_category.php', 31)
 2 SYSTEMPATH\View\View.php(224): include('C:\\laragon\\www\\ci4curso\\app\\Views\\_partials\\_category.php')
 3 SYSTEMPATH\View\View.php(227): CodeIgniter\View\View->CodeIgniter\View\{closure}()
 4 SYSTEMPATH\Common.php(1176): CodeIgniter\View\View->render('_partials/_category', [], true)
 5 APPPATH\Controllers\Category.php(54): view('_partials/_category', [...])
 6 SYSTEMPATH\CodeIgniter.php(932): App\Controllers\Category->index('business')
 7 SYSTEMPATH\CodeIgniter.php(497): CodeIgniter\CodeIgniter->runController(Object(App\Controllers\Category))
 8 SYSTEMPATH\CodeIgniter.php(366): CodeIgniter\CodeIgniter->handleRequest(null, Object(Config\Cache), false)
 9 FCPATH\index.php(67): CodeIgniter\CodeIgniter->run()
CRITICAL - 2023-08-28 16:12:08 --> Undefined array key 2
in APPPATH\Views\_partials\_category.php on line 49.
 1 APPPATH\Views\_partials\_category.php(49): CodeIgniter\Debug\Exceptions->errorHandler(2, 'Undefined array key 2', 'C:\\laragon\\www\\ci4curso\\app\\Views\\_partials\\_category.php', 49)
 2 SYSTEMPATH\View\View.php(224): include('C:\\laragon\\www\\ci4curso\\app\\Views\\_partials\\_category.php')
 3 SYSTEMPATH\View\View.php(227): CodeIgniter\View\View->CodeIgniter\View\{closure}()
 4 SYSTEMPATH\Common.php(1176): CodeIgniter\View\View->render('_partials/_category', [], true)
 5 APPPATH\Controllers\Category.php(54): view('_partials/_category', [...])
 6 SYSTEMPATH\CodeIgniter.php(932): App\Controllers\Category->index('lifeStyle')
 7 SYSTEMPATH\CodeIgniter.php(497): CodeIgniter\CodeIgniter->runController(Object(App\Controllers\Category))
 8 SYSTEMPATH\CodeIgniter.php(366): CodeIgniter\CodeIgniter->handleRequest(null, Object(Config\Cache), false)
 9 FCPATH\index.php(67): CodeIgniter\CodeIgniter->run()
ERROR - 2023-08-28 23:57:46 --> Error connecting to the database: mysqli_sql_exception: Nenhuma conexão pôde ser feita porque a máquina de destino as recusou ativamente in C:\laragon\www\ci4curso\system\Database\MySQLi\Connection.php:174
Stack trace:
#0 C:\laragon\www\ci4curso\system\Database\MySQLi\Connection.php(174): mysqli->real_connect('localhost', 'root', '', 'blog_ci', 3306, '', 0)
#1 C:\laragon\www\ci4curso\system\Database\BaseConnection.php(391): CodeIgniter\Database\MySQLi\Connection->connect(false)
#2 C:\laragon\www\ci4curso\system\Database\BaseConnection.php(574): CodeIgniter\Database\BaseConnection->initialize()
#3 C:\laragon\www\ci4curso\system\Database\BaseBuilder.php(1616): CodeIgniter\Database\BaseConnection->query('SELECT `posts`....', Array, false)
#4 C:\laragon\www\ci4curso\system\Model.php(241): CodeIgniter\Database\BaseBuilder->get()
#5 C:\laragon\www\ci4curso\system\BaseModel.php(618): CodeIgniter\Model->doFindAll(7, 0)
#6 C:\laragon\www\ci4curso\app\Controllers\Recent.php(32): CodeIgniter\BaseModel->findAll(7)
#7 C:\laragon\www\ci4curso\system\CodeIgniter.php(932): App\Controllers\Recent->index()
#8 C:\laragon\www\ci4curso\system\CodeIgniter.php(497): CodeIgniter\CodeIgniter->runController(Object(App\Controllers\Recent))
#9 C:\laragon\www\ci4curso\system\CodeIgniter.php(366): CodeIgniter\CodeIgniter->handleRequest(NULL, Object(Config\Cache), false)
#10 C:\laragon\www\ci4curso\public\index.php(67): CodeIgniter\CodeIgniter->run()
#11 {main}

Next CodeIgniter\Database\Exceptions\DatabaseException: Nenhuma conexão pôde ser feita porque a máquina de destino as recusou ativamente in C:\laragon\www\ci4curso\system\Database\MySQLi\Connection.php:218
Stack trace:
#0 C:\laragon\www\ci4curso\system\Database\BaseConnection.php(391): CodeIgniter\Database\MySQLi\Connection->connect(false)
#1 C:\laragon\www\ci4curso\system\Database\BaseConnection.php(574): CodeIgniter\Database\BaseConnection->initialize()
#2 C:\laragon\www\ci4curso\system\Database\BaseBuilder.php(1616): CodeIgniter\Database\BaseConnection->query('SELECT `posts`....', Array, false)
#3 C:\laragon\www\ci4curso\system\Model.php(241): CodeIgniter\Database\BaseBuilder->get()
#4 C:\laragon\www\ci4curso\system\BaseModel.php(618): CodeIgniter\Model->doFindAll(7, 0)
#5 C:\laragon\www\ci4curso\app\Controllers\Recent.php(32): CodeIgniter\BaseModel->findAll(7)
#6 C:\laragon\www\ci4curso\system\CodeIgniter.php(932): App\Controllers\Recent->index()
#7 C:\laragon\www\ci4curso\system\CodeIgniter.php(497): CodeIgniter\CodeIgniter->runController(Object(App\Controllers\Recent))
#8 C:\laragon\www\ci4curso\system\CodeIgniter.php(366): CodeIgniter\CodeIgniter->handleRequest(NULL, Object(Config\Cache), false)
#9 C:\laragon\www\ci4curso\public\index.php(67): CodeIgniter\CodeIgniter->run()
#10 {main}
CRITICAL - 2023-08-28 23:57:46 --> Unable to connect to the database.
Main connection [MySQLi]: Nenhuma conexão pôde ser feita porque a máquina de destino as recusou ativamente
in SYSTEMPATH\Database\BaseConnection.php on line 427.
 1 SYSTEMPATH\Database\BaseConnection.php(574): CodeIgniter\Database\BaseConnection->initialize()
 2 SYSTEMPATH\Database\BaseBuilder.php(1616): CodeIgniter\Database\BaseConnection->query('SELECT `posts`.`id`, `posts`.`title`, `posts`.`image`, `posts`.`create_at`, `posts`.`description`, `categories`.`name` as `categoryName`, `users`.`fistName` as `userFirstName`, `users`.`lastName` as `userLastName`
FROM `posts`
JOIN `users` ON `users`.`id` = `posts`.`user_id`
JOIN `categories` ON `categories`.`id` = `posts`.`category_id`
ORDER BY `id` DESC
 LIMIT 7', [], false)
 3 SYSTEMPATH\Model.php(241): CodeIgniter\Database\BaseBuilder->get()
 4 SYSTEMPATH\BaseModel.php(618): CodeIgniter\Model->doFindAll(7, 0)
 5 APPPATH\Controllers\Recent.php(32): CodeIgniter\BaseModel->findAll(7)
 6 SYSTEMPATH\CodeIgniter.php(932): App\Controllers\Recent->index()
 7 SYSTEMPATH\CodeIgniter.php(497): CodeIgniter\CodeIgniter->runController(Object(App\Controllers\Recent))
 8 SYSTEMPATH\CodeIgniter.php(366): CodeIgniter\CodeIgniter->handleRequest(null, Object(Config\Cache), false)
 9 FCPATH\index.php(67): CodeIgniter\CodeIgniter->run()
ERROR - 2023-08-28 23:57:50 --> Error connecting to the database: mysqli_sql_exception: Nenhuma conexão pôde ser feita porque a máquina de destino as recusou ativamente in C:\laragon\www\ci4curso\system\Database\MySQLi\Connection.php:174
Stack trace:
#0 C:\laragon\www\ci4curso\system\Database\MySQLi\Connection.php(174): mysqli->real_connect('localhost', 'root', '', 'blog_ci', 3306, '', 0)
#1 C:\laragon\www\ci4curso\system\Database\BaseConnection.php(391): CodeIgniter\Database\MySQLi\Connection->connect(false)
#2 C:\laragon\www\ci4curso\system\Database\BaseConnection.php(574): CodeIgniter\Database\BaseConnection->initialize()
#3 C:\laragon\www\ci4curso\system\Database\BaseBuilder.php(1616): CodeIgniter\Database\BaseConnection->query('SELECT `posts`....', Array, false)
#4 C:\laragon\www\ci4curso\system\Model.php(241): CodeIgniter\Database\BaseBuilder->get()
#5 C:\laragon\www\ci4curso\system\BaseModel.php(618): CodeIgniter\Model->doFindAll(5, 0)
#6 C:\laragon\www\ci4curso\app\Controllers\Trending.php(23): CodeIgniter\BaseModel->findAll(5)
#7 C:\laragon\www\ci4curso\system\CodeIgniter.php(932): App\Controllers\Trending->index()
#8 C:\laragon\www\ci4curso\system\CodeIgniter.php(497): CodeIgniter\CodeIgniter->runController(Object(App\Controllers\Trending))
#9 C:\laragon\www\ci4curso\system\CodeIgniter.php(366): CodeIgniter\CodeIgniter->handleRequest(NULL, Object(Config\Cache), false)
#10 C:\laragon\www\ci4curso\public\index.php(67): CodeIgniter\CodeIgniter->run()
#11 {main}

Next CodeIgniter\Database\Exceptions\DatabaseException: Nenhuma conexão pôde ser feita porque a máquina de destino as recusou ativamente in C:\laragon\www\ci4curso\system\Database\MySQLi\Connection.php:218
Stack trace:
#0 C:\laragon\www\ci4curso\system\Database\BaseConnection.php(391): CodeIgniter\Database\MySQLi\Connection->connect(false)
#1 C:\laragon\www\ci4curso\system\Database\BaseConnection.php(574): CodeIgniter\Database\BaseConnection->initialize()
#2 C:\laragon\www\ci4curso\system\Database\BaseBuilder.php(1616): CodeIgniter\Database\BaseConnection->query('SELECT `posts`....', Array, false)
#3 C:\laragon\www\ci4curso\system\Model.php(241): CodeIgniter\Database\BaseBuilder->get()
#4 C:\laragon\www\ci4curso\system\BaseModel.php(618): CodeIgniter\Model->doFindAll(5, 0)
#5 C:\laragon\www\ci4curso\app\Controllers\Trending.php(23): CodeIgniter\BaseModel->findAll(5)
#6 C:\laragon\www\ci4curso\system\CodeIgniter.php(932): App\Controllers\Trending->index()
#7 C:\laragon\www\ci4curso\system\CodeIgniter.php(497): CodeIgniter\CodeIgniter->runController(Object(App\Controllers\Trending))
#8 C:\laragon\www\ci4curso\system\CodeIgniter.php(366): CodeIgniter\CodeIgniter->handleRequest(NULL, Object(Config\Cache), false)
#9 C:\laragon\www\ci4curso\public\index.php(67): CodeIgniter\CodeIgniter->run()
#10 {main}
CRITICAL - 2023-08-28 23:57:50 --> Unable to connect to the database.
Main connection [MySQLi]: Nenhuma conexão pôde ser feita porque a máquina de destino as recusou ativamente
in SYSTEMPATH\Database\BaseConnection.php on line 427.
 1 SYSTEMPATH\Database\BaseConnection.php(574): CodeIgniter\Database\BaseConnection->initialize()
 2 SYSTEMPATH\Database\BaseBuilder.php(1616): CodeIgniter\Database\BaseConnection->query('SELECT `posts`.`title`, `users`.`fistName` as `userFirstName`, `users`.`lastName` as `userLastName`
FROM `posts`
JOIN `users` ON `users`.`id` = `posts`.`user_id`
ORDER BY `visits` DESC
 LIMIT 5', [], false)
 3 SYSTEMPATH\Model.php(241): CodeIgniter\Database\BaseBuilder->get()
 4 SYSTEMPATH\BaseModel.php(618): CodeIgniter\Model->doFindAll(5, 0)
 5 APPPATH\Controllers\Trending.php(23): CodeIgniter\BaseModel->findAll(5)
 6 SYSTEMPATH\CodeIgniter.php(932): App\Controllers\Trending->index()
 7 SYSTEMPATH\CodeIgniter.php(497): CodeIgniter\CodeIgniter->runController(Object(App\Controllers\Trending))
 8 SYSTEMPATH\CodeIgniter.php(366): CodeIgniter\CodeIgniter->handleRequest(null, Object(Config\Cache), false)
 9 FCPATH\index.php(67): CodeIgniter\CodeIgniter->run()
ERROR - 2023-08-28 23:59:47 --> Error connecting to the database: mysqli_sql_exception: Nenhuma conexão pôde ser feita porque a máquina de destino as recusou ativamente in C:\laragon\www\ci4curso\system\Database\MySQLi\Connection.php:174
Stack trace:
#0 C:\laragon\www\ci4curso\system\Database\MySQLi\Connection.php(174): mysqli->real_connect('localhost', 'root', '', 'blog_ci', 3306, '', 0)
#1 C:\laragon\www\ci4curso\system\Database\BaseConnection.php(391): CodeIgniter\Database\MySQLi\Connection->connect(false)
#2 C:\laragon\www\ci4curso\system\Database\BaseConnection.php(574): CodeIgniter\Database\BaseConnection->initialize()
#3 C:\laragon\www\ci4curso\system\Database\BaseBuilder.php(1616): CodeIgniter\Database\BaseConnection->query('SELECT `posts`....', Array, false)
#4 C:\laragon\www\ci4curso\system\Model.php(241): CodeIgniter\Database\BaseBuilder->get()
#5 C:\laragon\www\ci4curso\system\BaseModel.php(618): CodeIgniter\Model->doFindAll(7, 0)
#6 C:\laragon\www\ci4curso\app\Controllers\Recent.php(32): CodeIgniter\BaseModel->findAll(7)
#7 C:\laragon\www\ci4curso\system\CodeIgniter.php(932): App\Controllers\Recent->index()
#8 C:\laragon\www\ci4curso\system\CodeIgniter.php(497): CodeIgniter\CodeIgniter->runController(Object(App\Controllers\Recent))
#9 C:\laragon\www\ci4curso\system\CodeIgniter.php(366): CodeIgniter\CodeIgniter->handleRequest(NULL, Object(Config\Cache), false)
#10 C:\laragon\www\ci4curso\public\index.php(67): CodeIgniter\CodeIgniter->run()
#11 {main}

Next CodeIgniter\Database\Exceptions\DatabaseException: Nenhuma conexão pôde ser feita porque a máquina de destino as recusou ativamente in C:\laragon\www\ci4curso\system\Database\MySQLi\Connection.php:218
Stack trace:
#0 C:\laragon\www\ci4curso\system\Database\BaseConnection.php(391): CodeIgniter\Database\MySQLi\Connection->connect(false)
#1 C:\laragon\www\ci4curso\system\Database\BaseConnection.php(574): CodeIgniter\Database\BaseConnection->initialize()
#2 C:\laragon\www\ci4curso\system\Database\BaseBuilder.php(1616): CodeIgniter\Database\BaseConnection->query('SELECT `posts`....', Array, false)
#3 C:\laragon\www\ci4curso\system\Model.php(241): CodeIgniter\Database\BaseBuilder->get()
#4 C:\laragon\www\ci4curso\system\BaseModel.php(618): CodeIgniter\Model->doFindAll(7, 0)
#5 C:\laragon\www\ci4curso\app\Controllers\Recent.php(32): CodeIgniter\BaseModel->findAll(7)
#6 C:\laragon\www\ci4curso\system\CodeIgniter.php(932): App\Controllers\Recent->index()
#7 C:\laragon\www\ci4curso\system\CodeIgniter.php(497): CodeIgniter\CodeIgniter->runController(Object(App\Controllers\Recent))
#8 C:\laragon\www\ci4curso\system\CodeIgniter.php(366): CodeIgniter\CodeIgniter->handleRequest(NULL, Object(Config\Cache), false)
#9 C:\laragon\www\ci4curso\public\index.php(67): CodeIgniter\CodeIgniter->run()
#10 {main}
CRITICAL - 2023-08-28 23:59:47 --> Unable to connect to the database.
Main connection [MySQLi]: Nenhuma conexão pôde ser feita porque a máquina de destino as recusou ativamente
in SYSTEMPATH\Database\BaseConnection.php on line 427.
 1 SYSTEMPATH\Database\BaseConnection.php(574): CodeIgniter\Database\BaseConnection->initialize()
 2 SYSTEMPATH\Database\BaseBuilder.php(1616): CodeIgniter\Database\BaseConnection->query('SELECT `posts`.`id`, `posts`.`title`, `posts`.`image`, `posts`.`create_at`, `posts`.`description`, `categories`.`name` as `categoryName`, `users`.`fistName` as `userFirstName`, `users`.`lastName` as `userLastName`
FROM `posts`
JOIN `users` ON `users`.`id` = `posts`.`user_id`
JOIN `categories` ON `categories`.`id` = `posts`.`category_id`
ORDER BY `id` DESC
 LIMIT 7', [], false)
 3 SYSTEMPATH\Model.php(241): CodeIgniter\Database\BaseBuilder->get()
 4 SYSTEMPATH\BaseModel.php(618): CodeIgniter\Model->doFindAll(7, 0)
 5 APPPATH\Controllers\Recent.php(32): CodeIgniter\BaseModel->findAll(7)
 6 SYSTEMPATH\CodeIgniter.php(932): App\Controllers\Recent->index()
 7 SYSTEMPATH\CodeIgniter.php(497): CodeIgniter\CodeIgniter->runController(Object(App\Controllers\Recent))
 8 SYSTEMPATH\CodeIgniter.php(366): CodeIgniter\CodeIgniter->handleRequest(null, Object(Config\Cache), false)
 9 FCPATH\index.php(67): CodeIgniter\CodeIgniter->run()
ERROR - 2023-08-28 23:59:51 --> Error connecting to the database: mysqli_sql_exception: Nenhuma conexão pôde ser feita porque a máquina de destino as recusou ativamente in C:\laragon\www\ci4curso\system\Database\MySQLi\Connection.php:174
Stack trace:
#0 C:\laragon\www\ci4curso\system\Database\MySQLi\Connection.php(174): mysqli->real_connect('localhost', 'root', '', 'blog_ci', 3306, '', 0)
#1 C:\laragon\www\ci4curso\system\Database\BaseConnection.php(391): CodeIgniter\Database\MySQLi\Connection->connect(false)
#2 C:\laragon\www\ci4curso\system\Database\BaseConnection.php(574): CodeIgniter\Database\BaseConnection->initialize()
#3 C:\laragon\www\ci4curso\system\Database\BaseBuilder.php(1616): CodeIgniter\Database\BaseConnection->query('SELECT `posts`....', Array, false)
#4 C:\laragon\www\ci4curso\system\Model.php(241): CodeIgniter\Database\BaseBuilder->get()
#5 C:\laragon\www\ci4curso\system\BaseModel.php(618): CodeIgniter\Model->doFindAll(5, 0)
#6 C:\laragon\www\ci4curso\app\Controllers\Trending.php(23): CodeIgniter\BaseModel->findAll(5)
#7 C:\laragon\www\ci4curso\system\CodeIgniter.php(932): App\Controllers\Trending->index()
#8 C:\laragon\www\ci4curso\system\CodeIgniter.php(497): CodeIgniter\CodeIgniter->runController(Object(App\Controllers\Trending))
#9 C:\laragon\www\ci4curso\system\CodeIgniter.php(366): CodeIgniter\CodeIgniter->handleRequest(NULL, Object(Config\Cache), false)
#10 C:\laragon\www\ci4curso\public\index.php(67): CodeIgniter\CodeIgniter->run()
#11 {main}

Next CodeIgniter\Database\Exceptions\DatabaseException: Nenhuma conexão pôde ser feita porque a máquina de destino as recusou ativamente in C:\laragon\www\ci4curso\system\Database\MySQLi\Connection.php:218
Stack trace:
#0 C:\laragon\www\ci4curso\system\Database\BaseConnection.php(391): CodeIgniter\Database\MySQLi\Connection->connect(false)
#1 C:\laragon\www\ci4curso\system\Database\BaseConnection.php(574): CodeIgniter\Database\BaseConnection->initialize()
#2 C:\laragon\www\ci4curso\system\Database\BaseBuilder.php(1616): CodeIgniter\Database\BaseConnection->query('SELECT `posts`....', Array, false)
#3 C:\laragon\www\ci4curso\system\Model.php(241): CodeIgniter\Database\BaseBuilder->get()
#4 C:\laragon\www\ci4curso\system\BaseModel.php(618): CodeIgniter\Model->doFindAll(5, 0)
#5 C:\laragon\www\ci4curso\app\Controllers\Trending.php(23): CodeIgniter\BaseModel->findAll(5)
#6 C:\laragon\www\ci4curso\system\CodeIgniter.php(932): App\Controllers\Trending->index()
#7 C:\laragon\www\ci4curso\system\CodeIgniter.php(497): CodeIgniter\CodeIgniter->runController(Object(App\Controllers\Trending))
#8 C:\laragon\www\ci4curso\system\CodeIgniter.php(366): CodeIgniter\CodeIgniter->handleRequest(NULL, Object(Config\Cache), false)
#9 C:\laragon\www\ci4curso\public\index.php(67): CodeIgniter\CodeIgniter->run()
#10 {main}
CRITICAL - 2023-08-28 23:59:51 --> Unable to connect to the database.
Main connection [MySQLi]: Nenhuma conexão pôde ser feita porque a máquina de destino as recusou ativamente
in SYSTEMPATH\Database\BaseConnection.php on line 427.
 1 SYSTEMPATH\Database\BaseConnection.php(574): CodeIgniter\Database\BaseConnection->initialize()
 2 SYSTEMPATH\Database\BaseBuilder.php(1616): CodeIgniter\Database\BaseConnection->query('SELECT `posts`.`title`, `users`.`fistName` as `userFirstName`, `users`.`lastName` as `userLastName`
FROM `posts`
JOIN `users` ON `users`.`id` = `posts`.`user_id`
ORDER BY `visits` DESC
 LIMIT 5', [], false)
 3 SYSTEMPATH\Model.php(241): CodeIgniter\Database\BaseBuilder->get()
 4 SYSTEMPATH\BaseModel.php(618): CodeIgniter\Model->doFindAll(5, 0)
 5 APPPATH\Controllers\Trending.php(23): CodeIgniter\BaseModel->findAll(5)
 6 SYSTEMPATH\CodeIgniter.php(932): App\Controllers\Trending->index()
 7 SYSTEMPATH\CodeIgniter.php(497): CodeIgniter\CodeIgniter->runController(Object(App\Controllers\Trending))
 8 SYSTEMPATH\CodeIgniter.php(366): CodeIgniter\CodeIgniter->handleRequest(null, Object(Config\Cache), false)
 9 FCPATH\index.php(67): CodeIgniter\CodeIgniter->run()
