CRITICAL - 2023-08-29 00:00:13 --> Undefined array key 1
in APPPATH\Views\_partials\_category.php on line 31.
 1 APPPATH\Views\_partials\_category.php(31): CodeIgniter\Debug\Exceptions->errorHandler(2, 'Undefined array key 1', 'C:\\laragon\\www\\ci4curso\\app\\Views\\_partials\\_category.php', 31)
 2 SYSTEMPATH\View\View.php(224): include('C:\\laragon\\www\\ci4curso\\app\\Views\\_partials\\_category.php')
 3 SYSTEMPATH\View\View.php(227): CodeIgniter\View\View->CodeIgniter\View\{closure}()
 4 SYSTEMPATH\Common.php(1176): CodeIgniter\View\View->render('_partials/_category', [], true)
 5 APPPATH\Controllers\Category.php(52): view('_partials/_category', [...])
 6 SYSTEMPATH\CodeIgniter.php(932): App\Controllers\Category->index('culture')
 7 SYSTEMPATH\CodeIgniter.php(497): CodeIgniter\CodeIgniter->runController(Object(App\Controllers\Category))
 8 SYSTEMPATH\CodeIgniter.php(366): CodeIgniter\CodeIgniter->handleRequest(null, Object(Config\Cache), false)
 9 FCPATH\index.php(67): CodeIgniter\CodeIgniter->run()
CRITICAL - 2023-08-29 00:00:13 --> Undefined array key 1
in APPPATH\Views\_partials\_category.php on line 31.
 1 APPPATH\Views\_partials\_category.php(31): CodeIgniter\Debug\Exceptions->errorHandler(2, 'Undefined array key 1', 'C:\\laragon\\www\\ci4curso\\app\\Views\\_partials\\_category.php', 31)
 2 SYSTEMPATH\View\View.php(224): include('C:\\laragon\\www\\ci4curso\\app\\Views\\_partials\\_category.php')
 3 SYSTEMPATH\View\View.php(227): CodeIgniter\View\View->CodeIgniter\View\{closure}()
 4 SYSTEMPATH\Common.php(1176): CodeIgniter\View\View->render('_partials/_category', [], true)
 5 APPPATH\Controllers\Category.php(52): view('_partials/_category', [...])
 6 SYSTEMPATH\CodeIgniter.php(932): App\Controllers\Category->index('business')
 7 SYSTEMPATH\CodeIgniter.php(497): CodeIgniter\CodeIgniter->runController(Object(App\Controllers\Category))
 8 SYSTEMPATH\CodeIgniter.php(366): CodeIgniter\CodeIgniter->handleRequest(null, Object(Config\Cache), false)
 9 FCPATH\index.php(67): CodeIgniter\CodeIgniter->run()
CRITICAL - 2023-08-29 00:00:13 --> Undefined array key 2
in APPPATH\Views\_partials\_category.php on line 49.
 1 APPPATH\Views\_partials\_category.php(49): CodeIgniter\Debug\Exceptions->errorHandler(2, 'Undefined array key 2', 'C:\\laragon\\www\\ci4curso\\app\\Views\\_partials\\_category.php', 49)
 2 SYSTEMPATH\View\View.php(224): include('C:\\laragon\\www\\ci4curso\\app\\Views\\_partials\\_category.php')
 3 SYSTEMPATH\View\View.php(227): CodeIgniter\View\View->CodeIgniter\View\{closure}()
 4 SYSTEMPATH\Common.php(1176): CodeIgniter\View\View->render('_partials/_category', [], true)
 5 APPPATH\Controllers\Category.php(52): view('_partials/_category', [...])
 6 SYSTEMPATH\CodeIgniter.php(932): App\Controllers\Category->index('lifeStyle')
 7 SYSTEMPATH\CodeIgniter.php(497): CodeIgniter\CodeIgniter->runController(Object(App\Controllers\Category))
 8 SYSTEMPATH\CodeIgniter.php(366): CodeIgniter\CodeIgniter->handleRequest(null, Object(Config\Cache), false)
 9 FCPATH\index.php(67): CodeIgniter\CodeIgniter->run()
CRITICAL - 2023-08-29 00:12:58 --> Undefined array key 1
in APPPATH\Views\_partials\_category.php on line 31.
 1 APPPATH\Views\_partials\_category.php(31): CodeIgniter\Debug\Exceptions->errorHandler(2, 'Undefined array key 1', 'C:\\laragon\\www\\ci4curso\\app\\Views\\_partials\\_category.php', 31)
 2 SYSTEMPATH\View\View.php(224): include('C:\\laragon\\www\\ci4curso\\app\\Views\\_partials\\_category.php')
 3 SYSTEMPATH\View\View.php(227): CodeIgniter\View\View->CodeIgniter\View\{closure}()
 4 SYSTEMPATH\Common.php(1176): CodeIgniter\View\View->render('_partials/_category', [], true)
 5 APPPATH\Controllers\Category.php(52): view('_partials/_category', [...])
 6 SYSTEMPATH\CodeIgniter.php(932): App\Controllers\Category->index('culture')
 7 SYSTEMPATH\CodeIgniter.php(497): CodeIgniter\CodeIgniter->runController(Object(App\Controllers\Category))
 8 SYSTEMPATH\CodeIgniter.php(366): CodeIgniter\CodeIgniter->handleRequest(null, Object(Config\Cache), false)
 9 FCPATH\index.php(67): CodeIgniter\CodeIgniter->run()
CRITICAL - 2023-08-29 00:12:59 --> Undefined array key 1
in APPPATH\Views\_partials\_category.php on line 31.
 1 APPPATH\Views\_partials\_category.php(31): CodeIgniter\Debug\Exceptions->errorHandler(2, 'Undefined array key 1', 'C:\\laragon\\www\\ci4curso\\app\\Views\\_partials\\_category.php', 31)
 2 SYSTEMPATH\View\View.php(224): include('C:\\laragon\\www\\ci4curso\\app\\Views\\_partials\\_category.php')
 3 SYSTEMPATH\View\View.php(227): CodeIgniter\View\View->CodeIgniter\View\{closure}()
 4 SYSTEMPATH\Common.php(1176): CodeIgniter\View\View->render('_partials/_category', [], true)
 5 APPPATH\Controllers\Category.php(52): view('_partials/_category', [...])
 6 SYSTEMPATH\CodeIgniter.php(932): App\Controllers\Category->index('business')
 7 SYSTEMPATH\CodeIgniter.php(497): CodeIgniter\CodeIgniter->runController(Object(App\Controllers\Category))
 8 SYSTEMPATH\CodeIgniter.php(366): CodeIgniter\CodeIgniter->handleRequest(null, Object(Config\Cache), false)
 9 FCPATH\index.php(67): CodeIgniter\CodeIgniter->run()
CRITICAL - 2023-08-29 00:12:59 --> Undefined array key 2
in APPPATH\Views\_partials\_category.php on line 40.
 1 APPPATH\Views\_partials\_category.php(40): CodeIgniter\Debug\Exceptions->errorHandler(2, 'Undefined array key 2', 'C:\\laragon\\www\\ci4curso\\app\\Views\\_partials\\_category.php', 40)
 2 SYSTEMPATH\View\View.php(224): include('C:\\laragon\\www\\ci4curso\\app\\Views\\_partials\\_category.php')
 3 SYSTEMPATH\View\View.php(227): CodeIgniter\View\View->CodeIgniter\View\{closure}()
 4 SYSTEMPATH\Common.php(1176): CodeIgniter\View\View->render('_partials/_category', [], true)
 5 APPPATH\Controllers\Category.php(52): view('_partials/_category', [...])
 6 SYSTEMPATH\CodeIgniter.php(932): App\Controllers\Category->index('lifeStyle')
 7 SYSTEMPATH\CodeIgniter.php(497): CodeIgniter\CodeIgniter->runController(Object(App\Controllers\Category))
 8 SYSTEMPATH\CodeIgniter.php(366): CodeIgniter\CodeIgniter->handleRequest(null, Object(Config\Cache), false)
 9 FCPATH\index.php(67): CodeIgniter\CodeIgniter->run()
CRITICAL - 2023-08-29 00:24:07 --> Undefined array key 1
in APPPATH\Views\_partials\_category.php on line 31.
 1 APPPATH\Views\_partials\_category.php(31): CodeIgniter\Debug\Exceptions->errorHandler(2, 'Undefined array key 1', 'C:\\laragon\\www\\ci4curso\\app\\Views\\_partials\\_category.php', 31)
 2 SYSTEMPATH\View\View.php(224): include('C:\\laragon\\www\\ci4curso\\app\\Views\\_partials\\_category.php')
 3 SYSTEMPATH\View\View.php(227): CodeIgniter\View\View->CodeIgniter\View\{closure}()
 4 SYSTEMPATH\Common.php(1176): CodeIgniter\View\View->render('_partials/_category', [], true)
 5 APPPATH\Controllers\Category.php(52): view('_partials/_category', [...])
 6 SYSTEMPATH\CodeIgniter.php(932): App\Controllers\Category->index('culture')
 7 SYSTEMPATH\CodeIgniter.php(497): CodeIgniter\CodeIgniter->runController(Object(App\Controllers\Category))
 8 SYSTEMPATH\CodeIgniter.php(366): CodeIgniter\CodeIgniter->handleRequest(null, Object(Config\Cache), false)
 9 FCPATH\index.php(67): CodeIgniter\CodeIgniter->run()
CRITICAL - 2023-08-29 00:24:07 --> Undefined array key 1
in APPPATH\Views\_partials\_category.php on line 31.
 1 APPPATH\Views\_partials\_category.php(31): CodeIgniter\Debug\Exceptions->errorHandler(2, 'Undefined array key 1', 'C:\\laragon\\www\\ci4curso\\app\\Views\\_partials\\_category.php', 31)
 2 SYSTEMPATH\View\View.php(224): include('C:\\laragon\\www\\ci4curso\\app\\Views\\_partials\\_category.php')
 3 SYSTEMPATH\View\View.php(227): CodeIgniter\View\View->CodeIgniter\View\{closure}()
 4 SYSTEMPATH\Common.php(1176): CodeIgniter\View\View->render('_partials/_category', [], true)
 5 APPPATH\Controllers\Category.php(52): view('_partials/_category', [...])
 6 SYSTEMPATH\CodeIgniter.php(932): App\Controllers\Category->index('business')
 7 SYSTEMPATH\CodeIgniter.php(497): CodeIgniter\CodeIgniter->runController(Object(App\Controllers\Category))
 8 SYSTEMPATH\CodeIgniter.php(366): CodeIgniter\CodeIgniter->handleRequest(null, Object(Config\Cache), false)
 9 FCPATH\index.php(67): CodeIgniter\CodeIgniter->run()
CRITICAL - 2023-08-29 00:24:07 --> Undefined array key 3
in APPPATH\Views\_partials\_category.php on line 49.
 1 APPPATH\Views\_partials\_category.php(49): CodeIgniter\Debug\Exceptions->errorHandler(2, 'Undefined array key 3', 'C:\\laragon\\www\\ci4curso\\app\\Views\\_partials\\_category.php', 49)
 2 SYSTEMPATH\View\View.php(224): include('C:\\laragon\\www\\ci4curso\\app\\Views\\_partials\\_category.php')
 3 SYSTEMPATH\View\View.php(227): CodeIgniter\View\View->CodeIgniter\View\{closure}()
 4 SYSTEMPATH\Common.php(1176): CodeIgniter\View\View->render('_partials/_category', [], true)
 5 APPPATH\Controllers\Category.php(52): view('_partials/_category', [...])
 6 SYSTEMPATH\CodeIgniter.php(932): App\Controllers\Category->index('lifeStyle')
 7 SYSTEMPATH\CodeIgniter.php(497): CodeIgniter\CodeIgniter->runController(Object(App\Controllers\Category))
 8 SYSTEMPATH\CodeIgniter.php(366): CodeIgniter\CodeIgniter->handleRequest(null, Object(Config\Cache), false)
 9 FCPATH\index.php(67): CodeIgniter\CodeIgniter->run()
CRITICAL - 2023-08-29 00:25:32 --> Undefined variable $recent
in APPPATH\Views\_partials\_category.php on line 62.
 1 APPPATH\Views\_partials\_category.php(62): CodeIgniter\Debug\Exceptions->errorHandler(2, 'Undefined variable $recent', 'C:\\laragon\\www\\ci4curso\\app\\Views\\_partials\\_category.php', 62)
 2 SYSTEMPATH\View\View.php(224): include('C:\\laragon\\www\\ci4curso\\app\\Views\\_partials\\_category.php')
 3 SYSTEMPATH\View\View.php(227): CodeIgniter\View\View->CodeIgniter\View\{closure}()
 4 SYSTEMPATH\Common.php(1176): CodeIgniter\View\View->render('_partials/_category', [], true)
 5 APPPATH\Controllers\Category.php(52): view('_partials/_category', [...])
 6 SYSTEMPATH\CodeIgniter.php(932): App\Controllers\Category->index('culture')
 7 SYSTEMPATH\CodeIgniter.php(497): CodeIgniter\CodeIgniter->runController(Object(App\Controllers\Category))
 8 SYSTEMPATH\CodeIgniter.php(366): CodeIgniter\CodeIgniter->handleRequest(null, Object(Config\Cache), false)
 9 FCPATH\index.php(67): CodeIgniter\CodeIgniter->run()
CRITICAL - 2023-08-29 00:25:32 --> Undefined variable $recent
in APPPATH\Views\_partials\_category.php on line 62.
 1 APPPATH\Views\_partials\_category.php(62): CodeIgniter\Debug\Exceptions->errorHandler(2, 'Undefined variable $recent', 'C:\\laragon\\www\\ci4curso\\app\\Views\\_partials\\_category.php', 62)
 2 SYSTEMPATH\View\View.php(224): include('C:\\laragon\\www\\ci4curso\\app\\Views\\_partials\\_category.php')
 3 SYSTEMPATH\View\View.php(227): CodeIgniter\View\View->CodeIgniter\View\{closure}()
 4 SYSTEMPATH\Common.php(1176): CodeIgniter\View\View->render('_partials/_category', [], true)
 5 APPPATH\Controllers\Category.php(52): view('_partials/_category', [...])
 6 SYSTEMPATH\CodeIgniter.php(932): App\Controllers\Category->index('business')
 7 SYSTEMPATH\CodeIgniter.php(497): CodeIgniter\CodeIgniter->runController(Object(App\Controllers\Category))
 8 SYSTEMPATH\CodeIgniter.php(366): CodeIgniter\CodeIgniter->handleRequest(null, Object(Config\Cache), false)
 9 FCPATH\index.php(67): CodeIgniter\CodeIgniter->run()
CRITICAL - 2023-08-29 00:25:32 --> Undefined variable $recent
in APPPATH\Views\_partials\_category.php on line 62.
 1 APPPATH\Views\_partials\_category.php(62): CodeIgniter\Debug\Exceptions->errorHandler(2, 'Undefined variable $recent', 'C:\\laragon\\www\\ci4curso\\app\\Views\\_partials\\_category.php', 62)
 2 SYSTEMPATH\View\View.php(224): include('C:\\laragon\\www\\ci4curso\\app\\Views\\_partials\\_category.php')
 3 SYSTEMPATH\View\View.php(227): CodeIgniter\View\View->CodeIgniter\View\{closure}()
 4 SYSTEMPATH\Common.php(1176): CodeIgniter\View\View->render('_partials/_category', [], true)
 5 APPPATH\Controllers\Category.php(52): view('_partials/_category', [...])
 6 SYSTEMPATH\CodeIgniter.php(932): App\Controllers\Category->index('lifeStyle')
 7 SYSTEMPATH\CodeIgniter.php(497): CodeIgniter\CodeIgniter->runController(Object(App\Controllers\Category))
 8 SYSTEMPATH\CodeIgniter.php(366): CodeIgniter\CodeIgniter->handleRequest(null, Object(Config\Cache), false)
 9 FCPATH\index.php(67): CodeIgniter\CodeIgniter->run()
CRITICAL - 2023-08-29 00:26:36 --> Undefined variable $recent
in APPPATH\Views\_partials\_category.php on line 62.
 1 APPPATH\Views\_partials\_category.php(62): CodeIgniter\Debug\Exceptions->errorHandler(2, 'Undefined variable $recent', 'C:\\laragon\\www\\ci4curso\\app\\Views\\_partials\\_category.php', 62)
 2 SYSTEMPATH\View\View.php(224): include('C:\\laragon\\www\\ci4curso\\app\\Views\\_partials\\_category.php')
 3 SYSTEMPATH\View\View.php(227): CodeIgniter\View\View->CodeIgniter\View\{closure}()
 4 SYSTEMPATH\Common.php(1176): CodeIgniter\View\View->render('_partials/_category', [], true)
 5 APPPATH\Controllers\Category.php(52): view('_partials/_category', [...])
 6 SYSTEMPATH\CodeIgniter.php(932): App\Controllers\Category->index('culture')
 7 SYSTEMPATH\CodeIgniter.php(497): CodeIgniter\CodeIgniter->runController(Object(App\Controllers\Category))
 8 SYSTEMPATH\CodeIgniter.php(366): CodeIgniter\CodeIgniter->handleRequest(null, Object(Config\Cache), false)
 9 FCPATH\index.php(67): CodeIgniter\CodeIgniter->run()
CRITICAL - 2023-08-29 00:26:37 --> Undefined variable $recent
in APPPATH\Views\_partials\_category.php on line 62.
 1 APPPATH\Views\_partials\_category.php(62): CodeIgniter\Debug\Exceptions->errorHandler(2, 'Undefined variable $recent', 'C:\\laragon\\www\\ci4curso\\app\\Views\\_partials\\_category.php', 62)
 2 SYSTEMPATH\View\View.php(224): include('C:\\laragon\\www\\ci4curso\\app\\Views\\_partials\\_category.php')
 3 SYSTEMPATH\View\View.php(227): CodeIgniter\View\View->CodeIgniter\View\{closure}()
 4 SYSTEMPATH\Common.php(1176): CodeIgniter\View\View->render('_partials/_category', [], true)
 5 APPPATH\Controllers\Category.php(52): view('_partials/_category', [...])
 6 SYSTEMPATH\CodeIgniter.php(932): App\Controllers\Category->index('business')
 7 SYSTEMPATH\CodeIgniter.php(497): CodeIgniter\CodeIgniter->runController(Object(App\Controllers\Category))
 8 SYSTEMPATH\CodeIgniter.php(366): CodeIgniter\CodeIgniter->handleRequest(null, Object(Config\Cache), false)
 9 FCPATH\index.php(67): CodeIgniter\CodeIgniter->run()
CRITICAL - 2023-08-29 00:26:37 --> Undefined variable $recent
in APPPATH\Views\_partials\_category.php on line 62.
 1 APPPATH\Views\_partials\_category.php(62): CodeIgniter\Debug\Exceptions->errorHandler(2, 'Undefined variable $recent', 'C:\\laragon\\www\\ci4curso\\app\\Views\\_partials\\_category.php', 62)
 2 SYSTEMPATH\View\View.php(224): include('C:\\laragon\\www\\ci4curso\\app\\Views\\_partials\\_category.php')
 3 SYSTEMPATH\View\View.php(227): CodeIgniter\View\View->CodeIgniter\View\{closure}()
 4 SYSTEMPATH\Common.php(1176): CodeIgniter\View\View->render('_partials/_category', [], true)
 5 APPPATH\Controllers\Category.php(52): view('_partials/_category', [...])
 6 SYSTEMPATH\CodeIgniter.php(932): App\Controllers\Category->index('lifeStyle')
 7 SYSTEMPATH\CodeIgniter.php(497): CodeIgniter\CodeIgniter->runController(Object(App\Controllers\Category))
 8 SYSTEMPATH\CodeIgniter.php(366): CodeIgniter\CodeIgniter->handleRequest(null, Object(Config\Cache), false)
 9 FCPATH\index.php(67): CodeIgniter\CodeIgniter->run()
