ERROR - 2023-08-23 13:48:18 --> Error connecting to the database: mysqli_sql_exception: Nenhuma conexão pôde ser feita porque a máquina de destino as recusou ativamente in C:\laragon\www\ci4curso\system\Database\MySQLi\Connection.php:174
Stack trace:
#0 C:\laragon\www\ci4curso\system\Database\MySQLi\Connection.php(174): mysqli->real_connect('localhost', 'root', '', 'blog_ci', 3306, '', 0)
#1 C:\laragon\www\ci4curso\system\Database\BaseConnection.php(391): CodeIgniter\Database\MySQLi\Connection->connect(false)
#2 C:\laragon\www\ci4curso\system\Database\BaseConnection.php(574): CodeIgniter\Database\BaseConnection->initialize()
#3 C:\laragon\www\ci4curso\system\Database\BaseBuilder.php(1616): CodeIgniter\Database\BaseConnection->query('SELECT `posts`....', Array, false)
#4 C:\laragon\www\ci4curso\system\Model.php(241): CodeIgniter\Database\BaseBuilder->get()
#5 C:\laragon\www\ci4curso\system\BaseModel.php(618): CodeIgniter\Model->doFindAll(7, 0)
#6 C:\laragon\www\ci4curso\app\Controllers\Home.php(22): CodeIgniter\BaseModel->findAll(7)
#7 C:\laragon\www\ci4curso\system\CodeIgniter.php(932): App\Controllers\Home->index()
#8 C:\laragon\www\ci4curso\system\CodeIgniter.php(497): CodeIgniter\CodeIgniter->runController(Object(App\Controllers\Home))
#9 C:\laragon\www\ci4curso\system\CodeIgniter.php(366): CodeIgniter\CodeIgniter->handleRequest(NULL, Object(Config\Cache), false)
#10 C:\laragon\www\ci4curso\public\index.php(67): CodeIgniter\CodeIgniter->run()
#11 {main}

Next CodeIgniter\Database\Exceptions\DatabaseException: Nenhuma conexão pôde ser feita porque a máquina de destino as recusou ativamente in C:\laragon\www\ci4curso\system\Database\MySQLi\Connection.php:218
Stack trace:
#0 C:\laragon\www\ci4curso\system\Database\BaseConnection.php(391): CodeIgniter\Database\MySQLi\Connection->connect(false)
#1 C:\laragon\www\ci4curso\system\Database\BaseConnection.php(574): CodeIgniter\Database\BaseConnection->initialize()
#2 C:\laragon\www\ci4curso\system\Database\BaseBuilder.php(1616): CodeIgniter\Database\BaseConnection->query('SELECT `posts`....', Array, false)
#3 C:\laragon\www\ci4curso\system\Model.php(241): CodeIgniter\Database\BaseBuilder->get()
#4 C:\laragon\www\ci4curso\system\BaseModel.php(618): CodeIgniter\Model->doFindAll(7, 0)
#5 C:\laragon\www\ci4curso\app\Controllers\Home.php(22): CodeIgniter\BaseModel->findAll(7)
#6 C:\laragon\www\ci4curso\system\CodeIgniter.php(932): App\Controllers\Home->index()
#7 C:\laragon\www\ci4curso\system\CodeIgniter.php(497): CodeIgniter\CodeIgniter->runController(Object(App\Controllers\Home))
#8 C:\laragon\www\ci4curso\system\CodeIgniter.php(366): CodeIgniter\CodeIgniter->handleRequest(NULL, Object(Config\Cache), false)
#9 C:\laragon\www\ci4curso\public\index.php(67): CodeIgniter\CodeIgniter->run()
#10 {main}
CRITICAL - 2023-08-23 13:48:18 --> Unable to connect to the database.
Main connection [MySQLi]: Nenhuma conexão pôde ser feita porque a máquina de destino as recusou ativamente
in SYSTEMPATH\Database\BaseConnection.php on line 427.
 1 SYSTEMPATH\Database\BaseConnection.php(574): CodeIgniter\Database\BaseConnection->initialize()
 2 SYSTEMPATH\Database\BaseBuilder.php(1616): CodeIgniter\Database\BaseConnection->query('SELECT `posts`.`id`, `posts`.`title`, `posts`.`image`, `posts`.`created_at`, `posts`.`description`, `categories`.`name` as `categoryName`, `users`.`firstName` as `userFirstName`, `users`.`lastName` as `userLastName`
FROM `posts`
JOIN `user` ON `user`.`id` = `post`.`user`.`id`
JOIN `categories` ON `categories`.`id` = `post`.`category`.`id`
ORDER BY `id` DESC
 LIMIT 7', [], false)
 3 SYSTEMPATH\Model.php(241): CodeIgniter\Database\BaseBuilder->get()
 4 SYSTEMPATH\BaseModel.php(618): CodeIgniter\Model->doFindAll(7, 0)
 5 APPPATH\Controllers\Home.php(22): CodeIgniter\BaseModel->findAll(7)
 6 SYSTEMPATH\CodeIgniter.php(932): App\Controllers\Home->index()
 7 SYSTEMPATH\CodeIgniter.php(497): CodeIgniter\CodeIgniter->runController(Object(App\Controllers\Home))
 8 SYSTEMPATH\CodeIgniter.php(366): CodeIgniter\CodeIgniter->handleRequest(null, Object(Config\Cache), false)
 9 FCPATH\index.php(67): CodeIgniter\CodeIgniter->run()
ERROR - 2023-08-23 13:48:23 --> Error connecting to the database: mysqli_sql_exception: Nenhuma conexão pôde ser feita porque a máquina de destino as recusou ativamente in C:\laragon\www\ci4curso\system\Database\MySQLi\Connection.php:174
Stack trace:
#0 C:\laragon\www\ci4curso\system\Database\MySQLi\Connection.php(174): mysqli->real_connect('localhost', 'root', '', 'blog_ci', 3306, '', 0)
#1 C:\laragon\www\ci4curso\system\Database\BaseConnection.php(391): CodeIgniter\Database\MySQLi\Connection->connect(false)
#2 C:\laragon\www\ci4curso\system\Database\BaseConnection.php(574): CodeIgniter\Database\BaseConnection->initialize()
#3 C:\laragon\www\ci4curso\system\Database\BaseBuilder.php(1616): CodeIgniter\Database\BaseConnection->query('SELECT `posts`....', Array, false)
#4 C:\laragon\www\ci4curso\system\Model.php(241): CodeIgniter\Database\BaseBuilder->get()
#5 C:\laragon\www\ci4curso\system\BaseModel.php(618): CodeIgniter\Model->doFindAll(7, 0)
#6 C:\laragon\www\ci4curso\app\Controllers\Home.php(22): CodeIgniter\BaseModel->findAll(7)
#7 C:\laragon\www\ci4curso\system\CodeIgniter.php(932): App\Controllers\Home->index()
#8 C:\laragon\www\ci4curso\system\CodeIgniter.php(497): CodeIgniter\CodeIgniter->runController(Object(App\Controllers\Home))
#9 C:\laragon\www\ci4curso\system\CodeIgniter.php(366): CodeIgniter\CodeIgniter->handleRequest(NULL, Object(Config\Cache), false)
#10 C:\laragon\www\ci4curso\public\index.php(67): CodeIgniter\CodeIgniter->run()
#11 {main}

Next CodeIgniter\Database\Exceptions\DatabaseException: Nenhuma conexão pôde ser feita porque a máquina de destino as recusou ativamente in C:\laragon\www\ci4curso\system\Database\MySQLi\Connection.php:218
Stack trace:
#0 C:\laragon\www\ci4curso\system\Database\BaseConnection.php(391): CodeIgniter\Database\MySQLi\Connection->connect(false)
#1 C:\laragon\www\ci4curso\system\Database\BaseConnection.php(574): CodeIgniter\Database\BaseConnection->initialize()
#2 C:\laragon\www\ci4curso\system\Database\BaseBuilder.php(1616): CodeIgniter\Database\BaseConnection->query('SELECT `posts`....', Array, false)
#3 C:\laragon\www\ci4curso\system\Model.php(241): CodeIgniter\Database\BaseBuilder->get()
#4 C:\laragon\www\ci4curso\system\BaseModel.php(618): CodeIgniter\Model->doFindAll(7, 0)
#5 C:\laragon\www\ci4curso\app\Controllers\Home.php(22): CodeIgniter\BaseModel->findAll(7)
#6 C:\laragon\www\ci4curso\system\CodeIgniter.php(932): App\Controllers\Home->index()
#7 C:\laragon\www\ci4curso\system\CodeIgniter.php(497): CodeIgniter\CodeIgniter->runController(Object(App\Controllers\Home))
#8 C:\laragon\www\ci4curso\system\CodeIgniter.php(366): CodeIgniter\CodeIgniter->handleRequest(NULL, Object(Config\Cache), false)
#9 C:\laragon\www\ci4curso\public\index.php(67): CodeIgniter\CodeIgniter->run()
#10 {main}
CRITICAL - 2023-08-23 13:48:23 --> Unable to connect to the database.
Main connection [MySQLi]: Nenhuma conexão pôde ser feita porque a máquina de destino as recusou ativamente
in SYSTEMPATH\Database\BaseConnection.php on line 427.
 1 SYSTEMPATH\Database\BaseConnection.php(574): CodeIgniter\Database\BaseConnection->initialize()
 2 SYSTEMPATH\Database\BaseBuilder.php(1616): CodeIgniter\Database\BaseConnection->query('SELECT `posts`.`id`, `posts`.`title`, `posts`.`image`, `posts`.`created_at`, `posts`.`description`, `categories`.`name` as `categoryName`, `users`.`firstName` as `userFirstName`, `users`.`lastName` as `userLastName`
FROM `posts`
JOIN `user` ON `user`.`id` = `post`.`user`.`id`
JOIN `categories` ON `categories`.`id` = `post`.`category`.`id`
ORDER BY `id` DESC
 LIMIT 7', [], false)
 3 SYSTEMPATH\Model.php(241): CodeIgniter\Database\BaseBuilder->get()
 4 SYSTEMPATH\BaseModel.php(618): CodeIgniter\Model->doFindAll(7, 0)
 5 APPPATH\Controllers\Home.php(22): CodeIgniter\BaseModel->findAll(7)
 6 SYSTEMPATH\CodeIgniter.php(932): App\Controllers\Home->index()
 7 SYSTEMPATH\CodeIgniter.php(497): CodeIgniter\CodeIgniter->runController(Object(App\Controllers\Home))
 8 SYSTEMPATH\CodeIgniter.php(366): CodeIgniter\CodeIgniter->handleRequest(null, Object(Config\Cache), false)
 9 FCPATH\index.php(67): CodeIgniter\CodeIgniter->run()
ERROR - 2023-08-23 13:48:43 --> mysqli_sql_exception: Table 'blog_ci.user' doesn't exist in C:\laragon\www\ci4curso\system\Database\MySQLi\Connection.php:295
Stack trace:
#0 C:\laragon\www\ci4curso\system\Database\MySQLi\Connection.php(295): mysqli->query('SELECT `posts`....', 0)
#1 C:\laragon\www\ci4curso\system\Database\BaseConnection.php(692): CodeIgniter\Database\MySQLi\Connection->execute('SELECT `posts`....')
#2 C:\laragon\www\ci4curso\system\Database\BaseConnection.php(606): CodeIgniter\Database\BaseConnection->simpleQuery('SELECT `posts`....')
#3 C:\laragon\www\ci4curso\system\Database\BaseBuilder.php(1616): CodeIgniter\Database\BaseConnection->query('SELECT `posts`....', Array, false)
#4 C:\laragon\www\ci4curso\system\Model.php(241): CodeIgniter\Database\BaseBuilder->get()
#5 C:\laragon\www\ci4curso\system\BaseModel.php(618): CodeIgniter\Model->doFindAll(7, 0)
#6 C:\laragon\www\ci4curso\app\Controllers\Home.php(22): CodeIgniter\BaseModel->findAll(7)
#7 C:\laragon\www\ci4curso\system\CodeIgniter.php(932): App\Controllers\Home->index()
#8 C:\laragon\www\ci4curso\system\CodeIgniter.php(497): CodeIgniter\CodeIgniter->runController(Object(App\Controllers\Home))
#9 C:\laragon\www\ci4curso\system\CodeIgniter.php(366): CodeIgniter\CodeIgniter->handleRequest(NULL, Object(Config\Cache), false)
#10 C:\laragon\www\ci4curso\public\index.php(67): CodeIgniter\CodeIgniter->run()
#11 {main}
CRITICAL - 2023-08-23 13:48:43 --> Table 'blog_ci.user' doesn't exist
in SYSTEMPATH\Database\MySQLi\Connection.php on line 295.
 1 SYSTEMPATH\Database\MySQLi\Connection.php(295): mysqli->query('SELECT `posts`.`id`, `posts`.`title`, `posts`.`image`, `posts`.`created_at`, `posts`.`description`, `categories`.`name` as `categoryName`, `users`.`firstName` as `userFirstName`, `users`.`lastName` as `userLastName`
FROM `posts`
JOIN `user` ON `user`.`id` = `post`.`user`.`id`
JOIN `categories` ON `categories`.`id` = `post`.`category`.`id`
ORDER BY `id` DESC
 LIMIT 7', 0)
 2 SYSTEMPATH\Database\BaseConnection.php(692): CodeIgniter\Database\MySQLi\Connection->execute('SELECT `posts`.`id`, `posts`.`title`, `posts`.`image`, `posts`.`created_at`, `posts`.`description`, `categories`.`name` as `categoryName`, `users`.`firstName` as `userFirstName`, `users`.`lastName` as `userLastName`
FROM `posts`
JOIN `user` ON `user`.`id` = `post`.`user`.`id`
JOIN `categories` ON `categories`.`id` = `post`.`category`.`id`
ORDER BY `id` DESC
 LIMIT 7')
 3 SYSTEMPATH\Database\BaseConnection.php(606): CodeIgniter\Database\BaseConnection->simpleQuery('SELECT `posts`.`id`, `posts`.`title`, `posts`.`image`, `posts`.`created_at`, `posts`.`description`, `categories`.`name` as `categoryName`, `users`.`firstName` as `userFirstName`, `users`.`lastName` as `userLastName`
FROM `posts`
JOIN `user` ON `user`.`id` = `post`.`user`.`id`
JOIN `categories` ON `categories`.`id` = `post`.`category`.`id`
ORDER BY `id` DESC
 LIMIT 7')
 4 SYSTEMPATH\Database\BaseBuilder.php(1616): CodeIgniter\Database\BaseConnection->query('SELECT `posts`.`id`, `posts`.`title`, `posts`.`image`, `posts`.`created_at`, `posts`.`description`, `categories`.`name` as `categoryName`, `users`.`firstName` as `userFirstName`, `users`.`lastName` as `userLastName`
FROM `posts`
JOIN `user` ON `user`.`id` = `post`.`user`.`id`
JOIN `categories` ON `categories`.`id` = `post`.`category`.`id`
ORDER BY `id` DESC
 LIMIT 7', [], false)
 5 SYSTEMPATH\Model.php(241): CodeIgniter\Database\BaseBuilder->get()
 6 SYSTEMPATH\BaseModel.php(618): CodeIgniter\Model->doFindAll(7, 0)
 7 APPPATH\Controllers\Home.php(22): CodeIgniter\BaseModel->findAll(7)
 8 SYSTEMPATH\CodeIgniter.php(932): App\Controllers\Home->index()
 9 SYSTEMPATH\CodeIgniter.php(497): CodeIgniter\CodeIgniter->runController(Object(App\Controllers\Home))
10 SYSTEMPATH\CodeIgniter.php(366): CodeIgniter\CodeIgniter->handleRequest(null, Object(Config\Cache), false)
11 FCPATH\index.php(67): CodeIgniter\CodeIgniter->run()
ERROR - 2023-08-23 14:00:45 --> mysqli_sql_exception: Unknown column 'posts.created_at' in 'field list' in C:\laragon\www\ci4curso\system\Database\MySQLi\Connection.php:295
Stack trace:
#0 C:\laragon\www\ci4curso\system\Database\MySQLi\Connection.php(295): mysqli->query('SELECT `posts`....', 0)
#1 C:\laragon\www\ci4curso\system\Database\BaseConnection.php(692): CodeIgniter\Database\MySQLi\Connection->execute('SELECT `posts`....')
#2 C:\laragon\www\ci4curso\system\Database\BaseConnection.php(606): CodeIgniter\Database\BaseConnection->simpleQuery('SELECT `posts`....')
#3 C:\laragon\www\ci4curso\system\Database\BaseBuilder.php(1616): CodeIgniter\Database\BaseConnection->query('SELECT `posts`....', Array, false)
#4 C:\laragon\www\ci4curso\system\Model.php(241): CodeIgniter\Database\BaseBuilder->get()
#5 C:\laragon\www\ci4curso\system\BaseModel.php(618): CodeIgniter\Model->doFindAll(7, 0)
#6 C:\laragon\www\ci4curso\app\Controllers\Home.php(22): CodeIgniter\BaseModel->findAll(7)
#7 C:\laragon\www\ci4curso\system\CodeIgniter.php(932): App\Controllers\Home->index()
#8 C:\laragon\www\ci4curso\system\CodeIgniter.php(497): CodeIgniter\CodeIgniter->runController(Object(App\Controllers\Home))
#9 C:\laragon\www\ci4curso\system\CodeIgniter.php(366): CodeIgniter\CodeIgniter->handleRequest(NULL, Object(Config\Cache), false)
#10 C:\laragon\www\ci4curso\public\index.php(67): CodeIgniter\CodeIgniter->run()
#11 {main}
CRITICAL - 2023-08-23 14:00:45 --> Unknown column 'posts.created_at' in 'field list'
in SYSTEMPATH\Database\MySQLi\Connection.php on line 295.
 1 SYSTEMPATH\Database\MySQLi\Connection.php(295): mysqli->query('SELECT `posts`.`id`, `posts`.`title`, `posts`.`image`, `posts`.`created_at`, `posts`.`description`, `categories`.`name` as `categoryName`, `users`.`firstName` as `userFirstName`, `users`.`lastName` as `userLastName`
FROM `posts`
JOIN `users` ON `users`.`id` = `post`.`users`.`id`
JOIN `categories` ON `categories`.`id` = `post`.`category`.`id`
ORDER BY `id` DESC
 LIMIT 7', 0)
 2 SYSTEMPATH\Database\BaseConnection.php(692): CodeIgniter\Database\MySQLi\Connection->execute('SELECT `posts`.`id`, `posts`.`title`, `posts`.`image`, `posts`.`created_at`, `posts`.`description`, `categories`.`name` as `categoryName`, `users`.`firstName` as `userFirstName`, `users`.`lastName` as `userLastName`
FROM `posts`
JOIN `users` ON `users`.`id` = `post`.`users`.`id`
JOIN `categories` ON `categories`.`id` = `post`.`category`.`id`
ORDER BY `id` DESC
 LIMIT 7')
 3 SYSTEMPATH\Database\BaseConnection.php(606): CodeIgniter\Database\BaseConnection->simpleQuery('SELECT `posts`.`id`, `posts`.`title`, `posts`.`image`, `posts`.`created_at`, `posts`.`description`, `categories`.`name` as `categoryName`, `users`.`firstName` as `userFirstName`, `users`.`lastName` as `userLastName`
FROM `posts`
JOIN `users` ON `users`.`id` = `post`.`users`.`id`
JOIN `categories` ON `categories`.`id` = `post`.`category`.`id`
ORDER BY `id` DESC
 LIMIT 7')
 4 SYSTEMPATH\Database\BaseBuilder.php(1616): CodeIgniter\Database\BaseConnection->query('SELECT `posts`.`id`, `posts`.`title`, `posts`.`image`, `posts`.`created_at`, `posts`.`description`, `categories`.`name` as `categoryName`, `users`.`firstName` as `userFirstName`, `users`.`lastName` as `userLastName`
FROM `posts`
JOIN `users` ON `users`.`id` = `post`.`users`.`id`
JOIN `categories` ON `categories`.`id` = `post`.`category`.`id`
ORDER BY `id` DESC
 LIMIT 7', [], false)
 5 SYSTEMPATH\Model.php(241): CodeIgniter\Database\BaseBuilder->get()
 6 SYSTEMPATH\BaseModel.php(618): CodeIgniter\Model->doFindAll(7, 0)
 7 APPPATH\Controllers\Home.php(22): CodeIgniter\BaseModel->findAll(7)
 8 SYSTEMPATH\CodeIgniter.php(932): App\Controllers\Home->index()
 9 SYSTEMPATH\CodeIgniter.php(497): CodeIgniter\CodeIgniter->runController(Object(App\Controllers\Home))
10 SYSTEMPATH\CodeIgniter.php(366): CodeIgniter\CodeIgniter->handleRequest(null, Object(Config\Cache), false)
11 FCPATH\index.php(67): CodeIgniter\CodeIgniter->run()
ERROR - 2023-08-23 14:01:24 --> mysqli_sql_exception: Unknown column 'users.firstName' in 'field list' in C:\laragon\www\ci4curso\system\Database\MySQLi\Connection.php:295
Stack trace:
#0 C:\laragon\www\ci4curso\system\Database\MySQLi\Connection.php(295): mysqli->query('SELECT `posts`....', 0)
#1 C:\laragon\www\ci4curso\system\Database\BaseConnection.php(692): CodeIgniter\Database\MySQLi\Connection->execute('SELECT `posts`....')
#2 C:\laragon\www\ci4curso\system\Database\BaseConnection.php(606): CodeIgniter\Database\BaseConnection->simpleQuery('SELECT `posts`....')
#3 C:\laragon\www\ci4curso\system\Database\BaseBuilder.php(1616): CodeIgniter\Database\BaseConnection->query('SELECT `posts`....', Array, false)
#4 C:\laragon\www\ci4curso\system\Model.php(241): CodeIgniter\Database\BaseBuilder->get()
#5 C:\laragon\www\ci4curso\system\BaseModel.php(618): CodeIgniter\Model->doFindAll(7, 0)
#6 C:\laragon\www\ci4curso\app\Controllers\Home.php(22): CodeIgniter\BaseModel->findAll(7)
#7 C:\laragon\www\ci4curso\system\CodeIgniter.php(932): App\Controllers\Home->index()
#8 C:\laragon\www\ci4curso\system\CodeIgniter.php(497): CodeIgniter\CodeIgniter->runController(Object(App\Controllers\Home))
#9 C:\laragon\www\ci4curso\system\CodeIgniter.php(366): CodeIgniter\CodeIgniter->handleRequest(NULL, Object(Config\Cache), false)
#10 C:\laragon\www\ci4curso\public\index.php(67): CodeIgniter\CodeIgniter->run()
#11 {main}
CRITICAL - 2023-08-23 14:01:24 --> Unknown column 'users.firstName' in 'field list'
in SYSTEMPATH\Database\MySQLi\Connection.php on line 295.
 1 SYSTEMPATH\Database\MySQLi\Connection.php(295): mysqli->query('SELECT `posts`.`id`, `posts`.`title`, `posts`.`image`, `posts`.`create_at`, `posts`.`description`, `categories`.`name` as `categoryName`, `users`.`firstName` as `userFirstName`, `users`.`lastName` as `userLastName`
FROM `posts`
JOIN `users` ON `users`.`id` = `post`.`users`.`id`
JOIN `categories` ON `categories`.`id` = `post`.`category`.`id`
ORDER BY `id` DESC
 LIMIT 7', 0)
 2 SYSTEMPATH\Database\BaseConnection.php(692): CodeIgniter\Database\MySQLi\Connection->execute('SELECT `posts`.`id`, `posts`.`title`, `posts`.`image`, `posts`.`create_at`, `posts`.`description`, `categories`.`name` as `categoryName`, `users`.`firstName` as `userFirstName`, `users`.`lastName` as `userLastName`
FROM `posts`
JOIN `users` ON `users`.`id` = `post`.`users`.`id`
JOIN `categories` ON `categories`.`id` = `post`.`category`.`id`
ORDER BY `id` DESC
 LIMIT 7')
 3 SYSTEMPATH\Database\BaseConnection.php(606): CodeIgniter\Database\BaseConnection->simpleQuery('SELECT `posts`.`id`, `posts`.`title`, `posts`.`image`, `posts`.`create_at`, `posts`.`description`, `categories`.`name` as `categoryName`, `users`.`firstName` as `userFirstName`, `users`.`lastName` as `userLastName`
FROM `posts`
JOIN `users` ON `users`.`id` = `post`.`users`.`id`
JOIN `categories` ON `categories`.`id` = `post`.`category`.`id`
ORDER BY `id` DESC
 LIMIT 7')
 4 SYSTEMPATH\Database\BaseBuilder.php(1616): CodeIgniter\Database\BaseConnection->query('SELECT `posts`.`id`, `posts`.`title`, `posts`.`image`, `posts`.`create_at`, `posts`.`description`, `categories`.`name` as `categoryName`, `users`.`firstName` as `userFirstName`, `users`.`lastName` as `userLastName`
FROM `posts`
JOIN `users` ON `users`.`id` = `post`.`users`.`id`
JOIN `categories` ON `categories`.`id` = `post`.`category`.`id`
ORDER BY `id` DESC
 LIMIT 7', [], false)
 5 SYSTEMPATH\Model.php(241): CodeIgniter\Database\BaseBuilder->get()
 6 SYSTEMPATH\BaseModel.php(618): CodeIgniter\Model->doFindAll(7, 0)
 7 APPPATH\Controllers\Home.php(22): CodeIgniter\BaseModel->findAll(7)
 8 SYSTEMPATH\CodeIgniter.php(932): App\Controllers\Home->index()
 9 SYSTEMPATH\CodeIgniter.php(497): CodeIgniter\CodeIgniter->runController(Object(App\Controllers\Home))
10 SYSTEMPATH\CodeIgniter.php(366): CodeIgniter\CodeIgniter->handleRequest(null, Object(Config\Cache), false)
11 FCPATH\index.php(67): CodeIgniter\CodeIgniter->run()
ERROR - 2023-08-23 14:01:47 --> mysqli_sql_exception: Unknown column 'post.category.id' in 'on clause' in C:\laragon\www\ci4curso\system\Database\MySQLi\Connection.php:295
Stack trace:
#0 C:\laragon\www\ci4curso\system\Database\MySQLi\Connection.php(295): mysqli->query('SELECT `posts`....', 0)
#1 C:\laragon\www\ci4curso\system\Database\BaseConnection.php(692): CodeIgniter\Database\MySQLi\Connection->execute('SELECT `posts`....')
#2 C:\laragon\www\ci4curso\system\Database\BaseConnection.php(606): CodeIgniter\Database\BaseConnection->simpleQuery('SELECT `posts`....')
#3 C:\laragon\www\ci4curso\system\Database\BaseBuilder.php(1616): CodeIgniter\Database\BaseConnection->query('SELECT `posts`....', Array, false)
#4 C:\laragon\www\ci4curso\system\Model.php(241): CodeIgniter\Database\BaseBuilder->get()
#5 C:\laragon\www\ci4curso\system\BaseModel.php(618): CodeIgniter\Model->doFindAll(7, 0)
#6 C:\laragon\www\ci4curso\app\Controllers\Home.php(22): CodeIgniter\BaseModel->findAll(7)
#7 C:\laragon\www\ci4curso\system\CodeIgniter.php(932): App\Controllers\Home->index()
#8 C:\laragon\www\ci4curso\system\CodeIgniter.php(497): CodeIgniter\CodeIgniter->runController(Object(App\Controllers\Home))
#9 C:\laragon\www\ci4curso\system\CodeIgniter.php(366): CodeIgniter\CodeIgniter->handleRequest(NULL, Object(Config\Cache), false)
#10 C:\laragon\www\ci4curso\public\index.php(67): CodeIgniter\CodeIgniter->run()
#11 {main}
CRITICAL - 2023-08-23 14:01:47 --> Unknown column 'post.category.id' in 'on clause'
in SYSTEMPATH\Database\MySQLi\Connection.php on line 295.
 1 SYSTEMPATH\Database\MySQLi\Connection.php(295): mysqli->query('SELECT `posts`.`id`, `posts`.`title`, `posts`.`image`, `posts`.`create_at`, `posts`.`description`, `categories`.`name` as `categoryName`, `users`.`fistName` as `userFirstName`, `users`.`lastName` as `userLastName`
FROM `posts`
JOIN `users` ON `users`.`id` = `post`.`users`.`id`
JOIN `categories` ON `categories`.`id` = `post`.`category`.`id`
ORDER BY `id` DESC
 LIMIT 7', 0)
 2 SYSTEMPATH\Database\BaseConnection.php(692): CodeIgniter\Database\MySQLi\Connection->execute('SELECT `posts`.`id`, `posts`.`title`, `posts`.`image`, `posts`.`create_at`, `posts`.`description`, `categories`.`name` as `categoryName`, `users`.`fistName` as `userFirstName`, `users`.`lastName` as `userLastName`
FROM `posts`
JOIN `users` ON `users`.`id` = `post`.`users`.`id`
JOIN `categories` ON `categories`.`id` = `post`.`category`.`id`
ORDER BY `id` DESC
 LIMIT 7')
 3 SYSTEMPATH\Database\BaseConnection.php(606): CodeIgniter\Database\BaseConnection->simpleQuery('SELECT `posts`.`id`, `posts`.`title`, `posts`.`image`, `posts`.`create_at`, `posts`.`description`, `categories`.`name` as `categoryName`, `users`.`fistName` as `userFirstName`, `users`.`lastName` as `userLastName`
FROM `posts`
JOIN `users` ON `users`.`id` = `post`.`users`.`id`
JOIN `categories` ON `categories`.`id` = `post`.`category`.`id`
ORDER BY `id` DESC
 LIMIT 7')
 4 SYSTEMPATH\Database\BaseBuilder.php(1616): CodeIgniter\Database\BaseConnection->query('SELECT `posts`.`id`, `posts`.`title`, `posts`.`image`, `posts`.`create_at`, `posts`.`description`, `categories`.`name` as `categoryName`, `users`.`fistName` as `userFirstName`, `users`.`lastName` as `userLastName`
FROM `posts`
JOIN `users` ON `users`.`id` = `post`.`users`.`id`
JOIN `categories` ON `categories`.`id` = `post`.`category`.`id`
ORDER BY `id` DESC
 LIMIT 7', [], false)
 5 SYSTEMPATH\Model.php(241): CodeIgniter\Database\BaseBuilder->get()
 6 SYSTEMPATH\BaseModel.php(618): CodeIgniter\Model->doFindAll(7, 0)
 7 APPPATH\Controllers\Home.php(22): CodeIgniter\BaseModel->findAll(7)
 8 SYSTEMPATH\CodeIgniter.php(932): App\Controllers\Home->index()
 9 SYSTEMPATH\CodeIgniter.php(497): CodeIgniter\CodeIgniter->runController(Object(App\Controllers\Home))
10 SYSTEMPATH\CodeIgniter.php(366): CodeIgniter\CodeIgniter->handleRequest(null, Object(Config\Cache), false)
11 FCPATH\index.php(67): CodeIgniter\CodeIgniter->run()
ERROR - 2023-08-23 14:02:42 --> mysqli_sql_exception: Unknown column 'post.category_id' in 'on clause' in C:\laragon\www\ci4curso\system\Database\MySQLi\Connection.php:295
Stack trace:
#0 C:\laragon\www\ci4curso\system\Database\MySQLi\Connection.php(295): mysqli->query('SELECT `posts`....', 0)
#1 C:\laragon\www\ci4curso\system\Database\BaseConnection.php(692): CodeIgniter\Database\MySQLi\Connection->execute('SELECT `posts`....')
#2 C:\laragon\www\ci4curso\system\Database\BaseConnection.php(606): CodeIgniter\Database\BaseConnection->simpleQuery('SELECT `posts`....')
#3 C:\laragon\www\ci4curso\system\Database\BaseBuilder.php(1616): CodeIgniter\Database\BaseConnection->query('SELECT `posts`....', Array, false)
#4 C:\laragon\www\ci4curso\system\Model.php(241): CodeIgniter\Database\BaseBuilder->get()
#5 C:\laragon\www\ci4curso\system\BaseModel.php(618): CodeIgniter\Model->doFindAll(7, 0)
#6 C:\laragon\www\ci4curso\app\Controllers\Home.php(22): CodeIgniter\BaseModel->findAll(7)
#7 C:\laragon\www\ci4curso\system\CodeIgniter.php(932): App\Controllers\Home->index()
#8 C:\laragon\www\ci4curso\system\CodeIgniter.php(497): CodeIgniter\CodeIgniter->runController(Object(App\Controllers\Home))
#9 C:\laragon\www\ci4curso\system\CodeIgniter.php(366): CodeIgniter\CodeIgniter->handleRequest(NULL, Object(Config\Cache), false)
#10 C:\laragon\www\ci4curso\public\index.php(67): CodeIgniter\CodeIgniter->run()
#11 {main}
CRITICAL - 2023-08-23 14:02:42 --> Unknown column 'post.category_id' in 'on clause'
in SYSTEMPATH\Database\MySQLi\Connection.php on line 295.
 1 SYSTEMPATH\Database\MySQLi\Connection.php(295): mysqli->query('SELECT `posts`.`id`, `posts`.`title`, `posts`.`image`, `posts`.`create_at`, `posts`.`description`, `categories`.`name` as `categoryName`, `users`.`fistName` as `userFirstName`, `users`.`lastName` as `userLastName`
FROM `posts`
JOIN `users` ON `users`.`id` = `post`.`users`.`id`
JOIN `categories` ON `categories`.`id` = `post`.`category_id`
ORDER BY `id` DESC
 LIMIT 7', 0)
 2 SYSTEMPATH\Database\BaseConnection.php(692): CodeIgniter\Database\MySQLi\Connection->execute('SELECT `posts`.`id`, `posts`.`title`, `posts`.`image`, `posts`.`create_at`, `posts`.`description`, `categories`.`name` as `categoryName`, `users`.`fistName` as `userFirstName`, `users`.`lastName` as `userLastName`
FROM `posts`
JOIN `users` ON `users`.`id` = `post`.`users`.`id`
JOIN `categories` ON `categories`.`id` = `post`.`category_id`
ORDER BY `id` DESC
 LIMIT 7')
 3 SYSTEMPATH\Database\BaseConnection.php(606): CodeIgniter\Database\BaseConnection->simpleQuery('SELECT `posts`.`id`, `posts`.`title`, `posts`.`image`, `posts`.`create_at`, `posts`.`description`, `categories`.`name` as `categoryName`, `users`.`fistName` as `userFirstName`, `users`.`lastName` as `userLastName`
FROM `posts`
JOIN `users` ON `users`.`id` = `post`.`users`.`id`
JOIN `categories` ON `categories`.`id` = `post`.`category_id`
ORDER BY `id` DESC
 LIMIT 7')
 4 SYSTEMPATH\Database\BaseBuilder.php(1616): CodeIgniter\Database\BaseConnection->query('SELECT `posts`.`id`, `posts`.`title`, `posts`.`image`, `posts`.`create_at`, `posts`.`description`, `categories`.`name` as `categoryName`, `users`.`fistName` as `userFirstName`, `users`.`lastName` as `userLastName`
FROM `posts`
JOIN `users` ON `users`.`id` = `post`.`users`.`id`
JOIN `categories` ON `categories`.`id` = `post`.`category_id`
ORDER BY `id` DESC
 LIMIT 7', [], false)
 5 SYSTEMPATH\Model.php(241): CodeIgniter\Database\BaseBuilder->get()
 6 SYSTEMPATH\BaseModel.php(618): CodeIgniter\Model->doFindAll(7, 0)
 7 APPPATH\Controllers\Home.php(22): CodeIgniter\BaseModel->findAll(7)
 8 SYSTEMPATH\CodeIgniter.php(932): App\Controllers\Home->index()
 9 SYSTEMPATH\CodeIgniter.php(497): CodeIgniter\CodeIgniter->runController(Object(App\Controllers\Home))
10 SYSTEMPATH\CodeIgniter.php(366): CodeIgniter\CodeIgniter->handleRequest(null, Object(Config\Cache), false)
11 FCPATH\index.php(67): CodeIgniter\CodeIgniter->run()
ERROR - 2023-08-23 14:03:45 --> mysqli_sql_exception: Unknown column 'post.category.id' in 'on clause' in C:\laragon\www\ci4curso\system\Database\MySQLi\Connection.php:295
Stack trace:
#0 C:\laragon\www\ci4curso\system\Database\MySQLi\Connection.php(295): mysqli->query('SELECT `posts`....', 0)
#1 C:\laragon\www\ci4curso\system\Database\BaseConnection.php(692): CodeIgniter\Database\MySQLi\Connection->execute('SELECT `posts`....')
#2 C:\laragon\www\ci4curso\system\Database\BaseConnection.php(606): CodeIgniter\Database\BaseConnection->simpleQuery('SELECT `posts`....')
#3 C:\laragon\www\ci4curso\system\Database\BaseBuilder.php(1616): CodeIgniter\Database\BaseConnection->query('SELECT `posts`....', Array, false)
#4 C:\laragon\www\ci4curso\system\Model.php(241): CodeIgniter\Database\BaseBuilder->get()
#5 C:\laragon\www\ci4curso\system\BaseModel.php(618): CodeIgniter\Model->doFindAll(7, 0)
#6 C:\laragon\www\ci4curso\app\Controllers\Home.php(22): CodeIgniter\BaseModel->findAll(7)
#7 C:\laragon\www\ci4curso\system\CodeIgniter.php(932): App\Controllers\Home->index()
#8 C:\laragon\www\ci4curso\system\CodeIgniter.php(497): CodeIgniter\CodeIgniter->runController(Object(App\Controllers\Home))
#9 C:\laragon\www\ci4curso\system\CodeIgniter.php(366): CodeIgniter\CodeIgniter->handleRequest(NULL, Object(Config\Cache), false)
#10 C:\laragon\www\ci4curso\public\index.php(67): CodeIgniter\CodeIgniter->run()
#11 {main}
CRITICAL - 2023-08-23 14:03:45 --> Unknown column 'post.category.id' in 'on clause'
in SYSTEMPATH\Database\MySQLi\Connection.php on line 295.
 1 SYSTEMPATH\Database\MySQLi\Connection.php(295): mysqli->query('SELECT `posts`.`id`, `posts`.`title`, `posts`.`image`, `posts`.`create_at`, `posts`.`description`, `categories`.`name` as `categoryName`, `users`.`fistName` as `userFirstName`, `users`.`lastName` as `userLastName`
FROM `posts`
JOIN `users` ON `users`.`id` = `post`.`users`.`id`
JOIN `categories` ON `categories`.`id` = `post`.`category`.`id`
ORDER BY `id` DESC
 LIMIT 7', 0)
 2 SYSTEMPATH\Database\BaseConnection.php(692): CodeIgniter\Database\MySQLi\Connection->execute('SELECT `posts`.`id`, `posts`.`title`, `posts`.`image`, `posts`.`create_at`, `posts`.`description`, `categories`.`name` as `categoryName`, `users`.`fistName` as `userFirstName`, `users`.`lastName` as `userLastName`
FROM `posts`
JOIN `users` ON `users`.`id` = `post`.`users`.`id`
JOIN `categories` ON `categories`.`id` = `post`.`category`.`id`
ORDER BY `id` DESC
 LIMIT 7')
 3 SYSTEMPATH\Database\BaseConnection.php(606): CodeIgniter\Database\BaseConnection->simpleQuery('SELECT `posts`.`id`, `posts`.`title`, `posts`.`image`, `posts`.`create_at`, `posts`.`description`, `categories`.`name` as `categoryName`, `users`.`fistName` as `userFirstName`, `users`.`lastName` as `userLastName`
FROM `posts`
JOIN `users` ON `users`.`id` = `post`.`users`.`id`
JOIN `categories` ON `categories`.`id` = `post`.`category`.`id`
ORDER BY `id` DESC
 LIMIT 7')
 4 SYSTEMPATH\Database\BaseBuilder.php(1616): CodeIgniter\Database\BaseConnection->query('SELECT `posts`.`id`, `posts`.`title`, `posts`.`image`, `posts`.`create_at`, `posts`.`description`, `categories`.`name` as `categoryName`, `users`.`fistName` as `userFirstName`, `users`.`lastName` as `userLastName`
FROM `posts`
JOIN `users` ON `users`.`id` = `post`.`users`.`id`
JOIN `categories` ON `categories`.`id` = `post`.`category`.`id`
ORDER BY `id` DESC
 LIMIT 7', [], false)
 5 SYSTEMPATH\Model.php(241): CodeIgniter\Database\BaseBuilder->get()
 6 SYSTEMPATH\BaseModel.php(618): CodeIgniter\Model->doFindAll(7, 0)
 7 APPPATH\Controllers\Home.php(22): CodeIgniter\BaseModel->findAll(7)
 8 SYSTEMPATH\CodeIgniter.php(932): App\Controllers\Home->index()
 9 SYSTEMPATH\CodeIgniter.php(497): CodeIgniter\CodeIgniter->runController(Object(App\Controllers\Home))
10 SYSTEMPATH\CodeIgniter.php(366): CodeIgniter\CodeIgniter->handleRequest(null, Object(Config\Cache), false)
11 FCPATH\index.php(67): CodeIgniter\CodeIgniter->run()
ERROR - 2023-08-23 15:04:08 --> mysqli_sql_exception: Unknown column 'posts.category.id' in 'on clause' in C:\laragon\www\ci4curso\system\Database\MySQLi\Connection.php:295
Stack trace:
#0 C:\laragon\www\ci4curso\system\Database\MySQLi\Connection.php(295): mysqli->query('SELECT `posts`....', 0)
#1 C:\laragon\www\ci4curso\system\Database\BaseConnection.php(692): CodeIgniter\Database\MySQLi\Connection->execute('SELECT `posts`....')
#2 C:\laragon\www\ci4curso\system\Database\BaseConnection.php(606): CodeIgniter\Database\BaseConnection->simpleQuery('SELECT `posts`....')
#3 C:\laragon\www\ci4curso\system\Database\BaseBuilder.php(1616): CodeIgniter\Database\BaseConnection->query('SELECT `posts`....', Array, false)
#4 C:\laragon\www\ci4curso\system\Model.php(241): CodeIgniter\Database\BaseBuilder->get()
#5 C:\laragon\www\ci4curso\system\BaseModel.php(618): CodeIgniter\Model->doFindAll(7, 0)
#6 C:\laragon\www\ci4curso\app\Controllers\Home.php(22): CodeIgniter\BaseModel->findAll(7)
#7 C:\laragon\www\ci4curso\system\CodeIgniter.php(932): App\Controllers\Home->index()
#8 C:\laragon\www\ci4curso\system\CodeIgniter.php(497): CodeIgniter\CodeIgniter->runController(Object(App\Controllers\Home))
#9 C:\laragon\www\ci4curso\system\CodeIgniter.php(366): CodeIgniter\CodeIgniter->handleRequest(NULL, Object(Config\Cache), false)
#10 C:\laragon\www\ci4curso\public\index.php(67): CodeIgniter\CodeIgniter->run()
#11 {main}
CRITICAL - 2023-08-23 15:04:08 --> Unknown column 'posts.category.id' in 'on clause'
in SYSTEMPATH\Database\MySQLi\Connection.php on line 295.
 1 SYSTEMPATH\Database\MySQLi\Connection.php(295): mysqli->query('SELECT `posts`.`id`, `posts`.`title`, `posts`.`image`, `posts`.`create_at`, `posts`.`description`, `categories`.`name` as `categoryName`, `users`.`fistName` as `userFirstName`, `users`.`lastName` as `userLastName`
FROM `posts`
JOIN `users` ON `users`.`id` = `post`.`users`.`id`
JOIN `categories` ON `categories`.`id` = `posts`.`category`.`id`
ORDER BY `id` DESC
 LIMIT 7', 0)
 2 SYSTEMPATH\Database\BaseConnection.php(692): CodeIgniter\Database\MySQLi\Connection->execute('SELECT `posts`.`id`, `posts`.`title`, `posts`.`image`, `posts`.`create_at`, `posts`.`description`, `categories`.`name` as `categoryName`, `users`.`fistName` as `userFirstName`, `users`.`lastName` as `userLastName`
FROM `posts`
JOIN `users` ON `users`.`id` = `post`.`users`.`id`
JOIN `categories` ON `categories`.`id` = `posts`.`category`.`id`
ORDER BY `id` DESC
 LIMIT 7')
 3 SYSTEMPATH\Database\BaseConnection.php(606): CodeIgniter\Database\BaseConnection->simpleQuery('SELECT `posts`.`id`, `posts`.`title`, `posts`.`image`, `posts`.`create_at`, `posts`.`description`, `categories`.`name` as `categoryName`, `users`.`fistName` as `userFirstName`, `users`.`lastName` as `userLastName`
FROM `posts`
JOIN `users` ON `users`.`id` = `post`.`users`.`id`
JOIN `categories` ON `categories`.`id` = `posts`.`category`.`id`
ORDER BY `id` DESC
 LIMIT 7')
 4 SYSTEMPATH\Database\BaseBuilder.php(1616): CodeIgniter\Database\BaseConnection->query('SELECT `posts`.`id`, `posts`.`title`, `posts`.`image`, `posts`.`create_at`, `posts`.`description`, `categories`.`name` as `categoryName`, `users`.`fistName` as `userFirstName`, `users`.`lastName` as `userLastName`
FROM `posts`
JOIN `users` ON `users`.`id` = `post`.`users`.`id`
JOIN `categories` ON `categories`.`id` = `posts`.`category`.`id`
ORDER BY `id` DESC
 LIMIT 7', [], false)
 5 SYSTEMPATH\Model.php(241): CodeIgniter\Database\BaseBuilder->get()
 6 SYSTEMPATH\BaseModel.php(618): CodeIgniter\Model->doFindAll(7, 0)
 7 APPPATH\Controllers\Home.php(22): CodeIgniter\BaseModel->findAll(7)
 8 SYSTEMPATH\CodeIgniter.php(932): App\Controllers\Home->index()
 9 SYSTEMPATH\CodeIgniter.php(497): CodeIgniter\CodeIgniter->runController(Object(App\Controllers\Home))
10 SYSTEMPATH\CodeIgniter.php(366): CodeIgniter\CodeIgniter->handleRequest(null, Object(Config\Cache), false)
11 FCPATH\index.php(67): CodeIgniter\CodeIgniter->run()
ERROR - 2023-08-23 15:04:36 --> mysqli_sql_exception: Unknown column 'post.category_id' in 'on clause' in C:\laragon\www\ci4curso\system\Database\MySQLi\Connection.php:295
Stack trace:
#0 C:\laragon\www\ci4curso\system\Database\MySQLi\Connection.php(295): mysqli->query('SELECT `posts`....', 0)
#1 C:\laragon\www\ci4curso\system\Database\BaseConnection.php(692): CodeIgniter\Database\MySQLi\Connection->execute('SELECT `posts`....')
#2 C:\laragon\www\ci4curso\system\Database\BaseConnection.php(606): CodeIgniter\Database\BaseConnection->simpleQuery('SELECT `posts`....')
#3 C:\laragon\www\ci4curso\system\Database\BaseBuilder.php(1616): CodeIgniter\Database\BaseConnection->query('SELECT `posts`....', Array, false)
#4 C:\laragon\www\ci4curso\system\Model.php(241): CodeIgniter\Database\BaseBuilder->get()
#5 C:\laragon\www\ci4curso\system\BaseModel.php(618): CodeIgniter\Model->doFindAll(7, 0)
#6 C:\laragon\www\ci4curso\app\Controllers\Home.php(22): CodeIgniter\BaseModel->findAll(7)
#7 C:\laragon\www\ci4curso\system\CodeIgniter.php(932): App\Controllers\Home->index()
#8 C:\laragon\www\ci4curso\system\CodeIgniter.php(497): CodeIgniter\CodeIgniter->runController(Object(App\Controllers\Home))
#9 C:\laragon\www\ci4curso\system\CodeIgniter.php(366): CodeIgniter\CodeIgniter->handleRequest(NULL, Object(Config\Cache), false)
#10 C:\laragon\www\ci4curso\public\index.php(67): CodeIgniter\CodeIgniter->run()
#11 {main}
CRITICAL - 2023-08-23 15:04:36 --> Unknown column 'post.category_id' in 'on clause'
in SYSTEMPATH\Database\MySQLi\Connection.php on line 295.
 1 SYSTEMPATH\Database\MySQLi\Connection.php(295): mysqli->query('SELECT `posts`.`id`, `posts`.`title`, `posts`.`image`, `posts`.`create_at`, `posts`.`description`, `categories`.`name` as `categoryName`, `users`.`fistName` as `userFirstName`, `users`.`lastName` as `userLastName`
FROM `posts`
JOIN `users` ON `users`.`id` = `post`.`users`.`id`
JOIN `categories` ON `categories`.`id` = `post`.`category_id`
ORDER BY `id` DESC
 LIMIT 7', 0)
 2 SYSTEMPATH\Database\BaseConnection.php(692): CodeIgniter\Database\MySQLi\Connection->execute('SELECT `posts`.`id`, `posts`.`title`, `posts`.`image`, `posts`.`create_at`, `posts`.`description`, `categories`.`name` as `categoryName`, `users`.`fistName` as `userFirstName`, `users`.`lastName` as `userLastName`
FROM `posts`
JOIN `users` ON `users`.`id` = `post`.`users`.`id`
JOIN `categories` ON `categories`.`id` = `post`.`category_id`
ORDER BY `id` DESC
 LIMIT 7')
 3 SYSTEMPATH\Database\BaseConnection.php(606): CodeIgniter\Database\BaseConnection->simpleQuery('SELECT `posts`.`id`, `posts`.`title`, `posts`.`image`, `posts`.`create_at`, `posts`.`description`, `categories`.`name` as `categoryName`, `users`.`fistName` as `userFirstName`, `users`.`lastName` as `userLastName`
FROM `posts`
JOIN `users` ON `users`.`id` = `post`.`users`.`id`
JOIN `categories` ON `categories`.`id` = `post`.`category_id`
ORDER BY `id` DESC
 LIMIT 7')
 4 SYSTEMPATH\Database\BaseBuilder.php(1616): CodeIgniter\Database\BaseConnection->query('SELECT `posts`.`id`, `posts`.`title`, `posts`.`image`, `posts`.`create_at`, `posts`.`description`, `categories`.`name` as `categoryName`, `users`.`fistName` as `userFirstName`, `users`.`lastName` as `userLastName`
FROM `posts`
JOIN `users` ON `users`.`id` = `post`.`users`.`id`
JOIN `categories` ON `categories`.`id` = `post`.`category_id`
ORDER BY `id` DESC
 LIMIT 7', [], false)
 5 SYSTEMPATH\Model.php(241): CodeIgniter\Database\BaseBuilder->get()
 6 SYSTEMPATH\BaseModel.php(618): CodeIgniter\Model->doFindAll(7, 0)
 7 APPPATH\Controllers\Home.php(22): CodeIgniter\BaseModel->findAll(7)
 8 SYSTEMPATH\CodeIgniter.php(932): App\Controllers\Home->index()
 9 SYSTEMPATH\CodeIgniter.php(497): CodeIgniter\CodeIgniter->runController(Object(App\Controllers\Home))
10 SYSTEMPATH\CodeIgniter.php(366): CodeIgniter\CodeIgniter->handleRequest(null, Object(Config\Cache), false)
11 FCPATH\index.php(67): CodeIgniter\CodeIgniter->run()
ERROR - 2023-08-23 16:19:47 --> mysqli_sql_exception: You have an error in your SQL syntax; check the manual that corresponds to your MySQL server version for the right syntax to use near '.`image, posts`.`create_at, posts`.`description, categories`.`name as categoryNa' at line 1 in C:\laragon\www\ci4curso\system\Database\MySQLi\Connection.php:295
Stack trace:
#0 C:\laragon\www\ci4curso\system\Database\MySQLi\Connection.php(295): mysqli->query('SELECT `posts`....', 0)
#1 C:\laragon\www\ci4curso\system\Database\BaseConnection.php(692): CodeIgniter\Database\MySQLi\Connection->execute('SELECT `posts`....')
#2 C:\laragon\www\ci4curso\system\Database\BaseConnection.php(606): CodeIgniter\Database\BaseConnection->simpleQuery('SELECT `posts`....')
#3 C:\laragon\www\ci4curso\system\Database\BaseBuilder.php(1616): CodeIgniter\Database\BaseConnection->query('SELECT `posts`....', Array, false)
#4 C:\laragon\www\ci4curso\system\Model.php(241): CodeIgniter\Database\BaseBuilder->get()
#5 C:\laragon\www\ci4curso\system\BaseModel.php(618): CodeIgniter\Model->doFindAll(7, 0)
#6 C:\laragon\www\ci4curso\app\Controllers\Home.php(22): CodeIgniter\BaseModel->findAll(7)
#7 C:\laragon\www\ci4curso\system\CodeIgniter.php(932): App\Controllers\Home->index()
#8 C:\laragon\www\ci4curso\system\CodeIgniter.php(497): CodeIgniter\CodeIgniter->runController(Object(App\Controllers\Home))
#9 C:\laragon\www\ci4curso\system\CodeIgniter.php(366): CodeIgniter\CodeIgniter->handleRequest(NULL, Object(Config\Cache), false)
#10 C:\laragon\www\ci4curso\public\index.php(67): CodeIgniter\CodeIgniter->run()
#11 {main}
CRITICAL - 2023-08-23 16:19:47 --> You have an error in your SQL syntax; check the manual that corresponds to your MySQL server version for the right syntax to use near '.`image, posts`.`create_at, posts`.`description, categories`.`name as categoryNa' at line 1
in SYSTEMPATH\Database\MySQLi\Connection.php on line 295.
 1 SYSTEMPATH\Database\MySQLi\Connection.php(295): mysqli->query('SELECT `posts`.`id, posts`.`title, posts`.`image, posts`.`create_at, posts`.`description, categories`.`name as categoryName, users`.`fistName as userFirstName, users`.`lastName` as `userLastName`
FROM `posts`
JOIN `users` ON `users`.`id` = `post`.`users`.`id`
JOIN `categories` ON `categories`.`id` = `post`.`category_id`
ORDER BY `id` DESC
 LIMIT 7', 0)
 2 SYSTEMPATH\Database\BaseConnection.php(692): CodeIgniter\Database\MySQLi\Connection->execute('SELECT `posts`.`id, posts`.`title, posts`.`image, posts`.`create_at, posts`.`description, categories`.`name as categoryName, users`.`fistName as userFirstName, users`.`lastName` as `userLastName`
FROM `posts`
JOIN `users` ON `users`.`id` = `post`.`users`.`id`
JOIN `categories` ON `categories`.`id` = `post`.`category_id`
ORDER BY `id` DESC
 LIMIT 7')
 3 SYSTEMPATH\Database\BaseConnection.php(606): CodeIgniter\Database\BaseConnection->simpleQuery('SELECT `posts`.`id, posts`.`title, posts`.`image, posts`.`create_at, posts`.`description, categories`.`name as categoryName, users`.`fistName as userFirstName, users`.`lastName` as `userLastName`
FROM `posts`
JOIN `users` ON `users`.`id` = `post`.`users`.`id`
JOIN `categories` ON `categories`.`id` = `post`.`category_id`
ORDER BY `id` DESC
 LIMIT 7')
 4 SYSTEMPATH\Database\BaseBuilder.php(1616): CodeIgniter\Database\BaseConnection->query('SELECT `posts`.`id, posts`.`title, posts`.`image, posts`.`create_at, posts`.`description, categories`.`name as categoryName, users`.`fistName as userFirstName, users`.`lastName` as `userLastName`
FROM `posts`
JOIN `users` ON `users`.`id` = `post`.`users`.`id`
JOIN `categories` ON `categories`.`id` = `post`.`category_id`
ORDER BY `id` DESC
 LIMIT 7', [], false)
 5 SYSTEMPATH\Model.php(241): CodeIgniter\Database\BaseBuilder->get()
 6 SYSTEMPATH\BaseModel.php(618): CodeIgniter\Model->doFindAll(7, 0)
 7 APPPATH\Controllers\Home.php(22): CodeIgniter\BaseModel->findAll(7)
 8 SYSTEMPATH\CodeIgniter.php(932): App\Controllers\Home->index()
 9 SYSTEMPATH\CodeIgniter.php(497): CodeIgniter\CodeIgniter->runController(Object(App\Controllers\Home))
10 SYSTEMPATH\CodeIgniter.php(366): CodeIgniter\CodeIgniter->handleRequest(null, Object(Config\Cache), false)
11 FCPATH\index.php(67): CodeIgniter\CodeIgniter->run()
ERROR - 2023-08-23 16:22:25 --> mysqli_sql_exception: Unknown column 'posts_id' in 'field list' in C:\laragon\www\ci4curso\system\Database\MySQLi\Connection.php:295
Stack trace:
#0 C:\laragon\www\ci4curso\system\Database\MySQLi\Connection.php(295): mysqli->query('SELECT `posts_i...', 0)
#1 C:\laragon\www\ci4curso\system\Database\BaseConnection.php(692): CodeIgniter\Database\MySQLi\Connection->execute('SELECT `posts_i...')
#2 C:\laragon\www\ci4curso\system\Database\BaseConnection.php(606): CodeIgniter\Database\BaseConnection->simpleQuery('SELECT `posts_i...')
#3 C:\laragon\www\ci4curso\system\Database\BaseBuilder.php(1616): CodeIgniter\Database\BaseConnection->query('SELECT `posts_i...', Array, false)
#4 C:\laragon\www\ci4curso\system\Model.php(241): CodeIgniter\Database\BaseBuilder->get()
#5 C:\laragon\www\ci4curso\system\BaseModel.php(618): CodeIgniter\Model->doFindAll(7, 0)
#6 C:\laragon\www\ci4curso\app\Controllers\Home.php(28): CodeIgniter\BaseModel->findAll(7)
#7 C:\laragon\www\ci4curso\system\CodeIgniter.php(932): App\Controllers\Home->index()
#8 C:\laragon\www\ci4curso\system\CodeIgniter.php(497): CodeIgniter\CodeIgniter->runController(Object(App\Controllers\Home))
#9 C:\laragon\www\ci4curso\system\CodeIgniter.php(366): CodeIgniter\CodeIgniter->handleRequest(NULL, Object(Config\Cache), false)
#10 C:\laragon\www\ci4curso\public\index.php(67): CodeIgniter\CodeIgniter->run()
#11 {main}
CRITICAL - 2023-08-23 16:22:25 --> Unknown column 'posts_id' in 'field list'
in SYSTEMPATH\Database\MySQLi\Connection.php on line 295.
 1 SYSTEMPATH\Database\MySQLi\Connection.php(295): mysqli->query('SELECT `posts_id`, `posts`.`title`, `posts`.`image`, `posts`.`create_at`, `posts`.`description`, `categories`.`name` as `categoryName`, `users`.`fistName` as `userFirstName`, `users`.`lastName` as `userLastName`
FROM `posts`
JOIN `users` ON `users`.`id` = `post`.`users`.`id`
JOIN `categories` ON `categories`.`id` = `post`.`category_id`
ORDER BY `id` DESC
 LIMIT 7', 0)
 2 SYSTEMPATH\Database\BaseConnection.php(692): CodeIgniter\Database\MySQLi\Connection->execute('SELECT `posts_id`, `posts`.`title`, `posts`.`image`, `posts`.`create_at`, `posts`.`description`, `categories`.`name` as `categoryName`, `users`.`fistName` as `userFirstName`, `users`.`lastName` as `userLastName`
FROM `posts`
JOIN `users` ON `users`.`id` = `post`.`users`.`id`
JOIN `categories` ON `categories`.`id` = `post`.`category_id`
ORDER BY `id` DESC
 LIMIT 7')
 3 SYSTEMPATH\Database\BaseConnection.php(606): CodeIgniter\Database\BaseConnection->simpleQuery('SELECT `posts_id`, `posts`.`title`, `posts`.`image`, `posts`.`create_at`, `posts`.`description`, `categories`.`name` as `categoryName`, `users`.`fistName` as `userFirstName`, `users`.`lastName` as `userLastName`
FROM `posts`
JOIN `users` ON `users`.`id` = `post`.`users`.`id`
JOIN `categories` ON `categories`.`id` = `post`.`category_id`
ORDER BY `id` DESC
 LIMIT 7')
 4 SYSTEMPATH\Database\BaseBuilder.php(1616): CodeIgniter\Database\BaseConnection->query('SELECT `posts_id`, `posts`.`title`, `posts`.`image`, `posts`.`create_at`, `posts`.`description`, `categories`.`name` as `categoryName`, `users`.`fistName` as `userFirstName`, `users`.`lastName` as `userLastName`
FROM `posts`
JOIN `users` ON `users`.`id` = `post`.`users`.`id`
JOIN `categories` ON `categories`.`id` = `post`.`category_id`
ORDER BY `id` DESC
 LIMIT 7', [], false)
 5 SYSTEMPATH\Model.php(241): CodeIgniter\Database\BaseBuilder->get()
 6 SYSTEMPATH\BaseModel.php(618): CodeIgniter\Model->doFindAll(7, 0)
 7 APPPATH\Controllers\Home.php(28): CodeIgniter\BaseModel->findAll(7)
 8 SYSTEMPATH\CodeIgniter.php(932): App\Controllers\Home->index()
 9 SYSTEMPATH\CodeIgniter.php(497): CodeIgniter\CodeIgniter->runController(Object(App\Controllers\Home))
10 SYSTEMPATH\CodeIgniter.php(366): CodeIgniter\CodeIgniter->handleRequest(null, Object(Config\Cache), false)
11 FCPATH\index.php(67): CodeIgniter\CodeIgniter->run()
ERROR - 2023-08-23 16:22:47 --> mysqli_sql_exception: Column 'id' in field list is ambiguous in C:\laragon\www\ci4curso\system\Database\MySQLi\Connection.php:295
Stack trace:
#0 C:\laragon\www\ci4curso\system\Database\MySQLi\Connection.php(295): mysqli->query('SELECT `id`, `p...', 0)
#1 C:\laragon\www\ci4curso\system\Database\BaseConnection.php(692): CodeIgniter\Database\MySQLi\Connection->execute('SELECT `id`, `p...')
#2 C:\laragon\www\ci4curso\system\Database\BaseConnection.php(606): CodeIgniter\Database\BaseConnection->simpleQuery('SELECT `id`, `p...')
#3 C:\laragon\www\ci4curso\system\Database\BaseBuilder.php(1616): CodeIgniter\Database\BaseConnection->query('SELECT `id`, `p...', Array, false)
#4 C:\laragon\www\ci4curso\system\Model.php(241): CodeIgniter\Database\BaseBuilder->get()
#5 C:\laragon\www\ci4curso\system\BaseModel.php(618): CodeIgniter\Model->doFindAll(7, 0)
#6 C:\laragon\www\ci4curso\app\Controllers\Home.php(28): CodeIgniter\BaseModel->findAll(7)
#7 C:\laragon\www\ci4curso\system\CodeIgniter.php(932): App\Controllers\Home->index()
#8 C:\laragon\www\ci4curso\system\CodeIgniter.php(497): CodeIgniter\CodeIgniter->runController(Object(App\Controllers\Home))
#9 C:\laragon\www\ci4curso\system\CodeIgniter.php(366): CodeIgniter\CodeIgniter->handleRequest(NULL, Object(Config\Cache), false)
#10 C:\laragon\www\ci4curso\public\index.php(67): CodeIgniter\CodeIgniter->run()
#11 {main}
CRITICAL - 2023-08-23 16:22:47 --> Column 'id' in field list is ambiguous
in SYSTEMPATH\Database\MySQLi\Connection.php on line 295.
 1 SYSTEMPATH\Database\MySQLi\Connection.php(295): mysqli->query('SELECT `id`, `posts`.`title`, `posts`.`image`, `posts`.`create_at`, `posts`.`description`, `categories`.`name` as `categoryName`, `users`.`fistName` as `userFirstName`, `users`.`lastName` as `userLastName`
FROM `posts`
JOIN `users` ON `users`.`id` = `post`.`users`.`id`
JOIN `categories` ON `categories`.`id` = `post`.`category_id`
ORDER BY `id` DESC
 LIMIT 7', 0)
 2 SYSTEMPATH\Database\BaseConnection.php(692): CodeIgniter\Database\MySQLi\Connection->execute('SELECT `id`, `posts`.`title`, `posts`.`image`, `posts`.`create_at`, `posts`.`description`, `categories`.`name` as `categoryName`, `users`.`fistName` as `userFirstName`, `users`.`lastName` as `userLastName`
FROM `posts`
JOIN `users` ON `users`.`id` = `post`.`users`.`id`
JOIN `categories` ON `categories`.`id` = `post`.`category_id`
ORDER BY `id` DESC
 LIMIT 7')
 3 SYSTEMPATH\Database\BaseConnection.php(606): CodeIgniter\Database\BaseConnection->simpleQuery('SELECT `id`, `posts`.`title`, `posts`.`image`, `posts`.`create_at`, `posts`.`description`, `categories`.`name` as `categoryName`, `users`.`fistName` as `userFirstName`, `users`.`lastName` as `userLastName`
FROM `posts`
JOIN `users` ON `users`.`id` = `post`.`users`.`id`
JOIN `categories` ON `categories`.`id` = `post`.`category_id`
ORDER BY `id` DESC
 LIMIT 7')
 4 SYSTEMPATH\Database\BaseBuilder.php(1616): CodeIgniter\Database\BaseConnection->query('SELECT `id`, `posts`.`title`, `posts`.`image`, `posts`.`create_at`, `posts`.`description`, `categories`.`name` as `categoryName`, `users`.`fistName` as `userFirstName`, `users`.`lastName` as `userLastName`
FROM `posts`
JOIN `users` ON `users`.`id` = `post`.`users`.`id`
JOIN `categories` ON `categories`.`id` = `post`.`category_id`
ORDER BY `id` DESC
 LIMIT 7', [], false)
 5 SYSTEMPATH\Model.php(241): CodeIgniter\Database\BaseBuilder->get()
 6 SYSTEMPATH\BaseModel.php(618): CodeIgniter\Model->doFindAll(7, 0)
 7 APPPATH\Controllers\Home.php(28): CodeIgniter\BaseModel->findAll(7)
 8 SYSTEMPATH\CodeIgniter.php(932): App\Controllers\Home->index()
 9 SYSTEMPATH\CodeIgniter.php(497): CodeIgniter\CodeIgniter->runController(Object(App\Controllers\Home))
10 SYSTEMPATH\CodeIgniter.php(366): CodeIgniter\CodeIgniter->handleRequest(null, Object(Config\Cache), false)
11 FCPATH\index.php(67): CodeIgniter\CodeIgniter->run()
ERROR - 2023-08-23 16:23:08 --> mysqli_sql_exception: Unknown column 'post.category_id' in 'on clause' in C:\laragon\www\ci4curso\system\Database\MySQLi\Connection.php:295
Stack trace:
#0 C:\laragon\www\ci4curso\system\Database\MySQLi\Connection.php(295): mysqli->query('SELECT `posts`....', 0)
#1 C:\laragon\www\ci4curso\system\Database\BaseConnection.php(692): CodeIgniter\Database\MySQLi\Connection->execute('SELECT `posts`....')
#2 C:\laragon\www\ci4curso\system\Database\BaseConnection.php(606): CodeIgniter\Database\BaseConnection->simpleQuery('SELECT `posts`....')
#3 C:\laragon\www\ci4curso\system\Database\BaseBuilder.php(1616): CodeIgniter\Database\BaseConnection->query('SELECT `posts`....', Array, false)
#4 C:\laragon\www\ci4curso\system\Model.php(241): CodeIgniter\Database\BaseBuilder->get()
#5 C:\laragon\www\ci4curso\system\BaseModel.php(618): CodeIgniter\Model->doFindAll(7, 0)
#6 C:\laragon\www\ci4curso\app\Controllers\Home.php(28): CodeIgniter\BaseModel->findAll(7)
#7 C:\laragon\www\ci4curso\system\CodeIgniter.php(932): App\Controllers\Home->index()
#8 C:\laragon\www\ci4curso\system\CodeIgniter.php(497): CodeIgniter\CodeIgniter->runController(Object(App\Controllers\Home))
#9 C:\laragon\www\ci4curso\system\CodeIgniter.php(366): CodeIgniter\CodeIgniter->handleRequest(NULL, Object(Config\Cache), false)
#10 C:\laragon\www\ci4curso\public\index.php(67): CodeIgniter\CodeIgniter->run()
#11 {main}
CRITICAL - 2023-08-23 16:23:08 --> Unknown column 'post.category_id' in 'on clause'
in SYSTEMPATH\Database\MySQLi\Connection.php on line 295.
 1 SYSTEMPATH\Database\MySQLi\Connection.php(295): mysqli->query('SELECT `posts`.`id`, `posts`.`title`, `posts`.`image`, `posts`.`create_at`, `posts`.`description`, `categories`.`name` as `categoryName`, `users`.`fistName` as `userFirstName`, `users`.`lastName` as `userLastName`
FROM `posts`
JOIN `users` ON `users`.`id` = `post`.`users`.`id`
JOIN `categories` ON `categories`.`id` = `post`.`category_id`
ORDER BY `id` DESC
 LIMIT 7', 0)
 2 SYSTEMPATH\Database\BaseConnection.php(692): CodeIgniter\Database\MySQLi\Connection->execute('SELECT `posts`.`id`, `posts`.`title`, `posts`.`image`, `posts`.`create_at`, `posts`.`description`, `categories`.`name` as `categoryName`, `users`.`fistName` as `userFirstName`, `users`.`lastName` as `userLastName`
FROM `posts`
JOIN `users` ON `users`.`id` = `post`.`users`.`id`
JOIN `categories` ON `categories`.`id` = `post`.`category_id`
ORDER BY `id` DESC
 LIMIT 7')
 3 SYSTEMPATH\Database\BaseConnection.php(606): CodeIgniter\Database\BaseConnection->simpleQuery('SELECT `posts`.`id`, `posts`.`title`, `posts`.`image`, `posts`.`create_at`, `posts`.`description`, `categories`.`name` as `categoryName`, `users`.`fistName` as `userFirstName`, `users`.`lastName` as `userLastName`
FROM `posts`
JOIN `users` ON `users`.`id` = `post`.`users`.`id`
JOIN `categories` ON `categories`.`id` = `post`.`category_id`
ORDER BY `id` DESC
 LIMIT 7')
 4 SYSTEMPATH\Database\BaseBuilder.php(1616): CodeIgniter\Database\BaseConnection->query('SELECT `posts`.`id`, `posts`.`title`, `posts`.`image`, `posts`.`create_at`, `posts`.`description`, `categories`.`name` as `categoryName`, `users`.`fistName` as `userFirstName`, `users`.`lastName` as `userLastName`
FROM `posts`
JOIN `users` ON `users`.`id` = `post`.`users`.`id`
JOIN `categories` ON `categories`.`id` = `post`.`category_id`
ORDER BY `id` DESC
 LIMIT 7', [], false)
 5 SYSTEMPATH\Model.php(241): CodeIgniter\Database\BaseBuilder->get()
 6 SYSTEMPATH\BaseModel.php(618): CodeIgniter\Model->doFindAll(7, 0)
 7 APPPATH\Controllers\Home.php(28): CodeIgniter\BaseModel->findAll(7)
 8 SYSTEMPATH\CodeIgniter.php(932): App\Controllers\Home->index()
 9 SYSTEMPATH\CodeIgniter.php(497): CodeIgniter\CodeIgniter->runController(Object(App\Controllers\Home))
10 SYSTEMPATH\CodeIgniter.php(366): CodeIgniter\CodeIgniter->handleRequest(null, Object(Config\Cache), false)
11 FCPATH\index.php(67): CodeIgniter\CodeIgniter->run()
ERROR - 2023-08-23 16:23:36 --> mysqli_sql_exception: Unknown column 'post.category.id' in 'on clause' in C:\laragon\www\ci4curso\system\Database\MySQLi\Connection.php:295
Stack trace:
#0 C:\laragon\www\ci4curso\system\Database\MySQLi\Connection.php(295): mysqli->query('SELECT `posts`....', 0)
#1 C:\laragon\www\ci4curso\system\Database\BaseConnection.php(692): CodeIgniter\Database\MySQLi\Connection->execute('SELECT `posts`....')
#2 C:\laragon\www\ci4curso\system\Database\BaseConnection.php(606): CodeIgniter\Database\BaseConnection->simpleQuery('SELECT `posts`....')
#3 C:\laragon\www\ci4curso\system\Database\BaseBuilder.php(1616): CodeIgniter\Database\BaseConnection->query('SELECT `posts`....', Array, false)
#4 C:\laragon\www\ci4curso\system\Model.php(241): CodeIgniter\Database\BaseBuilder->get()
#5 C:\laragon\www\ci4curso\system\BaseModel.php(618): CodeIgniter\Model->doFindAll(7, 0)
#6 C:\laragon\www\ci4curso\app\Controllers\Home.php(28): CodeIgniter\BaseModel->findAll(7)
#7 C:\laragon\www\ci4curso\system\CodeIgniter.php(932): App\Controllers\Home->index()
#8 C:\laragon\www\ci4curso\system\CodeIgniter.php(497): CodeIgniter\CodeIgniter->runController(Object(App\Controllers\Home))
#9 C:\laragon\www\ci4curso\system\CodeIgniter.php(366): CodeIgniter\CodeIgniter->handleRequest(NULL, Object(Config\Cache), false)
#10 C:\laragon\www\ci4curso\public\index.php(67): CodeIgniter\CodeIgniter->run()
#11 {main}
CRITICAL - 2023-08-23 16:23:36 --> Unknown column 'post.category.id' in 'on clause'
in SYSTEMPATH\Database\MySQLi\Connection.php on line 295.
 1 SYSTEMPATH\Database\MySQLi\Connection.php(295): mysqli->query('SELECT `posts`.`id`, `posts`.`title`, `posts`.`image`, `posts`.`create_at`, `posts`.`description`, `categories`.`name` as `categoryName`, `users`.`fistName` as `userFirstName`, `users`.`lastName` as `userLastName`
FROM `posts`
JOIN `users` ON `users`.`id` = `post`.`users`.`id`
JOIN `categories` ON `categories`.`id` = `post`.`category`.`id`
ORDER BY `id` DESC
 LIMIT 7', 0)
 2 SYSTEMPATH\Database\BaseConnection.php(692): CodeIgniter\Database\MySQLi\Connection->execute('SELECT `posts`.`id`, `posts`.`title`, `posts`.`image`, `posts`.`create_at`, `posts`.`description`, `categories`.`name` as `categoryName`, `users`.`fistName` as `userFirstName`, `users`.`lastName` as `userLastName`
FROM `posts`
JOIN `users` ON `users`.`id` = `post`.`users`.`id`
JOIN `categories` ON `categories`.`id` = `post`.`category`.`id`
ORDER BY `id` DESC
 LIMIT 7')
 3 SYSTEMPATH\Database\BaseConnection.php(606): CodeIgniter\Database\BaseConnection->simpleQuery('SELECT `posts`.`id`, `posts`.`title`, `posts`.`image`, `posts`.`create_at`, `posts`.`description`, `categories`.`name` as `categoryName`, `users`.`fistName` as `userFirstName`, `users`.`lastName` as `userLastName`
FROM `posts`
JOIN `users` ON `users`.`id` = `post`.`users`.`id`
JOIN `categories` ON `categories`.`id` = `post`.`category`.`id`
ORDER BY `id` DESC
 LIMIT 7')
 4 SYSTEMPATH\Database\BaseBuilder.php(1616): CodeIgniter\Database\BaseConnection->query('SELECT `posts`.`id`, `posts`.`title`, `posts`.`image`, `posts`.`create_at`, `posts`.`description`, `categories`.`name` as `categoryName`, `users`.`fistName` as `userFirstName`, `users`.`lastName` as `userLastName`
FROM `posts`
JOIN `users` ON `users`.`id` = `post`.`users`.`id`
JOIN `categories` ON `categories`.`id` = `post`.`category`.`id`
ORDER BY `id` DESC
 LIMIT 7', [], false)
 5 SYSTEMPATH\Model.php(241): CodeIgniter\Database\BaseBuilder->get()
 6 SYSTEMPATH\BaseModel.php(618): CodeIgniter\Model->doFindAll(7, 0)
 7 APPPATH\Controllers\Home.php(28): CodeIgniter\BaseModel->findAll(7)
 8 SYSTEMPATH\CodeIgniter.php(932): App\Controllers\Home->index()
 9 SYSTEMPATH\CodeIgniter.php(497): CodeIgniter\CodeIgniter->runController(Object(App\Controllers\Home))
10 SYSTEMPATH\CodeIgniter.php(366): CodeIgniter\CodeIgniter->handleRequest(null, Object(Config\Cache), false)
11 FCPATH\index.php(67): CodeIgniter\CodeIgniter->run()
ERROR - 2023-08-23 16:24:21 --> mysqli_sql_exception: Unknown column 'posts.users.id' in 'on clause' in C:\laragon\www\ci4curso\system\Database\MySQLi\Connection.php:295
Stack trace:
#0 C:\laragon\www\ci4curso\system\Database\MySQLi\Connection.php(295): mysqli->query('SELECT `posts`....', 0)
#1 C:\laragon\www\ci4curso\system\Database\BaseConnection.php(692): CodeIgniter\Database\MySQLi\Connection->execute('SELECT `posts`....')
#2 C:\laragon\www\ci4curso\system\Database\BaseConnection.php(606): CodeIgniter\Database\BaseConnection->simpleQuery('SELECT `posts`....')
#3 C:\laragon\www\ci4curso\system\Database\BaseBuilder.php(1616): CodeIgniter\Database\BaseConnection->query('SELECT `posts`....', Array, false)
#4 C:\laragon\www\ci4curso\system\Model.php(241): CodeIgniter\Database\BaseBuilder->get()
#5 C:\laragon\www\ci4curso\system\BaseModel.php(618): CodeIgniter\Model->doFindAll(7, 0)
#6 C:\laragon\www\ci4curso\app\Controllers\Home.php(28): CodeIgniter\BaseModel->findAll(7)
#7 C:\laragon\www\ci4curso\system\CodeIgniter.php(932): App\Controllers\Home->index()
#8 C:\laragon\www\ci4curso\system\CodeIgniter.php(497): CodeIgniter\CodeIgniter->runController(Object(App\Controllers\Home))
#9 C:\laragon\www\ci4curso\system\CodeIgniter.php(366): CodeIgniter\CodeIgniter->handleRequest(NULL, Object(Config\Cache), false)
#10 C:\laragon\www\ci4curso\public\index.php(67): CodeIgniter\CodeIgniter->run()
#11 {main}
CRITICAL - 2023-08-23 16:24:21 --> Unknown column 'posts.users.id' in 'on clause'
in SYSTEMPATH\Database\MySQLi\Connection.php on line 295.
 1 SYSTEMPATH\Database\MySQLi\Connection.php(295): mysqli->query('SELECT `posts`.`id`, `posts`.`title`, `posts`.`image`, `posts`.`create_at`, `posts`.`description`, `categories`.`name` as `categoryName`, `users`.`fistName` as `userFirstName`, `users`.`lastName` as `userLastName`
FROM `posts`
JOIN `users` ON `users`.`id` = `posts`.`users`.`id`
JOIN `categories` ON `categories`.`id` = `posts`.`category_id`
ORDER BY `id` DESC
 LIMIT 7', 0)
 2 SYSTEMPATH\Database\BaseConnection.php(692): CodeIgniter\Database\MySQLi\Connection->execute('SELECT `posts`.`id`, `posts`.`title`, `posts`.`image`, `posts`.`create_at`, `posts`.`description`, `categories`.`name` as `categoryName`, `users`.`fistName` as `userFirstName`, `users`.`lastName` as `userLastName`
FROM `posts`
JOIN `users` ON `users`.`id` = `posts`.`users`.`id`
JOIN `categories` ON `categories`.`id` = `posts`.`category_id`
ORDER BY `id` DESC
 LIMIT 7')
 3 SYSTEMPATH\Database\BaseConnection.php(606): CodeIgniter\Database\BaseConnection->simpleQuery('SELECT `posts`.`id`, `posts`.`title`, `posts`.`image`, `posts`.`create_at`, `posts`.`description`, `categories`.`name` as `categoryName`, `users`.`fistName` as `userFirstName`, `users`.`lastName` as `userLastName`
FROM `posts`
JOIN `users` ON `users`.`id` = `posts`.`users`.`id`
JOIN `categories` ON `categories`.`id` = `posts`.`category_id`
ORDER BY `id` DESC
 LIMIT 7')
 4 SYSTEMPATH\Database\BaseBuilder.php(1616): CodeIgniter\Database\BaseConnection->query('SELECT `posts`.`id`, `posts`.`title`, `posts`.`image`, `posts`.`create_at`, `posts`.`description`, `categories`.`name` as `categoryName`, `users`.`fistName` as `userFirstName`, `users`.`lastName` as `userLastName`
FROM `posts`
JOIN `users` ON `users`.`id` = `posts`.`users`.`id`
JOIN `categories` ON `categories`.`id` = `posts`.`category_id`
ORDER BY `id` DESC
 LIMIT 7', [], false)
 5 SYSTEMPATH\Model.php(241): CodeIgniter\Database\BaseBuilder->get()
 6 SYSTEMPATH\BaseModel.php(618): CodeIgniter\Model->doFindAll(7, 0)
 7 APPPATH\Controllers\Home.php(28): CodeIgniter\BaseModel->findAll(7)
 8 SYSTEMPATH\CodeIgniter.php(932): App\Controllers\Home->index()
 9 SYSTEMPATH\CodeIgniter.php(497): CodeIgniter\CodeIgniter->runController(Object(App\Controllers\Home))
10 SYSTEMPATH\CodeIgniter.php(366): CodeIgniter\CodeIgniter->handleRequest(null, Object(Config\Cache), false)
11 FCPATH\index.php(67): CodeIgniter\CodeIgniter->run()
ERROR - 2023-08-23 16:24:31 --> mysqli_sql_exception: Unknown column 'posts.users_id' in 'on clause' in C:\laragon\www\ci4curso\system\Database\MySQLi\Connection.php:295
Stack trace:
#0 C:\laragon\www\ci4curso\system\Database\MySQLi\Connection.php(295): mysqli->query('SELECT `posts`....', 0)
#1 C:\laragon\www\ci4curso\system\Database\BaseConnection.php(692): CodeIgniter\Database\MySQLi\Connection->execute('SELECT `posts`....')
#2 C:\laragon\www\ci4curso\system\Database\BaseConnection.php(606): CodeIgniter\Database\BaseConnection->simpleQuery('SELECT `posts`....')
#3 C:\laragon\www\ci4curso\system\Database\BaseBuilder.php(1616): CodeIgniter\Database\BaseConnection->query('SELECT `posts`....', Array, false)
#4 C:\laragon\www\ci4curso\system\Model.php(241): CodeIgniter\Database\BaseBuilder->get()
#5 C:\laragon\www\ci4curso\system\BaseModel.php(618): CodeIgniter\Model->doFindAll(7, 0)
#6 C:\laragon\www\ci4curso\app\Controllers\Home.php(28): CodeIgniter\BaseModel->findAll(7)
#7 C:\laragon\www\ci4curso\system\CodeIgniter.php(932): App\Controllers\Home->index()
#8 C:\laragon\www\ci4curso\system\CodeIgniter.php(497): CodeIgniter\CodeIgniter->runController(Object(App\Controllers\Home))
#9 C:\laragon\www\ci4curso\system\CodeIgniter.php(366): CodeIgniter\CodeIgniter->handleRequest(NULL, Object(Config\Cache), false)
#10 C:\laragon\www\ci4curso\public\index.php(67): CodeIgniter\CodeIgniter->run()
#11 {main}
CRITICAL - 2023-08-23 16:24:31 --> Unknown column 'posts.users_id' in 'on clause'
in SYSTEMPATH\Database\MySQLi\Connection.php on line 295.
 1 SYSTEMPATH\Database\MySQLi\Connection.php(295): mysqli->query('SELECT `posts`.`id`, `posts`.`title`, `posts`.`image`, `posts`.`create_at`, `posts`.`description`, `categories`.`name` as `categoryName`, `users`.`fistName` as `userFirstName`, `users`.`lastName` as `userLastName`
FROM `posts`
JOIN `users` ON `users`.`id` = `posts`.`users_id`
JOIN `categories` ON `categories`.`id` = `posts`.`category_id`
ORDER BY `id` DESC
 LIMIT 7', 0)
 2 SYSTEMPATH\Database\BaseConnection.php(692): CodeIgniter\Database\MySQLi\Connection->execute('SELECT `posts`.`id`, `posts`.`title`, `posts`.`image`, `posts`.`create_at`, `posts`.`description`, `categories`.`name` as `categoryName`, `users`.`fistName` as `userFirstName`, `users`.`lastName` as `userLastName`
FROM `posts`
JOIN `users` ON `users`.`id` = `posts`.`users_id`
JOIN `categories` ON `categories`.`id` = `posts`.`category_id`
ORDER BY `id` DESC
 LIMIT 7')
 3 SYSTEMPATH\Database\BaseConnection.php(606): CodeIgniter\Database\BaseConnection->simpleQuery('SELECT `posts`.`id`, `posts`.`title`, `posts`.`image`, `posts`.`create_at`, `posts`.`description`, `categories`.`name` as `categoryName`, `users`.`fistName` as `userFirstName`, `users`.`lastName` as `userLastName`
FROM `posts`
JOIN `users` ON `users`.`id` = `posts`.`users_id`
JOIN `categories` ON `categories`.`id` = `posts`.`category_id`
ORDER BY `id` DESC
 LIMIT 7')
 4 SYSTEMPATH\Database\BaseBuilder.php(1616): CodeIgniter\Database\BaseConnection->query('SELECT `posts`.`id`, `posts`.`title`, `posts`.`image`, `posts`.`create_at`, `posts`.`description`, `categories`.`name` as `categoryName`, `users`.`fistName` as `userFirstName`, `users`.`lastName` as `userLastName`
FROM `posts`
JOIN `users` ON `users`.`id` = `posts`.`users_id`
JOIN `categories` ON `categories`.`id` = `posts`.`category_id`
ORDER BY `id` DESC
 LIMIT 7', [], false)
 5 SYSTEMPATH\Model.php(241): CodeIgniter\Database\BaseBuilder->get()
 6 SYSTEMPATH\BaseModel.php(618): CodeIgniter\Model->doFindAll(7, 0)
 7 APPPATH\Controllers\Home.php(28): CodeIgniter\BaseModel->findAll(7)
 8 SYSTEMPATH\CodeIgniter.php(932): App\Controllers\Home->index()
 9 SYSTEMPATH\CodeIgniter.php(497): CodeIgniter\CodeIgniter->runController(Object(App\Controllers\Home))
10 SYSTEMPATH\CodeIgniter.php(366): CodeIgniter\CodeIgniter->handleRequest(null, Object(Config\Cache), false)
11 FCPATH\index.php(67): CodeIgniter\CodeIgniter->run()
CRITICAL - 2023-08-23 22:31:23 --> Attempt to read property "image" on array
in APPPATH\Views\_partials\_recent.php on line 6.
 1 APPPATH\Views\_partials\_recent.php(6): CodeIgniter\Debug\Exceptions->errorHandler(2, 'Attempt to read property "image" on array', 'C:\\laragon\\www\\ci4curso\\app\\Views\\_partials\\_recent.php', 6)
 2 SYSTEMPATH\View\View.php(224): include('C:\\laragon\\www\\ci4curso\\app\\Views\\_partials\\_recent.php')
 3 SYSTEMPATH\View\View.php(227): CodeIgniter\View\View->CodeIgniter\View\{closure}()
 4 SYSTEMPATH\Common.php(1176): CodeIgniter\View\View->render('/_partials/_recent', [], true)
 5 APPPATH\Controllers\Recent.php(32): view('/_partials/_recent', [...])
 6 SYSTEMPATH\CodeIgniter.php(932): App\Controllers\Recent->index()
 7 SYSTEMPATH\CodeIgniter.php(497): CodeIgniter\CodeIgniter->runController(Object(App\Controllers\Recent))
 8 SYSTEMPATH\CodeIgniter.php(366): CodeIgniter\CodeIgniter->handleRequest(null, Object(Config\Cache), false)
 9 FCPATH\index.php(67): CodeIgniter\CodeIgniter->run()
CRITICAL - 2023-08-23 22:32:05 --> Attempt to read property "image" on array
in APPPATH\Views\_partials\_recent.php on line 6.
 1 APPPATH\Views\_partials\_recent.php(6): CodeIgniter\Debug\Exceptions->errorHandler(2, 'Attempt to read property "image" on array', 'C:\\laragon\\www\\ci4curso\\app\\Views\\_partials\\_recent.php', 6)
 2 SYSTEMPATH\View\View.php(224): include('C:\\laragon\\www\\ci4curso\\app\\Views\\_partials\\_recent.php')
 3 SYSTEMPATH\View\View.php(227): CodeIgniter\View\View->CodeIgniter\View\{closure}()
 4 SYSTEMPATH\Common.php(1176): CodeIgniter\View\View->render('/_partials/_recent', [], true)
 5 APPPATH\Controllers\Recent.php(32): view('/_partials/_recent', [...])
 6 SYSTEMPATH\CodeIgniter.php(932): App\Controllers\Recent->index()
 7 SYSTEMPATH\CodeIgniter.php(497): CodeIgniter\CodeIgniter->runController(Object(App\Controllers\Recent))
 8 SYSTEMPATH\CodeIgniter.php(366): CodeIgniter\CodeIgniter->handleRequest(null, Object(Config\Cache), false)
 9 FCPATH\index.php(67): CodeIgniter\CodeIgniter->run()
CRITICAL - 2023-08-23 22:32:17 --> Attempt to read property "image" on array
in APPPATH\Views\_partials\_recent.php on line 6.
 1 APPPATH\Views\_partials\_recent.php(6): CodeIgniter\Debug\Exceptions->errorHandler(2, 'Attempt to read property "image" on array', 'C:\\laragon\\www\\ci4curso\\app\\Views\\_partials\\_recent.php', 6)
 2 SYSTEMPATH\View\View.php(224): include('C:\\laragon\\www\\ci4curso\\app\\Views\\_partials\\_recent.php')
 3 SYSTEMPATH\View\View.php(227): CodeIgniter\View\View->CodeIgniter\View\{closure}()
 4 SYSTEMPATH\Common.php(1176): CodeIgniter\View\View->render('/_partials/_recent', [], true)
 5 APPPATH\Controllers\Recent.php(32): view('/_partials/_recent', [...])
 6 SYSTEMPATH\CodeIgniter.php(932): App\Controllers\Recent->index()
 7 SYSTEMPATH\CodeIgniter.php(497): CodeIgniter\CodeIgniter->runController(Object(App\Controllers\Recent))
 8 SYSTEMPATH\CodeIgniter.php(366): CodeIgniter\CodeIgniter->handleRequest(null, Object(Config\Cache), false)
 9 FCPATH\index.php(67): CodeIgniter\CodeIgniter->run()
CRITICAL - 2023-08-23 22:38:20 --> Attempt to read property "image" on array
in APPPATH\Views\_partials\_recent.php on line 6.
 1 APPPATH\Views\_partials\_recent.php(6): CodeIgniter\Debug\Exceptions->errorHandler(2, 'Attempt to read property "image" on array', 'C:\\laragon\\www\\ci4curso\\app\\Views\\_partials\\_recent.php', 6)
 2 SYSTEMPATH\View\View.php(224): include('C:\\laragon\\www\\ci4curso\\app\\Views\\_partials\\_recent.php')
 3 SYSTEMPATH\View\View.php(227): CodeIgniter\View\View->CodeIgniter\View\{closure}()
 4 SYSTEMPATH\Common.php(1176): CodeIgniter\View\View->render('/_partials/_recent', [], true)
 5 APPPATH\Controllers\Recent.php(32): view('/_partials/_recent', [...])
 6 SYSTEMPATH\CodeIgniter.php(932): App\Controllers\Recent->index()
 7 SYSTEMPATH\CodeIgniter.php(497): CodeIgniter\CodeIgniter->runController(Object(App\Controllers\Recent))
 8 SYSTEMPATH\CodeIgniter.php(366): CodeIgniter\CodeIgniter->handleRequest(null, Object(Config\Cache), false)
 9 FCPATH\index.php(67): CodeIgniter\CodeIgniter->run()
CRITICAL - 2023-08-23 22:42:14 --> Attempt to read property "categoryName" on array
in APPPATH\Views\_partials\_recent.php on line 7.
 1 APPPATH\Views\_partials\_recent.php(7): CodeIgniter\Debug\Exceptions->errorHandler(2, 'Attempt to read property "categoryName" on array', 'C:\\laragon\\www\\ci4curso\\app\\Views\\_partials\\_recent.php', 7)
 2 SYSTEMPATH\View\View.php(224): include('C:\\laragon\\www\\ci4curso\\app\\Views\\_partials\\_recent.php')
 3 SYSTEMPATH\View\View.php(227): CodeIgniter\View\View->CodeIgniter\View\{closure}()
 4 SYSTEMPATH\Common.php(1176): CodeIgniter\View\View->render('/_partials/_recent', [], true)
 5 APPPATH\Controllers\Recent.php(32): view('/_partials/_recent', [...])
 6 SYSTEMPATH\CodeIgniter.php(932): App\Controllers\Recent->index()
 7 SYSTEMPATH\CodeIgniter.php(497): CodeIgniter\CodeIgniter->runController(Object(App\Controllers\Recent))
 8 SYSTEMPATH\CodeIgniter.php(366): CodeIgniter\CodeIgniter->handleRequest(null, Object(Config\Cache), false)
 9 FCPATH\index.php(67): CodeIgniter\CodeIgniter->run()
CRITICAL - 2023-08-23 22:44:06 --> Attempt to read property "categoryName" on array
in APPPATH\Views\_partials\_recent.php on line 7.
 1 APPPATH\Views\_partials\_recent.php(7): CodeIgniter\Debug\Exceptions->errorHandler(2, 'Attempt to read property "categoryName" on array', 'C:\\laragon\\www\\ci4curso\\app\\Views\\_partials\\_recent.php', 7)
 2 SYSTEMPATH\View\View.php(224): include('C:\\laragon\\www\\ci4curso\\app\\Views\\_partials\\_recent.php')
 3 SYSTEMPATH\View\View.php(227): CodeIgniter\View\View->CodeIgniter\View\{closure}()
 4 SYSTEMPATH\Common.php(1176): CodeIgniter\View\View->render('/_partials/_recent', [], true)
 5 APPPATH\Controllers\Recent.php(32): view('/_partials/_recent', [...])
 6 SYSTEMPATH\CodeIgniter.php(932): App\Controllers\Recent->index()
 7 SYSTEMPATH\CodeIgniter.php(497): CodeIgniter\CodeIgniter->runController(Object(App\Controllers\Recent))
 8 SYSTEMPATH\CodeIgniter.php(366): CodeIgniter\CodeIgniter->handleRequest(null, Object(Config\Cache), false)
 9 FCPATH\index.php(67): CodeIgniter\CodeIgniter->run()
CRITICAL - 2023-08-23 22:44:38 --> Attempt to read property "categoryName" on array
in APPPATH\Views\_partials\_recent.php on line 7.
 1 APPPATH\Views\_partials\_recent.php(7): CodeIgniter\Debug\Exceptions->errorHandler(2, 'Attempt to read property "categoryName" on array', 'C:\\laragon\\www\\ci4curso\\app\\Views\\_partials\\_recent.php', 7)
 2 SYSTEMPATH\View\View.php(224): include('C:\\laragon\\www\\ci4curso\\app\\Views\\_partials\\_recent.php')
 3 SYSTEMPATH\View\View.php(227): CodeIgniter\View\View->CodeIgniter\View\{closure}()
 4 SYSTEMPATH\Common.php(1176): CodeIgniter\View\View->render('/_partials/_recent', [], true)
 5 APPPATH\Controllers\Recent.php(32): view('/_partials/_recent', [...])
 6 SYSTEMPATH\CodeIgniter.php(932): App\Controllers\Recent->index()
 7 SYSTEMPATH\CodeIgniter.php(497): CodeIgniter\CodeIgniter->runController(Object(App\Controllers\Recent))
 8 SYSTEMPATH\CodeIgniter.php(366): CodeIgniter\CodeIgniter->handleRequest(null, Object(Config\Cache), false)
 9 FCPATH\index.php(67): CodeIgniter\CodeIgniter->run()
CRITICAL - 2023-08-23 22:45:47 --> Attempt to read property "categoryName" on array
in APPPATH\Views\_partials\_recent.php on line 7.
 1 APPPATH\Views\_partials\_recent.php(7): CodeIgniter\Debug\Exceptions->errorHandler(2, 'Attempt to read property "categoryName" on array', 'C:\\laragon\\www\\ci4curso\\app\\Views\\_partials\\_recent.php', 7)
 2 SYSTEMPATH\View\View.php(224): include('C:\\laragon\\www\\ci4curso\\app\\Views\\_partials\\_recent.php')
 3 SYSTEMPATH\View\View.php(227): CodeIgniter\View\View->CodeIgniter\View\{closure}()
 4 SYSTEMPATH\Common.php(1176): CodeIgniter\View\View->render('/_partials/_recent', [], true)
 5 APPPATH\Controllers\Recent.php(32): view('/_partials/_recent', [...])
 6 SYSTEMPATH\CodeIgniter.php(932): App\Controllers\Recent->index()
 7 SYSTEMPATH\CodeIgniter.php(497): CodeIgniter\CodeIgniter->runController(Object(App\Controllers\Recent))
 8 SYSTEMPATH\CodeIgniter.php(366): CodeIgniter\CodeIgniter->handleRequest(null, Object(Config\Cache), false)
 9 FCPATH\index.php(67): CodeIgniter\CodeIgniter->run()
CRITICAL - 2023-08-23 22:46:14 --> Attempt to read property "categoryName" on array
in APPPATH\Views\_partials\_recent.php on line 7.
 1 APPPATH\Views\_partials\_recent.php(7): CodeIgniter\Debug\Exceptions->errorHandler(2, 'Attempt to read property "categoryName" on array', 'C:\\laragon\\www\\ci4curso\\app\\Views\\_partials\\_recent.php', 7)
 2 SYSTEMPATH\View\View.php(224): include('C:\\laragon\\www\\ci4curso\\app\\Views\\_partials\\_recent.php')
 3 SYSTEMPATH\View\View.php(227): CodeIgniter\View\View->CodeIgniter\View\{closure}()
 4 SYSTEMPATH\Common.php(1176): CodeIgniter\View\View->render('/_partials/_recent', [], true)
 5 APPPATH\Controllers\Recent.php(32): view('/_partials/_recent', [...])
 6 SYSTEMPATH\CodeIgniter.php(932): App\Controllers\Recent->index()
 7 SYSTEMPATH\CodeIgniter.php(497): CodeIgniter\CodeIgniter->runController(Object(App\Controllers\Recent))
 8 SYSTEMPATH\CodeIgniter.php(366): CodeIgniter\CodeIgniter->handleRequest(null, Object(Config\Cache), false)
 9 FCPATH\index.php(67): CodeIgniter\CodeIgniter->run()
CRITICAL - 2023-08-23 22:47:19 --> Attempt to read property "categoryName" on array
in APPPATH\Views\_partials\_recent.php on line 7.
 1 APPPATH\Views\_partials\_recent.php(7): CodeIgniter\Debug\Exceptions->errorHandler(2, 'Attempt to read property "categoryName" on array', 'C:\\laragon\\www\\ci4curso\\app\\Views\\_partials\\_recent.php', 7)
 2 SYSTEMPATH\View\View.php(224): include('C:\\laragon\\www\\ci4curso\\app\\Views\\_partials\\_recent.php')
 3 SYSTEMPATH\View\View.php(227): CodeIgniter\View\View->CodeIgniter\View\{closure}()
 4 SYSTEMPATH\Common.php(1176): CodeIgniter\View\View->render('/_partials/_recent', [], true)
 5 APPPATH\Controllers\Recent.php(32): view('/_partials/_recent', [...])
 6 SYSTEMPATH\CodeIgniter.php(932): App\Controllers\Recent->index()
 7 SYSTEMPATH\CodeIgniter.php(497): CodeIgniter\CodeIgniter->runController(Object(App\Controllers\Recent))
 8 SYSTEMPATH\CodeIgniter.php(366): CodeIgniter\CodeIgniter->handleRequest(null, Object(Config\Cache), false)
 9 FCPATH\index.php(67): CodeIgniter\CodeIgniter->run()
CRITICAL - 2023-08-23 22:48:06 --> Attempt to read property "categoryName" on array
in APPPATH\Views\_partials\_recent.php on line 7.
 1 APPPATH\Views\_partials\_recent.php(7): CodeIgniter\Debug\Exceptions->errorHandler(2, 'Attempt to read property "categoryName" on array', 'C:\\laragon\\www\\ci4curso\\app\\Views\\_partials\\_recent.php', 7)
 2 SYSTEMPATH\View\View.php(224): include('C:\\laragon\\www\\ci4curso\\app\\Views\\_partials\\_recent.php')
 3 SYSTEMPATH\View\View.php(227): CodeIgniter\View\View->CodeIgniter\View\{closure}()
 4 SYSTEMPATH\Common.php(1176): CodeIgniter\View\View->render('/_partials/_recent', [], true)
 5 APPPATH\Controllers\Recent.php(32): view('/_partials/_recent', [...])
 6 SYSTEMPATH\CodeIgniter.php(932): App\Controllers\Recent->index()
 7 SYSTEMPATH\CodeIgniter.php(497): CodeIgniter\CodeIgniter->runController(Object(App\Controllers\Recent))
 8 SYSTEMPATH\CodeIgniter.php(366): CodeIgniter\CodeIgniter->handleRequest(null, Object(Config\Cache), false)
 9 FCPATH\index.php(67): CodeIgniter\CodeIgniter->run()
CRITICAL - 2023-08-23 22:49:30 --> Attempt to read property "image" on array
in APPPATH\Views\_partials\_recent.php on line 6.
 1 APPPATH\Views\_partials\_recent.php(6): CodeIgniter\Debug\Exceptions->errorHandler(2, 'Attempt to read property "image" on array', 'C:\\laragon\\www\\ci4curso\\app\\Views\\_partials\\_recent.php', 6)
 2 SYSTEMPATH\View\View.php(224): include('C:\\laragon\\www\\ci4curso\\app\\Views\\_partials\\_recent.php')
 3 SYSTEMPATH\View\View.php(227): CodeIgniter\View\View->CodeIgniter\View\{closure}()
 4 SYSTEMPATH\Common.php(1176): CodeIgniter\View\View->render('/_partials/_recent', [], true)
 5 APPPATH\Controllers\Recent.php(32): view('/_partials/_recent', [...])
 6 SYSTEMPATH\CodeIgniter.php(932): App\Controllers\Recent->index()
 7 SYSTEMPATH\CodeIgniter.php(497): CodeIgniter\CodeIgniter->runController(Object(App\Controllers\Recent))
 8 SYSTEMPATH\CodeIgniter.php(366): CodeIgniter\CodeIgniter->handleRequest(null, Object(Config\Cache), false)
 9 FCPATH\index.php(67): CodeIgniter\CodeIgniter->run()
CRITICAL - 2023-08-23 22:50:21 --> Attempt to read property "image" on array
in APPPATH\Views\_partials\_recent.php on line 6.
 1 APPPATH\Views\_partials\_recent.php(6): CodeIgniter\Debug\Exceptions->errorHandler(2, 'Attempt to read property "image" on array', 'C:\\laragon\\www\\ci4curso\\app\\Views\\_partials\\_recent.php', 6)
 2 SYSTEMPATH\View\View.php(224): include('C:\\laragon\\www\\ci4curso\\app\\Views\\_partials\\_recent.php')
 3 SYSTEMPATH\View\View.php(227): CodeIgniter\View\View->CodeIgniter\View\{closure}()
 4 SYSTEMPATH\Common.php(1176): CodeIgniter\View\View->render('/_partials/_recent', [], true)
 5 APPPATH\Controllers\Recent.php(32): view('/_partials/_recent', [...])
 6 SYSTEMPATH\CodeIgniter.php(932): App\Controllers\Recent->index()
 7 SYSTEMPATH\CodeIgniter.php(497): CodeIgniter\CodeIgniter->runController(Object(App\Controllers\Recent))
 8 SYSTEMPATH\CodeIgniter.php(366): CodeIgniter\CodeIgniter->handleRequest(null, Object(Config\Cache), false)
 9 FCPATH\index.php(67): CodeIgniter\CodeIgniter->run()
CRITICAL - 2023-08-23 22:50:24 --> Attempt to read property "image" on array
in APPPATH\Views\_partials\_recent.php on line 6.
 1 APPPATH\Views\_partials\_recent.php(6): CodeIgniter\Debug\Exceptions->errorHandler(2, 'Attempt to read property "image" on array', 'C:\\laragon\\www\\ci4curso\\app\\Views\\_partials\\_recent.php', 6)
 2 SYSTEMPATH\View\View.php(224): include('C:\\laragon\\www\\ci4curso\\app\\Views\\_partials\\_recent.php')
 3 SYSTEMPATH\View\View.php(227): CodeIgniter\View\View->CodeIgniter\View\{closure}()
 4 SYSTEMPATH\Common.php(1176): CodeIgniter\View\View->render('/_partials/_recent', [], true)
 5 APPPATH\Controllers\Recent.php(32): view('/_partials/_recent', [...])
 6 SYSTEMPATH\CodeIgniter.php(932): App\Controllers\Recent->index()
 7 SYSTEMPATH\CodeIgniter.php(497): CodeIgniter\CodeIgniter->runController(Object(App\Controllers\Recent))
 8 SYSTEMPATH\CodeIgniter.php(366): CodeIgniter\CodeIgniter->handleRequest(null, Object(Config\Cache), false)
 9 FCPATH\index.php(67): CodeIgniter\CodeIgniter->run()
CRITICAL - 2023-08-23 22:50:38 --> Attempt to read property "image" on array
in APPPATH\Views\_partials\_recent.php on line 6.
 1 APPPATH\Views\_partials\_recent.php(6): CodeIgniter\Debug\Exceptions->errorHandler(2, 'Attempt to read property "image" on array', 'C:\\laragon\\www\\ci4curso\\app\\Views\\_partials\\_recent.php', 6)
 2 SYSTEMPATH\View\View.php(224): include('C:\\laragon\\www\\ci4curso\\app\\Views\\_partials\\_recent.php')
 3 SYSTEMPATH\View\View.php(227): CodeIgniter\View\View->CodeIgniter\View\{closure}()
 4 SYSTEMPATH\Common.php(1176): CodeIgniter\View\View->render('/_partials/_recent', [], true)
 5 APPPATH\Controllers\Recent.php(32): view('/_partials/_recent', [...])
 6 SYSTEMPATH\CodeIgniter.php(932): App\Controllers\Recent->index()
 7 SYSTEMPATH\CodeIgniter.php(497): CodeIgniter\CodeIgniter->runController(Object(App\Controllers\Recent))
 8 SYSTEMPATH\CodeIgniter.php(366): CodeIgniter\CodeIgniter->handleRequest(null, Object(Config\Cache), false)
 9 FCPATH\index.php(67): CodeIgniter\CodeIgniter->run()
CRITICAL - 2023-08-23 22:59:50 --> Undefined property: stdClass::$ctitle
in APPPATH\Views\_partials\_recent.php on line 9.
 1 APPPATH\Views\_partials\_recent.php(9): CodeIgniter\Debug\Exceptions->errorHandler(2, 'Undefined property: stdClass::$ctitle', 'C:\\laragon\\www\\ci4curso\\app\\Views\\_partials\\_recent.php', 9)
 2 SYSTEMPATH\View\View.php(224): include('C:\\laragon\\www\\ci4curso\\app\\Views\\_partials\\_recent.php')
 3 SYSTEMPATH\View\View.php(227): CodeIgniter\View\View->CodeIgniter\View\{closure}()
 4 SYSTEMPATH\Common.php(1176): CodeIgniter\View\View->render('/_partials/_recent', [], true)
 5 APPPATH\Controllers\Recent.php(32): view('/_partials/_recent', [...])
 6 SYSTEMPATH\CodeIgniter.php(932): App\Controllers\Recent->index()
 7 SYSTEMPATH\CodeIgniter.php(497): CodeIgniter\CodeIgniter->runController(Object(App\Controllers\Recent))
 8 SYSTEMPATH\CodeIgniter.php(366): CodeIgniter\CodeIgniter->handleRequest(null, Object(Config\Cache), false)
 9 FCPATH\index.php(67): CodeIgniter\CodeIgniter->run()
CRITICAL - 2023-08-23 23:01:37 --> Call to undefined function word_limiter()
in APPPATH\Views\_partials\_recent.php on line 10.
 1 SYSTEMPATH\View\View.php(224): include()
 2 SYSTEMPATH\View\View.php(227): CodeIgniter\View\View->CodeIgniter\View\{closure}()
 3 SYSTEMPATH\Common.php(1176): CodeIgniter\View\View->render('/_partials/_recent', [], true)
 4 APPPATH\Controllers\Recent.php(32): view('/_partials/_recent', [...])
 5 SYSTEMPATH\CodeIgniter.php(932): App\Controllers\Recent->index()
 6 SYSTEMPATH\CodeIgniter.php(497): CodeIgniter\CodeIgniter->runController(Object(App\Controllers\Recent))
 7 SYSTEMPATH\CodeIgniter.php(366): CodeIgniter\CodeIgniter->handleRequest(null, Object(Config\Cache), false)
 8 FCPATH\index.php(67): CodeIgniter\CodeIgniter->run()
CRITICAL - 2023-08-23 23:11:25 --> Undefined variable $posts
in APPPATH\Views\_partials\_recent.php on line 25.
 1 APPPATH\Views\_partials\_recent.php(25): CodeIgniter\Debug\Exceptions->errorHandler(2, 'Undefined variable $posts', 'C:\\laragon\\www\\ci4curso\\app\\Views\\_partials\\_recent.php', 25)
 2 SYSTEMPATH\View\View.php(224): include('C:\\laragon\\www\\ci4curso\\app\\Views\\_partials\\_recent.php')
 3 SYSTEMPATH\View\View.php(227): CodeIgniter\View\View->CodeIgniter\View\{closure}()
 4 SYSTEMPATH\Common.php(1176): CodeIgniter\View\View->render('/_partials/_recent', [], true)
 5 APPPATH\Controllers\Recent.php(35): view('/_partials/_recent', [...])
 6 SYSTEMPATH\CodeIgniter.php(932): App\Controllers\Recent->index()
 7 SYSTEMPATH\CodeIgniter.php(497): CodeIgniter\CodeIgniter->runController(Object(App\Controllers\Recent))
 8 SYSTEMPATH\CodeIgniter.php(366): CodeIgniter\CodeIgniter->handleRequest(null, Object(Config\Cache), false)
 9 FCPATH\index.php(67): CodeIgniter\CodeIgniter->run()
CRITICAL - 2023-08-23 23:44:24 --> Call to undefined method stdClass::array_slice()
in APPPATH\Views\_partials\_recent.php on line 25.
 1 SYSTEMPATH\View\View.php(224): include()
 2 SYSTEMPATH\View\View.php(227): CodeIgniter\View\View->CodeIgniter\View\{closure}()
 3 SYSTEMPATH\Common.php(1176): CodeIgniter\View\View->render('/_partials/_recent', [], true)
 4 APPPATH\Controllers\Recent.php(35): view('/_partials/_recent', [...])
 5 SYSTEMPATH\CodeIgniter.php(932): App\Controllers\Recent->index()
 6 SYSTEMPATH\CodeIgniter.php(497): CodeIgniter\CodeIgniter->runController(Object(App\Controllers\Recent))
 7 SYSTEMPATH\CodeIgniter.php(366): CodeIgniter\CodeIgniter->handleRequest(null, Object(Config\Cache), false)
 8 FCPATH\index.php(67): CodeIgniter\CodeIgniter->run()
CRITICAL - 2023-08-23 23:44:42 --> Call to undefined method stdClass::array_slice()
in APPPATH\Views\_partials\_recent.php on line 25.
 1 SYSTEMPATH\View\View.php(224): include()
 2 SYSTEMPATH\View\View.php(227): CodeIgniter\View\View->CodeIgniter\View\{closure}()
 3 SYSTEMPATH\Common.php(1176): CodeIgniter\View\View->render('/_partials/_recent', [], true)
 4 APPPATH\Controllers\Recent.php(35): view('/_partials/_recent', [...])
 5 SYSTEMPATH\CodeIgniter.php(932): App\Controllers\Recent->index()
 6 SYSTEMPATH\CodeIgniter.php(497): CodeIgniter\CodeIgniter->runController(Object(App\Controllers\Recent))
 7 SYSTEMPATH\CodeIgniter.php(366): CodeIgniter\CodeIgniter->handleRequest(null, Object(Config\Cache), false)
 8 FCPATH\index.php(67): CodeIgniter\CodeIgniter->run()
CRITICAL - 2023-08-23 23:45:19 --> Call to undefined method stdClass::array_slice()
in APPPATH\Views\_partials\_recent.php on line 25.
 1 SYSTEMPATH\View\View.php(224): include()
 2 SYSTEMPATH\View\View.php(227): CodeIgniter\View\View->CodeIgniter\View\{closure}()
 3 SYSTEMPATH\Common.php(1176): CodeIgniter\View\View->render('/_partials/_recent', [], true)
 4 APPPATH\Controllers\Recent.php(35): view('/_partials/_recent', [...])
 5 SYSTEMPATH\CodeIgniter.php(932): App\Controllers\Recent->index()
 6 SYSTEMPATH\CodeIgniter.php(497): CodeIgniter\CodeIgniter->runController(Object(App\Controllers\Recent))
 7 SYSTEMPATH\CodeIgniter.php(366): CodeIgniter\CodeIgniter->handleRequest(null, Object(Config\Cache), false)
 8 FCPATH\index.php(67): CodeIgniter\CodeIgniter->run()
